instance rep algorithm time dynamic heuristic queue reduction polynomials monomials degree sreductions zeroreductions
cyclicn4 0 static 0.32 0.00 0.00 0.00 0.00 7 30 6 12 5
cyclicn4 1 static 0.02 0.00 0.00 0.00 0.00 7 30 6 12 5
cyclicn4 2 static 0.02 0.00 0.00 0.00 0.00 7 30 6 12 5
cyclicn4 3 static 0.02 0.00 0.00 0.00 0.00 7 30 6 12 5
cyclicn4 4 static 0.02 0.00 0.00 0.00 0.00 7 30 6 12 5
cyclicn4 5 static 0.02 0.00 0.00 0.00 0.00 7 30 6 12 5
cyclicn4 6 static 0.02 0.00 0.00 0.00 0.00 7 30 6 12 5
cyclicn4 7 static 0.01 0.00 0.00 0.00 0.00 7 30 6 12 5
cyclicn4 8 static 0.02 0.00 0.00 0.00 0.00 7 30 6 12 5
cyclicn4 9 static 0.03 0.00 0.00 0.01 0.01 7 30 6 12 5
cyclicn4 10 static 0.03 0.00 0.00 0.01 0.00 7 30 6 12 5
cyclicn4 11 static 0.03 0.00 0.00 0.01 0.00 7 30 6 12 5
cyclicn4 12 static 0.02 0.00 0.00 0.01 0.00 7 30 6 12 5
cyclicn4 13 static 0.02 0.00 0.00 0.01 0.00 7 30 6 12 5
cyclicn4 14 static 0.02 0.00 0.00 0.01 0.00 7 30 6 12 5
cyclicn4 15 static 0.01 0.00 0.00 0.00 0.00 7 30 6 12 5
cyclicn4 16 static 0.02 0.00 0.00 0.00 0.00 7 30 6 12 5
cyclicn4 17 static 0.01 0.00 0.00 0.00 0.00 7 30 6 12 5
cyclicn4 18 static 0.02 0.00 0.00 0.00 0.00 7 30 6 12 5
cyclicn4 19 static 0.01 0.00 0.00 0.00 0.00 7 30 6 12 5
cyclicn4 20 static 0.01 0.00 0.00 0.00 0.00 7 30 6 12 5
cyclicn4 21 static 0.02 0.00 0.00 0.01 0.00 7 30 6 12 5
cyclicn4 22 static 0.02 0.00 0.00 0.01 0.00 7 30 6 12 5
cyclicn4 23 static 0.02 0.00 0.00 0.00 0.00 7 30 6 12 5
cyclicn4 24 static 0.02 0.00 0.00 0.00 0.00 7 30 6 12 5
cyclicn4 25 static 0.02 0.00 0.00 0.00 0.00 7 30 6 12 5
cyclicn4 26 static 0.02 0.00 0.00 0.01 0.00 7 30 6 12 5
cyclicn4 27 static 0.02 0.00 0.00 0.00 0.00 7 30 6 12 5
cyclicn4 28 static 0.02 0.00 0.00 0.00 0.00 7 30 6 12 5
cyclicn4 29 static 0.03 0.00 0.00 0.01 0.00 7 30 6 12 5
cyclicnh4 0 static 0.03 0.00 0.00 0.01 0.00 7 30 6 12 5
cyclicnh4 1 static 0.02 0.00 0.00 0.00 0.00 7 30 6 12 5
cyclicnh4 2 static 0.02 0.00 0.00 0.00 0.00 7 30 6 12 5
cyclicnh4 3 static 0.02 0.00 0.00 0.01 0.00 7 30 6 12 5
cyclicnh4 4 static 0.02 0.00 0.00 0.00 0.00 7 30 6 12 5
cyclicnh4 5 static 0.02 0.00 0.00 0.01 0.00 7 30 6 12 5
cyclicnh4 6 static 0.02 0.00 0.00 0.01 0.00 7 30 6 12 5
cyclicnh4 7 static 0.02 0.00 0.00 0.01 0.00 7 30 6 12 5
cyclicnh4 8 static 0.02 0.00 0.00 0.00 0.00 7 30 6 12 5
cyclicnh4 9 static 0.02 0.00 0.00 0.00 0.00 7 30 6 12 5
cyclicnh4 10 static 0.02 0.00 0.00 0.00 0.00 7 30 6 12 5
cyclicnh4 11 static 0.02 0.00 0.00 0.00 0.00 7 30 6 12 5
cyclicnh4 12 static 0.02 0.00 0.00 0.00 0.00 7 30 6 12 5
cyclicnh4 13 static 0.02 0.00 0.00 0.00 0.00 7 30 6 12 5
cyclicnh4 14 static 0.02 0.00 0.00 0.00 0.00 7 30 6 12 5
cyclicnh4 15 static 0.02 0.00 0.00 0.00 0.00 7 30 6 12 5
cyclicnh4 16 static 0.02 0.00 0.00 0.00 0.00 7 30 6 12 5
cyclicnh4 17 static 0.02 0.00 0.00 0.00 0.00 7 30 6 12 5
cyclicnh4 18 static 0.02 0.00 0.00 0.00 0.00 7 30 6 12 5
cyclicnh4 19 static 0.02 0.00 0.00 0.00 0.00 7 30 6 12 5
cyclicnh4 20 static 0.02 0.00 0.00 0.00 0.00 7 30 6 12 5
cyclicnh4 21 static 0.02 0.00 0.00 0.00 0.00 7 30 6 12 5
cyclicnh4 22 static 0.02 0.00 0.00 0.01 0.00 7 30 6 12 5
cyclicnh4 23 static 0.01 0.00 0.00 0.00 0.00 7 30 6 12 5
cyclicnh4 24 static 0.03 0.00 0.00 0.01 0.00 7 30 6 12 5
cyclicnh4 25 static 0.02 0.00 0.00 0.00 0.00 7 30 6 12 5
cyclicnh4 26 static 0.02 0.00 0.00 0.01 0.00 7 30 6 12 5
cyclicnh4 27 static 0.02 0.00 0.00 0.00 0.00 7 30 6 12 5
cyclicnh4 28 static 0.02 0.00 0.00 0.01 0.00 7 30 6 12 5
cyclicnh4 29 static 0.02 0.00 0.00 0.00 0.00 7 30 6 12 5
cyclicn5 0 static 0.66 0.00 0.00 0.26 0.36 20 232 8 113 75
cyclicn5 1 static 0.60 0.00 0.00 0.23 0.33 20 232 8 113 75
cyclicn5 2 static 0.50 0.00 0.00 0.18 0.28 20 232 8 113 75
cyclicn5 3 static 0.47 0.00 0.00 0.19 0.25 20 232 8 113 75
cyclicn5 4 static 0.43 0.00 0.00 0.18 0.22 20 232 8 113 75
cyclicn5 5 static 0.51 0.00 0.00 0.21 0.26 20 232 8 113 75
cyclicn5 6 static 0.49 0.00 0.00 0.18 0.26 20 232 8 113 75
cyclicn5 7 static 0.54 0.00 0.00 0.21 0.29 20 232 8 113 75
cyclicn5 8 static 0.48 0.00 0.00 0.19 0.25 20 232 8 113 75
cyclicn5 9 static 0.50 0.00 0.00 0.20 0.26 20 232 8 113 75
cyclicn5 10 static 0.48 0.00 0.00 0.19 0.26 20 232 8 113 75
cyclicn5 11 static 0.47 0.00 0.00 0.18 0.25 20 232 8 113 75
cyclicn5 12 static 0.47 0.00 0.00 0.19 0.25 20 232 8 113 75
cyclicn5 13 static 0.47 0.00 0.00 0.17 0.26 20 232 8 113 75
cyclicn5 14 static 0.46 0.00 0.00 0.18 0.25 20 232 8 113 75
cyclicn5 15 static 0.50 0.00 0.00 0.19 0.27 20 232 8 113 75
cyclicn5 16 static 0.47 0.00 0.00 0.18 0.26 20 232 8 113 75
cyclicn5 17 static 0.48 0.00 0.00 0.19 0.26 20 232 8 113 75
cyclicn5 18 static 0.61 0.00 0.00 0.23 0.34 20 232 8 113 75
cyclicn5 19 static 0.47 0.00 0.00 0.18 0.25 20 232 8 113 75
cyclicn5 20 static 0.47 0.00 0.00 0.19 0.24 20 232 8 113 75
cyclicn5 21 static 0.48 0.00 0.00 0.18 0.26 20 232 8 113 75
cyclicn5 22 static 0.62 0.00 0.00 0.23 0.34 20 232 8 113 75
cyclicn5 23 static 0.64 0.00 0.00 0.24 0.35 20 232 8 113 75
cyclicn5 24 static 0.57 0.00 0.00 0.22 0.31 20 232 8 113 75
cyclicn5 25 static 0.61 0.00 0.00 0.24 0.33 20 232 8 113 75
cyclicn5 26 static 0.62 0.00 0.00 0.25 0.33 20 232 8 113 75
cyclicn5 27 static 0.58 0.00 0.00 0.22 0.32 20 232 8 113 75
cyclicn5 28 static 0.70 0.00 0.00 0.26 0.40 20 232 8 113 75
cyclicn5 29 static 0.64 0.00 0.00 0.24 0.36 20 232 8 113 75
cyclicnh5 0 static 0.50 0.00 0.00 0.19 0.27 38 538 13 113 75
cyclicnh5 1 static 0.46 0.00 0.00 0.18 0.24 38 538 13 113 75
cyclicnh5 2 static 0.44 0.00 0.00 0.16 0.24 38 538 13 113 75
cyclicnh5 3 static 0.40 0.00 0.00 0.15 0.22 38 538 13 113 75
cyclicnh5 4 static 0.41 0.00 0.00 0.16 0.22 38 538 13 113 75
cyclicnh5 5 static 0.43 0.00 0.00 0.17 0.23 38 538 13 113 75
cyclicnh5 6 static 0.43 0.00 0.00 0.16 0.25 38 538 13 113 75
cyclicnh5 7 static 0.43 0.00 0.00 0.16 0.24 38 538 13 113 75
cyclicnh5 8 static 0.42 0.00 0.00 0.16 0.23 38 538 13 113 75
cyclicnh5 9 static 0.41 0.00 0.00 0.16 0.22 38 538 13 113 75
cyclicnh5 10 static 0.39 0.00 0.00 0.15 0.21 38 538 13 113 75
cyclicnh5 11 static 0.42 0.00 0.00 0.18 0.21 38 538 13 113 75
cyclicnh5 12 static 0.40 0.00 0.00 0.15 0.22 38 538 13 113 75
cyclicnh5 13 static 0.41 0.00 0.00 0.16 0.22 38 538 13 113 75
cyclicnh5 14 static 0.45 0.00 0.00 0.16 0.26 38 538 13 113 75
cyclicnh5 15 static 0.41 0.00 0.00 0.16 0.23 38 538 13 113 75
cyclicnh5 16 static 0.44 0.00 0.00 0.17 0.24 38 538 13 113 75
cyclicnh5 17 static 0.43 0.00 0.00 0.17 0.23 38 538 13 113 75
cyclicnh5 18 static 0.49 0.00 0.00 0.19 0.27 38 538 13 113 75
cyclicnh5 19 static 0.52 0.00 0.00 0.21 0.27 38 538 13 113 75
cyclicnh5 20 static 0.56 0.00 0.00 0.20 0.32 38 538 13 113 75
cyclicnh5 21 static 0.49 0.00 0.00 0.19 0.26 38 538 13 113 75
cyclicnh5 22 static 0.50 0.00 0.00 0.19 0.28 38 538 13 113 75
cyclicnh5 23 static 0.51 0.00 0.00 0.20 0.28 38 538 13 113 75
cyclicnh5 24 static 0.51 0.00 0.00 0.19 0.28 38 538 13 113 75
cyclicnh5 25 static 0.49 0.00 0.00 0.18 0.28 38 538 13 113 75
cyclicnh5 26 static 0.51 0.00 0.00 0.19 0.29 38 538 13 113 75
cyclicnh5 27 static 0.50 0.00 0.00 0.20 0.27 38 538 13 113 75
cyclicnh5 28 static 0.51 0.00 0.00 0.20 0.27 38 538 13 113 75
cyclicnh5 29 static 0.45 0.00 0.00 0.17 0.25 38 538 13 113 75
cyclicn6 0 static 6.99 0.00 0.00 1.70 5.18 45 1135 9 354 255
cyclicn6 1 static 8.16 0.00 0.00 2.07 5.98 45 1135 9 354 255
cyclicn6 2 static 9.00 0.00 0.00 2.23 6.65 45 1135 9 354 255
cyclicn6 3 static 8.70 0.00 0.00 2.09 6.48 45 1135 9 354 255
cyclicn6 4 static 8.53 0.00 0.00 2.17 6.24 45 1135 9 354 255
cyclicn6 5 static 8.96 0.00 0.00 2.30 6.53 45 1135 9 354 255
cyclicn6 6 static 9.18 0.00 0.00 2.25 6.81 45 1135 9 354 255
cyclicn6 7 static 8.99 0.00 0.00 2.04 6.83 45 1135 9 354 255
cyclicn6 8 static 9.03 0.00 0.00 2.31 6.60 45 1135 9 354 255
cyclicn6 9 static 9.05 0.00 0.00 2.23 6.70 45 1135 9 354 255
cyclicn6 10 static 9.74 0.00 0.00 2.42 7.19 45 1135 9 354 255
cyclicn6 11 static 9.49 0.00 0.00 2.31 7.06 45 1135 9 354 255
cyclicn6 12 static 8.39 0.00 0.00 1.99 6.28 45 1135 9 354 255
cyclicn6 13 static 8.78 0.00 0.00 2.18 6.48 45 1135 9 354 255
cyclicn6 14 static 9.04 0.00 0.00 2.27 6.65 45 1135 9 354 255
cyclicn6 15 static 8.97 0.00 0.00 2.19 6.66 45 1135 9 354 255
cyclicn6 16 static 8.54 0.00 0.00 2.10 6.32 45 1135 9 354 255
cyclicn6 17 static 8.70 0.00 0.00 2.21 6.38 45 1135 9 354 255
cyclicn6 18 static 9.16 0.00 0.00 2.18 6.85 45 1135 9 354 255
cyclicn6 19 static 9.01 0.00 0.00 2.12 6.77 45 1135 9 354 255
cyclicn6 20 static 8.31 0.00 0.00 2.04 6.15 45 1135 9 354 255
cyclicn6 21 static 8.85 0.00 0.00 2.23 6.50 45 1135 9 354 255
cyclicn6 22 static 9.31 0.00 0.00 2.40 6.79 45 1135 9 354 255
cyclicn6 23 static 9.92 0.00 0.00 2.32 7.47 45 1135 9 354 255
cyclicn6 24 static 8.86 0.00 0.00 2.18 6.57 45 1135 9 354 255
cyclicn6 25 static 8.32 0.00 0.00 2.14 6.06 45 1135 9 354 255
cyclicn6 26 static 8.70 0.00 0.00 2.11 6.48 45 1135 9 354 255
cyclicn6 27 static 8.79 0.00 0.00 2.19 6.49 45 1135 9 354 255
cyclicn6 28 static 8.96 0.00 0.00 2.12 6.72 45 1135 9 354 255
cyclicn6 29 static 9.74 0.00 0.00 2.42 7.18 45 1135 9 354 255
cyclicnh6 0 static 9.76 0.00 0.00 2.19 7.43 99 3502 15 389 290
cyclicnh6 1 static 10.14 0.00 0.00 2.37 7.63 99 3502 15 389 290
cyclicnh6 2 static 9.86 0.00 0.00 2.15 7.57 99 3502 15 389 290
cyclicnh6 3 static 9.38 0.00 0.00 2.04 7.21 99 3502 15 389 290
cyclicnh6 4 static 10.66 0.00 0.00 2.40 8.11 99 3502 15 389 290
cyclicnh6 5 static 9.33 0.00 0.00 2.15 7.04 99 3502 15 389 290
cyclicnh6 6 static 9.82 0.00 0.00 2.24 7.43 99 3502 15 389 290
cyclicnh6 7 static 9.69 0.00 0.00 2.13 7.42 99 3502 15 389 290
cyclicnh6 8 static 9.93 0.00 0.00 2.15 7.64 99 3502 15 389 290
cyclicnh6 9 static 9.18 0.00 0.00 2.02 7.03 99 3502 15 389 290
cyclicnh6 10 static 9.46 0.00 0.00 2.18 7.13 99 3502 15 389 290
cyclicnh6 11 static 9.72 0.00 0.00 2.27 7.30 99 3502 15 389 290
cyclicnh6 12 static 9.49 0.00 0.00 2.23 7.12 99 3502 15 389 290
cyclicnh6 13 static 9.23 0.00 0.00 2.15 6.95 99 3502 15 389 290
cyclicnh6 14 static 9.66 0.00 0.00 2.23 7.29 99 3502 15 389 290
cyclicnh6 15 static 9.27 0.00 0.00 2.23 6.92 99 3502 15 389 290
cyclicnh6 16 static 10.16 0.00 0.00 2.29 7.73 99 3502 15 389 290
cyclicnh6 17 static 9.85 0.00 0.00 2.25 7.46 99 3502 15 389 290
cyclicnh6 18 static 9.85 0.00 0.00 2.14 7.56 99 3502 15 389 290
cyclicnh6 19 static 9.38 0.00 0.00 2.03 7.22 99 3502 15 389 290
cyclicnh6 20 static 10.35 0.00 0.00 2.23 7.96 99 3502 15 389 290
cyclicnh6 21 static 9.75 0.00 0.00 2.22 7.40 99 3502 15 389 290
cyclicnh6 22 static 10.13 0.00 0.00 2.28 7.71 99 3502 15 389 290
cyclicnh6 23 static 9.76 0.00 0.00 2.23 7.39 99 3502 15 389 290
cyclicnh6 24 static 10.50 0.00 0.00 2.41 7.94 99 3502 15 389 290
cyclicnh6 25 static 9.36 0.00 0.00 2.06 7.16 99 3502 15 389 290
cyclicnh6 26 static 9.99 0.00 0.00 2.23 7.61 99 3502 15 389 290
cyclicnh6 27 static 9.95 0.00 0.00 2.42 7.38 99 3502 15 389 290
cyclicnh6 28 static 11.45 0.00 0.00 2.64 8.65 99 3502 15 389 290
cyclicnh6 29 static 9.92 0.00 0.00 2.24 7.55 99 3502 15 389 290
katsuran4 0 static 0.02 0.00 0.00 0.00 0.00 7 49 4 12 5
katsuran4 1 static 0.02 0.00 0.00 0.00 0.01 7 49 4 12 5
katsuran4 2 static 0.02 0.00 0.00 0.01 0.01 7 49 4 12 5
katsuran4 3 static 0.02 0.00 0.00 0.00 0.00 7 49 4 12 5
katsuran4 4 static 0.02 0.00 0.00 0.00 0.01 7 49 4 12 5
katsuran4 5 static 0.02 0.00 0.00 0.01 0.01 7 49 4 12 5
katsuran4 6 static 0.02 0.00 0.00 0.00 0.01 7 49 4 12 5
katsuran4 7 static 0.02 0.00 0.00 0.00 0.01 7 49 4 12 5
katsuran4 8 static 0.02 0.00 0.00 0.00 0.01 7 49 4 12 5
katsuran4 9 static 0.02 0.00 0.00 0.00 0.01 7 49 4 12 5
katsuran4 10 static 0.02 0.00 0.00 0.01 0.01 7 49 4 12 5
katsuran4 11 static 0.02 0.00 0.00 0.00 0.01 7 49 4 12 5
katsuran4 12 static 0.02 0.00 0.00 0.00 0.01 7 49 4 12 5
katsuran4 13 static 0.02 0.00 0.00 0.00 0.01 7 49 4 12 5
katsuran4 14 static 0.02 0.00 0.00 0.00 0.01 7 49 4 12 5
katsuran4 15 static 0.02 0.00 0.00 0.00 0.01 7 49 4 12 5
katsuran4 16 static 0.02 0.00 0.00 0.00 0.01 7 49 4 12 5
katsuran4 17 static 0.02 0.00 0.00 0.01 0.01 7 49 4 12 5
katsuran4 18 static 0.02 0.00 0.00 0.00 0.01 7 49 4 12 5
katsuran4 19 static 0.02 0.00 0.00 0.00 0.01 7 49 4 12 5
katsuran4 20 static 0.02 0.00 0.00 0.01 0.01 7 49 4 12 5
katsuran4 21 static 0.02 0.00 0.00 0.00 0.01 7 49 4 12 5
katsuran4 22 static 0.02 0.00 0.00 0.01 0.01 7 49 4 12 5
katsuran4 23 static 0.02 0.00 0.00 0.00 0.01 7 49 4 12 5
katsuran4 24 static 0.02 0.00 0.00 0.00 0.01 7 49 4 12 5
katsuran4 25 static 0.02 0.00 0.00 0.01 0.01 7 49 4 12 5
katsuran4 26 static 0.02 0.00 0.00 0.00 0.01 7 49 4 12 5
katsuran4 27 static 0.02 0.00 0.00 0.00 0.01 7 49 4 12 5
katsuran4 28 static 0.02 0.00 0.00 0.01 0.01 7 49 4 12 5
katsuran4 29 static 0.02 0.00 0.00 0.00 0.00 7 49 4 12 5
katsuranh4 0 static 0.02 0.00 0.00 0.00 0.00 7 49 4 12 5
katsuranh4 1 static 0.02 0.00 0.00 0.00 0.00 7 49 4 12 5
katsuranh4 2 static 0.02 0.00 0.00 0.00 0.01 7 49 4 12 5
katsuranh4 3 static 0.02 0.00 0.00 0.01 0.01 7 49 4 12 5
katsuranh4 4 static 0.02 0.00 0.00 0.00 0.00 7 49 4 12 5
katsuranh4 5 static 0.02 0.00 0.00 0.00 0.01 7 49 4 12 5
katsuranh4 6 static 0.02 0.00 0.00 0.00 0.01 7 49 4 12 5
katsuranh4 7 static 0.02 0.00 0.00 0.00 0.01 7 49 4 12 5
katsuranh4 8 static 0.03 0.00 0.00 0.01 0.01 7 49 4 12 5
katsuranh4 9 static 0.03 0.00 0.00 0.01 0.01 7 49 4 12 5
katsuranh4 10 static 0.03 0.00 0.00 0.01 0.01 7 49 4 12 5
katsuranh4 11 static 0.03 0.00 0.00 0.01 0.01 7 49 4 12 5
katsuranh4 12 static 0.03 0.00 0.00 0.00 0.01 7 49 4 12 5
katsuranh4 13 static 0.03 0.00 0.00 0.01 0.01 7 49 4 12 5
katsuranh4 14 static 0.02 0.00 0.00 0.00 0.01 7 49 4 12 5
katsuranh4 15 static 0.02 0.00 0.00 0.01 0.01 7 49 4 12 5
katsuranh4 16 static 0.02 0.00 0.00 0.00 0.00 7 49 4 12 5
katsuranh4 17 static 0.02 0.00 0.00 0.00 0.00 7 49 4 12 5
katsuranh4 18 static 0.03 0.00 0.00 0.00 0.01 7 49 4 12 5
katsuranh4 19 static 0.02 0.00 0.00 0.00 0.01 7 49 4 12 5
katsuranh4 20 static 0.02 0.00 0.00 0.00 0.00 7 49 4 12 5
katsuranh4 21 static 0.02 0.00 0.00 0.00 0.00 7 49 4 12 5
katsuranh4 22 static 0.03 0.00 0.00 0.01 0.01 7 49 4 12 5
katsuranh4 23 static 0.02 0.00 0.00 0.00 0.00 7 49 4 12 5
katsuranh4 24 static 0.02 0.00 0.00 0.00 0.01 7 49 4 12 5
katsuranh4 25 static 0.02 0.00 0.00 0.01 0.01 7 49 4 12 5
katsuranh4 26 static 0.03 0.00 0.00 0.01 0.01 7 49 4 12 5
katsuranh4 27 static 0.02 0.00 0.00 0.00 0.01 7 49 4 12 5
katsuranh4 28 static 0.02 0.00 0.00 0.00 0.01 7 49 4 12 5
katsuranh4 29 static 0.03 0.00 0.00 0.00 0.01 7 49 4 12 5
katsuran5 0 static 0.07 0.00 0.00 0.02 0.04 13 168 5 31 18
katsuran5 1 static 0.08 0.00 0.00 0.01 0.05 13 168 5 31 18
katsuran5 2 static 0.09 0.00 0.00 0.03 0.05 13 168 5 31 18
katsuran5 3 static 0.07 0.00 0.00 0.02 0.04 13 168 5 31 18
katsuran5 4 static 0.08 0.00 0.00 0.02 0.05 13 168 5 31 18
katsuran5 5 static 0.13 0.00 0.00 0.03 0.08 13 168 5 31 18
katsuran5 6 static 0.08 0.00 0.00 0.02 0.05 13 168 5 31 18
katsuran5 7 static 0.08 0.00 0.00 0.02 0.05 13 168 5 31 18
katsuran5 8 static 0.08 0.00 0.00 0.02 0.05 13 168 5 31 18
katsuran5 9 static 0.09 0.00 0.00 0.02 0.06 13 168 5 31 18
katsuran5 10 static 0.09 0.00 0.00 0.02 0.05 13 168 5 31 18
katsuran5 11 static 0.08 0.00 0.00 0.02 0.04 13 168 5 31 18
katsuran5 12 static 0.06 0.00 0.00 0.01 0.04 13 168 5 31 18
katsuran5 13 static 0.08 0.00 0.00 0.02 0.04 13 168 5 31 18
katsuran5 14 static 0.08 0.00 0.00 0.02 0.04 13 168 5 31 18
katsuran5 15 static 0.07 0.00 0.00 0.02 0.04 13 168 5 31 18
katsuran5 16 static 0.07 0.00 0.00 0.02 0.04 13 168 5 31 18
katsuran5 17 static 0.09 0.00 0.00 0.02 0.05 13 168 5 31 18
katsuran5 18 static 0.12 0.00 0.00 0.03 0.07 13 168 5 31 18
katsuran5 19 static 0.12 0.00 0.00 0.03 0.07 13 168 5 31 18
katsuran5 20 static 0.13 0.00 0.00 0.03 0.07 13 168 5 31 18
katsuran5 21 static 0.09 0.00 0.00 0.02 0.06 13 168 5 31 18
katsuran5 22 static 0.09 0.00 0.00 0.02 0.05 13 168 5 31 18
katsuran5 23 static 0.09 0.00 0.00 0.02 0.06 13 168 5 31 18
katsuran5 24 static 0.08 0.00 0.00 0.02 0.04 13 168 5 31 18
katsuran5 25 static 0.09 0.00 0.00 0.02 0.05 13 168 5 31 18
katsuran5 26 static 0.09 0.00 0.00 0.02 0.05 13 168 5 31 18
katsuran5 27 static 0.11 0.00 0.00 0.02 0.07 13 168 5 31 18
katsuran5 28 static 0.10 0.00 0.00 0.02 0.06 13 168 5 31 18
katsuran5 29 static 0.10 0.00 0.00 0.02 0.06 13 168 5 31 18
katsuranh5 0 static 0.11 0.00 0.00 0.02 0.07 13 168 5 31 18
katsuranh5 1 static 0.09 0.00 0.00 0.02 0.05 13 168 5 31 18
katsuranh5 2 static 0.10 0.00 0.00 0.02 0.06 13 168 5 31 18
katsuranh5 3 static 0.09 0.00 0.00 0.02 0.05 13 168 5 31 18
katsuranh5 4 static 0.10 0.00 0.00 0.02 0.06 13 168 5 31 18
katsuranh5 5 static 0.09 0.00 0.00 0.02 0.05 13 168 5 31 18
katsuranh5 6 static 0.11 0.00 0.00 0.02 0.06 13 168 5 31 18
katsuranh5 7 static 0.13 0.00 0.00 0.03 0.07 13 168 5 31 18
katsuranh5 8 static 0.10 0.00 0.00 0.02 0.05 13 168 5 31 18
katsuranh5 9 static 0.13 0.00 0.00 0.03 0.08 13 168 5 31 18
katsuranh5 10 static 0.10 0.00 0.00 0.02 0.05 13 168 5 31 18
katsuranh5 11 static 0.13 0.00 0.00 0.03 0.08 13 168 5 31 18
katsuranh5 12 static 0.10 0.00 0.00 0.02 0.05 13 168 5 31 18
katsuranh5 13 static 0.11 0.00 0.00 0.02 0.06 13 168 5 31 18
katsuranh5 14 static 0.09 0.00 0.00 0.02 0.05 13 168 5 31 18
katsuranh5 15 static 0.10 0.00 0.00 0.02 0.06 13 168 5 31 18
katsuranh5 16 static 0.10 0.00 0.00 0.02 0.06 13 168 5 31 18
katsuranh5 17 static 0.11 0.00 0.00 0.02 0.07 13 168 5 31 18
katsuranh5 18 static 0.11 0.00 0.00 0.03 0.06 13 168 5 31 18
katsuranh5 19 static 0.11 0.00 0.00 0.03 0.07 13 168 5 31 18
katsuranh5 20 static 0.13 0.00 0.00 0.03 0.08 13 168 5 31 18
katsuranh5 21 static 0.10 0.00 0.00 0.02 0.06 13 168 5 31 18
katsuranh5 22 static 0.09 0.00 0.00 0.02 0.05 13 168 5 31 18
katsuranh5 23 static 0.11 0.00 0.00 0.03 0.06 13 168 5 31 18
katsuranh5 24 static 0.10 0.00 0.00 0.02 0.05 13 168 5 31 18
katsuranh5 25 static 0.09 0.00 0.00 0.02 0.06 13 168 5 31 18
katsuranh5 26 static 0.16 0.00 0.00 0.04 0.09 13 168 5 31 18
katsuranh5 27 static 0.12 0.00 0.00 0.03 0.07 13 168 5 31 18
katsuranh5 28 static 0.13 0.00 0.00 0.03 0.08 13 168 5 31 18
katsuranh5 29 static 0.11 0.00 0.00 0.02 0.07 13 168 5 31 18
katsuran6 0 static 0.55 0.00 0.00 0.09 0.42 22 528 6 70 48
katsuran6 1 static 0.66 0.00 0.00 0.10 0.51 22 528 6 70 48
katsuran6 2 static 0.57 0.00 0.00 0.09 0.44 22 528 6 70 48
katsuran6 3 static 0.47 0.00 0.00 0.08 0.37 22 528 6 70 48
katsuran6 4 static 0.51 0.00 0.00 0.08 0.40 22 528 6 70 48
katsuran6 5 static 0.45 0.00 0.00 0.09 0.33 22 528 6 70 48
katsuran6 6 static 0.45 0.00 0.00 0.06 0.36 22 528 6 70 48
katsuran6 7 static 0.41 0.00 0.00 0.06 0.33 22 528 6 70 48
katsuran6 8 static 0.41 0.00 0.00 0.08 0.31 22 528 6 70 48
katsuran6 9 static 0.46 0.00 0.00 0.08 0.35 22 528 6 70 48
katsuran6 10 static 0.39 0.00 0.00 0.07 0.29 22 528 6 70 48
katsuran6 11 static 0.45 0.00 0.00 0.06 0.36 22 528 6 70 48
katsuran6 12 static 0.41 0.00 0.00 0.07 0.31 22 528 6 70 48
katsuran6 13 static 0.43 0.00 0.00 0.07 0.33 22 528 6 70 48
katsuran6 14 static 0.41 0.00 0.00 0.07 0.31 22 528 6 70 48
katsuran6 15 static 0.43 0.00 0.00 0.06 0.34 22 528 6 70 48
katsuran6 16 static 0.42 0.00 0.00 0.07 0.32 22 528 6 70 48
katsuran6 17 static 0.43 0.00 0.00 0.07 0.33 22 528 6 70 48
katsuran6 18 static 0.51 0.00 0.00 0.09 0.39 22 528 6 70 48
katsuran6 19 static 0.47 0.00 0.00 0.08 0.36 22 528 6 70 48
katsuran6 20 static 0.55 0.00 0.00 0.09 0.43 22 528 6 70 48
katsuran6 21 static 0.51 0.00 0.00 0.08 0.39 22 528 6 70 48
katsuran6 22 static 0.60 0.00 0.00 0.08 0.48 22 528 6 70 48
katsuran6 23 static 0.61 0.00 0.00 0.10 0.46 22 528 6 70 48
katsuran6 24 static 0.58 0.00 0.00 0.11 0.43 22 528 6 70 48
katsuran6 25 static 0.49 0.00 0.00 0.07 0.39 22 528 6 70 48
katsuran6 26 static 0.48 0.00 0.00 0.08 0.37 22 528 6 70 48
katsuran6 27 static 0.44 0.00 0.00 0.06 0.34 22 528 6 70 48
katsuran6 28 static 0.43 0.00 0.00 0.07 0.33 22 528 6 70 48
katsuran6 29 static 0.39 0.00 0.00 0.06 0.30 22 528 6 70 48
katsuranh6 0 static 0.40 0.00 0.00 0.06 0.31 22 528 6 70 48
katsuranh6 1 static 0.39 0.00 0.00 0.07 0.29 22 528 6 70 48
katsuranh6 2 static 0.44 0.00 0.00 0.07 0.35 22 528 6 70 48
katsuranh6 3 static 0.41 0.00 0.00 0.07 0.31 22 528 6 70 48
katsuranh6 4 static 0.37 0.00 0.00 0.07 0.28 22 528 6 70 48
katsuranh6 5 static 0.46 0.00 0.00 0.08 0.35 22 528 6 70 48
katsuranh6 6 static 0.45 0.00 0.00 0.06 0.35 22 528 6 70 48
katsuranh6 7 static 0.65 0.00 0.00 0.11 0.50 22 528 6 70 48
katsuranh6 8 static 0.56 0.00 0.00 0.08 0.43 22 528 6 70 48
katsuranh6 9 static 0.52 0.00 0.00 0.10 0.38 22 528 6 70 48
katsuranh6 10 static 0.53 0.00 0.00 0.08 0.42 22 528 6 70 48
katsuranh6 11 static 0.61 0.00 0.00 0.11 0.47 22 528 6 70 48
katsuranh6 12 static 0.51 0.00 0.00 0.07 0.40 22 528 6 70 48
katsuranh6 13 static 0.51 0.00 0.00 0.09 0.39 22 528 6 70 48
katsuranh6 14 static 0.56 0.00 0.00 0.08 0.44 22 528 6 70 48
katsuranh6 15 static 0.55 0.00 0.00 0.09 0.42 22 528 6 70 48
katsuranh6 16 static 0.58 0.00 0.00 0.10 0.44 22 528 6 70 48
katsuranh6 17 static 0.48 0.00 0.00 0.09 0.36 22 528 6 70 48
katsuranh6 18 static 0.53 0.00 0.00 0.09 0.41 22 528 6 70 48
katsuranh6 19 static 0.49 0.00 0.00 0.08 0.38 22 528 6 70 48
katsuranh6 20 static 0.53 0.00 0.00 0.09 0.41 22 528 6 70 48
katsuranh6 21 static 0.40 0.00 0.00 0.06 0.32 22 528 6 70 48
katsuranh6 22 static 0.42 0.00 0.00 0.07 0.33 22 528 6 70 48
katsuranh6 23 static 0.40 0.00 0.00 0.07 0.30 22 528 6 70 48
katsuranh6 24 static 0.46 0.00 0.00 0.07 0.36 22 528 6 70 48
katsuranh6 25 static 0.45 0.00 0.00 0.09 0.33 22 528 6 70 48
katsuranh6 26 static 0.40 0.00 0.00 0.06 0.31 22 528 6 70 48
katsuranh6 27 static 0.58 0.00 0.00 0.09 0.45 22 528 6 70 48
katsuranh6 28 static 0.43 0.00 0.00 0.07 0.33 22 528 6 70 48
katsuranh6 29 static 0.55 0.00 0.00 0.09 0.43 22 528 6 70 48
cyclicn4 0 caboara-perry 0.13 0.10 0.08 0.00 0.01 5 21 5 8 3
cyclicn4 1 caboara-perry 0.09 0.08 0.06 0.00 0.00 5 21 5 8 3
cyclicn4 2 caboara-perry 0.09 0.07 0.05 0.00 0.00 5 21 5 8 3
cyclicn4 3 caboara-perry 0.09 0.08 0.06 0.00 0.00 5 21 5 8 3
cyclicn4 4 caboara-perry 0.12 0.10 0.08 0.01 0.00 5 21 5 8 3
cyclicn4 5 caboara-perry 0.12 0.10 0.08 0.01 0.00 5 21 5 8 3
cyclicn4 6 caboara-perry 0.13 0.10 0.08 0.01 0.00 5 21 5 8 3
cyclicn4 7 caboara-perry 0.12 0.09 0.07 0.00 0.00 5 21 5 8 3
cyclicn4 8 caboara-perry 0.12 0.09 0.07 0.00 0.00 5 21 5 8 3
cyclicn4 9 caboara-perry 0.10 0.08 0.06 0.00 0.00 5 21 5 8 3
cyclicn4 10 caboara-perry 0.09 0.07 0.06 0.00 0.00 5 21 5 8 3
cyclicn4 11 caboara-perry 0.10 0.08 0.06 0.00 0.00 5 21 5 8 3
cyclicn4 12 caboara-perry 0.10 0.08 0.06 0.00 0.00 5 21 5 8 3
cyclicn4 13 caboara-perry 0.10 0.08 0.07 0.00 0.00 5 21 5 8 3
cyclicn4 14 caboara-perry 0.10 0.08 0.06 0.00 0.00 5 21 5 8 3
cyclicn4 15 caboara-perry 0.09 0.07 0.06 0.00 0.00 5 21 5 8 3
cyclicn4 16 caboara-perry 0.08 0.07 0.06 0.00 0.00 5 21 5 8 3
cyclicn4 17 caboara-perry 0.09 0.07 0.06 0.00 0.00 5 21 5 8 3
cyclicn4 18 caboara-perry 0.10 0.08 0.06 0.00 0.00 5 21 5 8 3
cyclicn4 19 caboara-perry 0.11 0.09 0.07 0.00 0.00 5 21 5 8 3
cyclicn4 20 caboara-perry 0.12 0.09 0.07 0.01 0.00 5 21 5 8 3
cyclicn4 21 caboara-perry 0.10 0.08 0.07 0.00 0.00 5 21 5 8 3
cyclicn4 22 caboara-perry 0.09 0.08 0.06 0.00 0.00 5 21 5 8 3
cyclicn4 23 caboara-perry 0.11 0.09 0.07 0.00 0.00 5 21 5 8 3
cyclicn4 24 caboara-perry 0.11 0.09 0.07 0.00 0.00 5 21 5 8 3
cyclicn4 25 caboara-perry 0.11 0.08 0.07 0.00 0.00 5 21 5 8 3
cyclicn4 26 caboara-perry 0.12 0.09 0.07 0.01 0.00 5 21 5 8 3
cyclicn4 27 caboara-perry 0.10 0.08 0.06 0.00 0.00 5 21 5 8 3
cyclicn4 28 caboara-perry 0.10 0.08 0.06 0.00 0.00 5 21 5 8 3
cyclicn4 29 caboara-perry 0.10 0.08 0.06 0.00 0.00 5 21 5 8 3
cyclicnh4 0 caboara-perry 0.15 0.11 0.08 0.01 0.01 5 21 5 8 3
cyclicnh4 1 caboara-perry 0.13 0.11 0.08 0.00 0.00 5 21 5 8 3
cyclicnh4 2 caboara-perry 0.17 0.14 0.10 0.00 0.00 5 21 5 8 3
cyclicnh4 3 caboara-perry 0.14 0.12 0.09 0.00 0.00 5 21 5 8 3
cyclicnh4 4 caboara-perry 0.16 0.14 0.11 0.01 0.00 5 21 5 8 3
cyclicnh4 5 caboara-perry 0.15 0.12 0.09 0.01 0.00 5 21 5 8 3
cyclicnh4 6 caboara-perry 0.13 0.10 0.08 0.00 0.00 5 21 5 8 3
cyclicnh4 7 caboara-perry 0.13 0.11 0.09 0.00 0.00 5 21 5 8 3
cyclicnh4 8 caboara-perry 0.16 0.13 0.10 0.01 0.00 5 21 5 8 3
cyclicnh4 9 caboara-perry 0.18 0.15 0.11 0.01 0.00 5 21 5 8 3
cyclicnh4 10 caboara-perry 0.16 0.13 0.10 0.00 0.00 5 21 5 8 3
cyclicnh4 11 caboara-perry 0.16 0.14 0.10 0.01 0.00 5 21 5 8 3
cyclicnh4 12 caboara-perry 0.14 0.11 0.08 0.01 0.00 5 21 5 8 3
cyclicnh4 13 caboara-perry 0.15 0.13 0.09 0.01 0.00 5 21 5 8 3
cyclicnh4 14 caboara-perry 0.16 0.13 0.09 0.01 0.00 5 21 5 8 3
cyclicnh4 15 caboara-perry 0.16 0.13 0.10 0.01 0.00 5 21 5 8 3
cyclicnh4 16 caboara-perry 0.14 0.12 0.09 0.00 0.00 5 21 5 8 3
cyclicnh4 17 caboara-perry 0.14 0.12 0.09 0.00 0.00 5 21 5 8 3
cyclicnh4 18 caboara-perry 0.15 0.12 0.09 0.01 0.00 5 21 5 8 3
cyclicnh4 19 caboara-perry 0.15 0.12 0.09 0.01 0.00 5 21 5 8 3
cyclicnh4 20 caboara-perry 0.15 0.12 0.09 0.00 0.00 5 21 5 8 3
cyclicnh4 21 caboara-perry 0.13 0.11 0.08 0.00 0.00 5 21 5 8 3
cyclicnh4 22 caboara-perry 0.15 0.12 0.09 0.01 0.00 5 21 5 8 3
cyclicnh4 23 caboara-perry 0.14 0.12 0.09 0.00 0.00 5 21 5 8 3
cyclicnh4 24 caboara-perry 0.13 0.11 0.08 0.00 0.00 5 21 5 8 3
cyclicnh4 25 caboara-perry 0.15 0.12 0.09 0.00 0.00 5 21 5 8 3
cyclicnh4 26 caboara-perry 0.12 0.11 0.08 0.00 0.00 5 21 5 8 3
cyclicnh4 27 caboara-perry 0.12 0.10 0.08 0.00 0.00 5 21 5 8 3
cyclicnh4 28 caboara-perry 0.11 0.09 0.07 0.00 0.00 5 21 5 8 3
cyclicnh4 29 caboara-perry 0.14 0.11 0.08 0.00 0.00 5 21 5 8 3
cyclicn5 0 caboara-perry 1.09 0.45 0.37 0.21 0.35 10 89 15 87 46
cyclicn5 1 caboara-perry 0.98 0.43 0.35 0.20 0.30 10 89 15 87 46
cyclicn5 2 caboara-perry 1.07 0.45 0.37 0.21 0.35 10 89 15 87 46
cyclicn5 3 caboara-perry 1.08 0.44 0.36 0.22 0.35 10 89 15 87 46
cyclicn5 4 caboara-perry 1.04 0.44 0.35 0.22 0.32 10 89 15 87 46
cyclicn5 5 caboara-perry 1.05 0.45 0.37 0.20 0.33 10 89 15 87 46
cyclicn5 6 caboara-perry 1.14 0.47 0.39 0.22 0.38 10 89 15 87 46
cyclicn5 7 caboara-perry 1.29 0.54 0.44 0.26 0.42 10 89 15 87 46
cyclicn5 8 caboara-perry 1.38 0.58 0.46 0.28 0.44 10 89 15 87 46
cyclicn5 9 caboara-perry 1.36 0.63 0.50 0.25 0.41 10 89 15 87 46
cyclicn5 10 caboara-perry 1.01 0.41 0.33 0.21 0.33 10 89 15 87 46
cyclicn5 11 caboara-perry 1.00 0.45 0.36 0.18 0.31 10 89 15 87 46
cyclicn5 12 caboara-perry 1.07 0.45 0.36 0.21 0.35 10 89 15 87 46
cyclicn5 13 caboara-perry 1.04 0.45 0.37 0.21 0.32 10 89 15 87 46
cyclicn5 14 caboara-perry 1.04 0.44 0.35 0.19 0.35 10 89 15 87 46
cyclicn5 15 caboara-perry 1.07 0.45 0.36 0.22 0.34 10 89 15 87 46
cyclicn5 16 caboara-perry 1.03 0.43 0.34 0.22 0.32 10 89 15 87 46
cyclicn5 17 caboara-perry 1.12 0.46 0.37 0.23 0.35 10 89 15 87 46
cyclicn5 18 caboara-perry 1.29 0.56 0.45 0.25 0.40 10 89 15 87 46
cyclicn5 19 caboara-perry 1.24 0.54 0.43 0.25 0.38 10 89 15 87 46
cyclicn5 20 caboara-perry 1.27 0.55 0.44 0.24 0.40 10 89 15 87 46
cyclicn5 21 caboara-perry 1.21 0.55 0.44 0.24 0.35 10 89 15 87 46
cyclicn5 22 caboara-perry 1.09 0.50 0.41 0.20 0.32 10 89 15 87 46
cyclicn5 23 caboara-perry 1.09 0.49 0.39 0.20 0.33 10 89 15 87 46
cyclicn5 24 caboara-perry 1.03 0.45 0.37 0.19 0.32 10 89 15 87 46
cyclicn5 25 caboara-perry 1.06 0.46 0.36 0.21 0.34 10 89 15 87 46
cyclicn5 26 caboara-perry 1.01 0.43 0.35 0.21 0.31 10 89 15 87 46
cyclicn5 27 caboara-perry 1.03 0.48 0.39 0.18 0.30 10 89 15 87 46
cyclicn5 28 caboara-perry 1.17 0.49 0.39 0.23 0.38 10 89 15 87 46
cyclicn5 29 caboara-perry 1.26 0.52 0.42 0.24 0.43 10 89 15 87 46
cyclicnh5 0 caboara-perry 0.72 0.44 0.31 0.07 0.14 21 296 12 49 28
cyclicnh5 1 caboara-perry 0.61 0.42 0.31 0.05 0.09 21 296 12 49 28
cyclicnh5 2 caboara-perry 0.68 0.47 0.33 0.07 0.10 21 296 12 49 28
cyclicnh5 3 caboara-perry 0.66 0.43 0.31 0.07 0.12 21 296 12 49 28
cyclicnh5 4 caboara-perry 0.59 0.42 0.30 0.06 0.08 21 296 12 49 28
cyclicnh5 5 caboara-perry 0.56 0.39 0.28 0.05 0.07 21 296 12 49 28
cyclicnh5 6 caboara-perry 0.52 0.36 0.25 0.05 0.07 21 296 12 49 28
cyclicnh5 7 caboara-perry 0.57 0.40 0.28 0.05 0.08 21 296 12 49 28
cyclicnh5 8 caboara-perry 0.53 0.37 0.26 0.05 0.07 21 296 12 49 28
cyclicnh5 9 caboara-perry 0.52 0.37 0.26 0.04 0.07 21 296 12 49 28
cyclicnh5 10 caboara-perry 0.54 0.36 0.25 0.06 0.08 21 296 12 49 28
cyclicnh5 11 caboara-perry 0.52 0.37 0.26 0.05 0.08 21 296 12 49 28
cyclicnh5 12 caboara-perry 0.59 0.39 0.27 0.06 0.10 21 296 12 49 28
cyclicnh5 13 caboara-perry 0.61 0.41 0.29 0.05 0.10 21 296 12 49 28
cyclicnh5 14 caboara-perry 0.58 0.41 0.29 0.05 0.08 21 296 12 49 28
cyclicnh5 15 caboara-perry 0.53 0.36 0.25 0.04 0.08 21 296 12 49 28
cyclicnh5 16 caboara-perry 0.65 0.44 0.31 0.05 0.11 21 296 12 49 28
cyclicnh5 17 caboara-perry 0.69 0.44 0.30 0.07 0.13 21 296 12 49 28
cyclicnh5 18 caboara-perry 0.69 0.47 0.32 0.07 0.10 21 296 12 49 28
cyclicnh5 19 caboara-perry 0.66 0.45 0.31 0.06 0.10 21 296 12 49 28
cyclicnh5 20 caboara-perry 0.67 0.44 0.30 0.06 0.12 21 296 12 49 28
cyclicnh5 21 caboara-perry 0.59 0.40 0.29 0.05 0.10 21 296 12 49 28
cyclicnh5 22 caboara-perry 0.67 0.46 0.33 0.06 0.10 21 296 12 49 28
cyclicnh5 23 caboara-perry 0.66 0.43 0.30 0.07 0.11 21 296 12 49 28
cyclicnh5 24 caboara-perry 0.62 0.42 0.30 0.06 0.10 21 296 12 49 28
cyclicnh5 25 caboara-perry 0.62 0.41 0.30 0.05 0.11 21 296 12 49 28
cyclicnh5 26 caboara-perry 0.55 0.37 0.26 0.05 0.09 21 296 12 49 28
cyclicnh5 27 caboara-perry 0.65 0.45 0.31 0.06 0.11 21 296 12 49 28
cyclicnh5 28 caboara-perry 0.56 0.37 0.26 0.06 0.09 21 296 12 49 28
cyclicnh5 29 caboara-perry 0.55 0.37 0.25 0.05 0.09 21 296 12 49 28
cyclicn6 0 caboara-perry 20.70 4.55 3.28 3.96 11.85 19 360 48 426 291
cyclicn6 1 caboara-perry 19.62 4.24 3.01 3.67 11.42 19 360 48 426 291
cyclicn6 2 caboara-perry 20.54 4.69 3.29 3.92 11.62 19 360 48 426 291
cyclicn6 3 caboara-perry 20.72 4.59 3.25 3.81 12.03 19 360 48 426 291
cyclicn6 4 caboara-perry 19.67 4.44 3.25 3.75 11.19 19 360 48 426 291
cyclicn6 5 caboara-perry 18.82 4.23 2.99 3.49 10.83 19 360 48 426 291
cyclicn6 6 caboara-perry 18.33 4.35 3.18 3.52 10.19 19 360 48 426 291
cyclicn6 7 caboara-perry 19.83 4.64 3.28 3.68 11.22 19 360 48 426 291
cyclicn6 8 caboara-perry 19.60 4.23 3.00 3.84 11.25 19 360 48 426 291
cyclicn6 9 caboara-perry 19.86 4.29 3.03 3.71 11.56 19 360 48 426 291
cyclicn6 10 caboara-perry 19.78 4.48 3.13 3.80 11.19 19 360 48 426 291
cyclicn6 11 caboara-perry 19.97 4.24 2.98 3.78 11.66 19 360 48 426 291
cyclicn6 12 caboara-perry 20.24 4.37 3.09 3.81 11.75 19 360 48 426 291
cyclicn6 13 caboara-perry 21.68 5.00 3.53 4.14 12.22 19 360 48 426 291
cyclicn6 14 caboara-perry 21.42 4.43 3.16 4.03 12.66 19 360 48 426 291
cyclicn6 15 caboara-perry 20.36 4.29 3.02 3.89 11.88 19 360 48 426 291
cyclicn6 16 caboara-perry 19.54 4.45 3.14 3.77 11.04 19 360 48 426 291
cyclicn6 17 caboara-perry 20.44 4.67 3.34 3.86 11.61 19 360 48 426 291
cyclicn6 18 caboara-perry 20.01 4.35 3.07 3.89 11.47 19 360 48 426 291
cyclicn6 19 caboara-perry 21.22 4.87 3.46 4.01 12.03 19 360 48 426 291
cyclicn6 20 caboara-perry 23.18 4.82 3.39 4.40 13.63 19 360 48 426 291
cyclicn6 21 caboara-perry 18.03 4.40 3.13 3.45 9.92 19 360 48 426 291
cyclicn6 22 caboara-perry 16.70 3.75 2.68 3.19 9.50 19 360 48 426 291
cyclicn6 23 caboara-perry 16.86 3.95 2.79 3.19 9.45 19 360 48 426 291
cyclicn6 24 caboara-perry 17.62 4.00 2.85 3.36 9.99 19 360 48 426 291
cyclicn6 25 caboara-perry 18.91 3.98 2.73 3.63 11.02 19 360 48 426 291
cyclicn6 26 caboara-perry 19.22 3.64 2.56 3.81 11.48 19 360 48 426 291
cyclicn6 27 caboara-perry 16.11 4.16 3.01 3.08 8.62 19 360 48 426 291
cyclicn6 28 caboara-perry 17.36 3.45 2.46 3.50 10.16 19 360 48 426 291
cyclicn6 29 caboara-perry 16.56 3.72 2.67 3.27 9.31 19 360 48 426 291
cyclicnh6 0 caboara-perry 5.16 2.32 1.34 0.46 2.22 53 2878 16 173 120
cyclicnh6 1 caboara-perry 4.50 2.02 1.09 0.37 2.00 53 2878 16 173 120
cyclicnh6 2 caboara-perry 4.43 2.00 1.12 0.37 1.93 53 2878 16 173 120
cyclicnh6 3 caboara-perry 3.95 1.83 1.01 0.34 1.69 53 2878 16 173 120
cyclicnh6 4 caboara-perry 5.04 1.97 1.05 0.45 2.50 53 2878 16 173 120
cyclicnh6 5 caboara-perry 4.43 2.08 1.14 0.38 1.86 53 2878 16 173 120
cyclicnh6 6 caboara-perry 4.87 1.89 1.01 0.45 2.42 53 2878 16 173 120
cyclicnh6 7 caboara-perry 5.06 2.40 1.32 0.43 2.11 53 2878 16 173 120
cyclicnh6 8 caboara-perry 4.88 2.05 1.12 0.46 2.25 53 2878 16 173 120
cyclicnh6 9 caboara-perry 4.06 1.87 1.01 0.38 1.72 53 2878 16 173 120
cyclicnh6 10 caboara-perry 3.61 1.63 0.89 0.32 1.57 53 2878 16 173 120
cyclicnh6 11 caboara-perry 3.62 1.68 0.91 0.30 1.55 53 2878 16 173 120
cyclicnh6 12 caboara-perry 3.69 1.64 0.90 0.33 1.62 53 2878 16 173 120
cyclicnh6 13 caboara-perry 3.39 1.53 0.83 0.31 1.46 53 2878 16 173 120
cyclicnh6 14 caboara-perry 3.36 1.54 0.82 0.30 1.45 53 2878 16 173 120
cyclicnh6 15 caboara-perry 3.59 1.59 0.84 0.34 1.57 53 2878 16 173 120
cyclicnh6 16 caboara-perry 5.27 2.33 1.23 0.49 2.32 53 2878 16 173 120
cyclicnh6 17 caboara-perry 4.48 2.07 1.15 0.38 1.91 53 2878 16 173 120
cyclicnh6 18 caboara-perry 4.81 2.17 1.22 0.41 2.11 53 2878 16 173 120
cyclicnh6 19 caboara-perry 4.61 2.12 1.17 0.39 1.97 53 2878 16 173 120
cyclicnh6 20 caboara-perry 4.48 2.09 1.16 0.38 1.89 53 2878 16 173 120
cyclicnh6 21 caboara-perry 4.75 2.18 1.21 0.41 2.03 53 2878 16 173 120
cyclicnh6 22 caboara-perry 4.59 2.07 1.18 0.40 2.01 53 2878 16 173 120
cyclicnh6 23 caboara-perry 4.83 2.13 1.20 0.42 2.15 53 2878 16 173 120
cyclicnh6 24 caboara-perry 4.61 2.06 1.16 0.39 2.03 53 2878 16 173 120
cyclicnh6 25 caboara-perry 4.43 2.01 1.14 0.38 1.93 53 2878 16 173 120
cyclicnh6 26 caboara-perry 4.97 2.40 1.35 0.45 2.00 53 2878 16 173 120
cyclicnh6 27 caboara-perry 3.82 1.89 1.04 0.32 1.52 53 2878 16 173 120
cyclicnh6 28 caboara-perry 3.56 1.63 0.89 0.30 1.54 53 2878 16 173 120
cyclicnh6 29 caboara-perry 4.14 1.91 1.02 0.36 1.76 53 2878 16 173 120
katsuran4 0 caboara-perry 0.11 0.06 0.05 0.01 0.02 7 55 4 12 5
katsuran4 1 caboara-perry 0.09 0.07 0.06 0.00 0.01 7 55 4 12 5
katsuran4 2 caboara-perry 0.09 0.06 0.05 0.00 0.00 7 55 4 12 5
katsuran4 3 caboara-perry 0.09 0.07 0.05 0.00 0.00 7 55 4 12 5
katsuran4 4 caboara-perry 0.10 0.07 0.06 0.01 0.01 7 55 4 12 5
katsuran4 5 caboara-perry 0.09 0.07 0.05 0.00 0.01 7 55 4 12 5
katsuran4 6 caboara-perry 0.08 0.06 0.05 0.00 0.01 7 55 4 12 5
katsuran4 7 caboara-perry 0.09 0.07 0.06 0.01 0.01 7 55 4 12 5
katsuran4 8 caboara-perry 0.09 0.07 0.05 0.01 0.01 7 55 4 12 5
katsuran4 9 caboara-perry 0.09 0.07 0.05 0.01 0.00 7 55 4 12 5
katsuran4 10 caboara-perry 0.09 0.07 0.05 0.00 0.00 7 55 4 12 5
katsuran4 11 caboara-perry 0.09 0.07 0.05 0.01 0.01 7 55 4 12 5
katsuran4 12 caboara-perry 0.09 0.07 0.05 0.00 0.00 7 55 4 12 5
katsuran4 13 caboara-perry 0.09 0.06 0.05 0.00 0.00 7 55 4 12 5
katsuran4 14 caboara-perry 0.09 0.06 0.05 0.01 0.01 7 55 4 12 5
katsuran4 15 caboara-perry 0.09 0.07 0.06 0.00 0.01 7 55 4 12 5
katsuran4 16 caboara-perry 0.10 0.08 0.06 0.01 0.01 7 55 4 12 5
katsuran4 17 caboara-perry 0.09 0.07 0.05 0.00 0.00 7 55 4 12 5
katsuran4 18 caboara-perry 0.09 0.07 0.05 0.00 0.01 7 55 4 12 5
katsuran4 19 caboara-perry 0.09 0.06 0.05 0.01 0.01 7 55 4 12 5
katsuran4 20 caboara-perry 0.08 0.06 0.05 0.00 0.00 7 55 4 12 5
katsuran4 21 caboara-perry 0.11 0.08 0.07 0.01 0.01 7 55 4 12 5
katsuran4 22 caboara-perry 0.09 0.06 0.05 0.01 0.00 7 55 4 12 5
katsuran4 23 caboara-perry 0.09 0.06 0.05 0.01 0.01 7 55 4 12 5
katsuran4 24 caboara-perry 0.09 0.07 0.05 0.00 0.00 7 55 4 12 5
katsuran4 25 caboara-perry 0.09 0.06 0.05 0.00 0.00 7 55 4 12 5
katsuran4 26 caboara-perry 0.10 0.07 0.06 0.01 0.01 7 55 4 12 5
katsuran4 27 caboara-perry 0.11 0.08 0.06 0.01 0.01 7 55 4 12 5
katsuran4 28 caboara-perry 0.11 0.08 0.06 0.01 0.01 7 55 4 12 5
katsuran4 29 caboara-perry 0.09 0.07 0.06 0.00 0.01 7 55 4 12 5
katsuranh4 0 caboara-perry 0.23 0.15 0.12 0.01 0.05 8 58 4 15 7
katsuranh4 1 caboara-perry 0.17 0.15 0.12 0.01 0.01 8 58 4 15 7
katsuranh4 2 caboara-perry 0.17 0.14 0.11 0.01 0.01 8 58 4 15 7
katsuranh4 3 caboara-perry 0.18 0.15 0.12 0.01 0.01 8 58 4 15 7
katsuranh4 4 caboara-perry 0.19 0.16 0.12 0.01 0.01 8 58 4 15 7
katsuranh4 5 caboara-perry 0.17 0.14 0.11 0.01 0.01 8 58 4 15 7
katsuranh4 6 caboara-perry 0.17 0.14 0.11 0.01 0.01 8 58 4 15 7
katsuranh4 7 caboara-perry 0.17 0.14 0.11 0.01 0.01 8 58 4 15 7
katsuranh4 8 caboara-perry 0.17 0.14 0.11 0.01 0.01 8 58 4 15 7
katsuranh4 9 caboara-perry 0.18 0.15 0.12 0.01 0.01 8 58 4 15 7
katsuranh4 10 caboara-perry 0.17 0.14 0.11 0.01 0.01 8 58 4 15 7
katsuranh4 11 caboara-perry 0.17 0.14 0.11 0.01 0.01 8 58 4 15 7
katsuranh4 12 caboara-perry 0.17 0.14 0.11 0.01 0.01 8 58 4 15 7
katsuranh4 13 caboara-perry 0.17 0.14 0.11 0.01 0.01 8 58 4 15 7
katsuranh4 14 caboara-perry 0.17 0.14 0.11 0.01 0.01 8 58 4 15 7
katsuranh4 15 caboara-perry 0.18 0.15 0.12 0.01 0.01 8 58 4 15 7
katsuranh4 16 caboara-perry 0.18 0.15 0.12 0.01 0.01 8 58 4 15 7
katsuranh4 17 caboara-perry 0.17 0.15 0.12 0.01 0.01 8 58 4 15 7
katsuranh4 18 caboara-perry 0.17 0.14 0.11 0.01 0.01 8 58 4 15 7
katsuranh4 19 caboara-perry 0.17 0.14 0.11 0.01 0.01 8 58 4 15 7
katsuranh4 20 caboara-perry 0.18 0.15 0.12 0.01 0.01 8 58 4 15 7
katsuranh4 21 caboara-perry 0.18 0.15 0.12 0.01 0.01 8 58 4 15 7
katsuranh4 22 caboara-perry 0.17 0.14 0.11 0.01 0.01 8 58 4 15 7
katsuranh4 23 caboara-perry 0.18 0.15 0.11 0.01 0.01 8 58 4 15 7
katsuranh4 24 caboara-perry 0.17 0.15 0.11 0.01 0.01 8 58 4 15 7
katsuranh4 25 caboara-perry 0.17 0.14 0.11 0.01 0.01 8 58 4 15 7
katsuranh4 26 caboara-perry 0.18 0.16 0.12 0.01 0.01 8 58 4 15 7
katsuranh4 27 caboara-perry 0.17 0.14 0.11 0.01 0.01 8 58 4 15 7
katsuranh4 28 caboara-perry 0.19 0.16 0.13 0.01 0.01 8 58 4 15 7
katsuranh4 29 caboara-perry 0.20 0.17 0.14 0.01 0.01 8 58 4 15 7
katsuran5 0 caboara-perry 0.50 0.27 0.22 0.03 0.15 12 193 6 32 16
katsuran5 1 caboara-perry 0.51 0.36 0.29 0.04 0.07 12 193 6 32 16
katsuran5 2 caboara-perry 0.33 0.24 0.19 0.02 0.04 12 193 6 32 16
katsuran5 3 caboara-perry 0.34 0.24 0.19 0.02 0.05 12 193 6 32 16
katsuran5 4 caboara-perry 0.31 0.23 0.18 0.02 0.04 12 193 6 32 16
katsuran5 5 caboara-perry 0.32 0.22 0.17 0.03 0.05 12 193 6 32 16
katsuran5 6 caboara-perry 0.33 0.24 0.19 0.02 0.05 12 193 6 32 16
katsuran5 7 caboara-perry 0.32 0.23 0.18 0.02 0.05 12 193 6 32 16
katsuran5 8 caboara-perry 0.31 0.22 0.17 0.02 0.05 12 193 6 32 16
katsuran5 9 caboara-perry 0.33 0.24 0.19 0.02 0.05 12 193 6 32 16
katsuran5 10 caboara-perry 0.32 0.23 0.19 0.02 0.05 12 193 6 32 16
katsuran5 11 caboara-perry 0.32 0.23 0.18 0.02 0.04 12 193 6 32 16
katsuran5 12 caboara-perry 0.33 0.24 0.19 0.03 0.04 12 193 6 32 16
katsuran5 13 caboara-perry 0.34 0.24 0.19 0.03 0.05 12 193 6 32 16
katsuran5 14 caboara-perry 0.36 0.26 0.21 0.03 0.05 12 193 6 32 16
katsuran5 15 caboara-perry 0.36 0.26 0.20 0.03 0.05 12 193 6 32 16
katsuran5 16 caboara-perry 0.30 0.22 0.17 0.02 0.05 12 193 6 32 16
katsuran5 17 caboara-perry 0.31 0.22 0.17 0.02 0.05 12 193 6 32 16
katsuran5 18 caboara-perry 0.40 0.28 0.22 0.03 0.06 12 193 6 32 16
katsuran5 19 caboara-perry 0.37 0.27 0.21 0.03 0.05 12 193 6 32 16
katsuran5 20 caboara-perry 0.32 0.22 0.17 0.02 0.05 12 193 6 32 16
katsuran5 21 caboara-perry 0.34 0.25 0.20 0.02 0.05 12 193 6 32 16
katsuran5 22 caboara-perry 0.31 0.22 0.17 0.02 0.05 12 193 6 32 16
katsuran5 23 caboara-perry 0.32 0.22 0.18 0.02 0.05 12 193 6 32 16
katsuran5 24 caboara-perry 0.33 0.24 0.19 0.02 0.05 12 193 6 32 16
katsuran5 25 caboara-perry 0.37 0.25 0.19 0.03 0.07 12 193 6 32 16
katsuran5 26 caboara-perry 0.42 0.27 0.21 0.03 0.09 12 193 6 32 16
katsuran5 27 caboara-perry 0.38 0.28 0.22 0.03 0.05 12 193 6 32 16
katsuran5 28 caboara-perry 0.33 0.23 0.18 0.02 0.05 12 193 6 32 16
katsuran5 29 caboara-perry 0.34 0.25 0.19 0.02 0.05 12 193 6 32 16
katsuranh5 0 caboara-perry 0.50 0.34 0.27 0.02 0.10 14 197 5 34 20
katsuranh5 1 caboara-perry 0.48 0.39 0.31 0.02 0.05 14 197 5 34 20
katsuranh5 2 caboara-perry 0.48 0.37 0.29 0.02 0.06 14 197 5 34 20
katsuranh5 3 caboara-perry 0.56 0.44 0.35 0.03 0.06 14 197 5 34 20
katsuranh5 4 caboara-perry 0.64 0.52 0.41 0.03 0.06 14 197 5 34 20
katsuranh5 5 caboara-perry 0.60 0.48 0.37 0.03 0.06 14 197 5 34 20
katsuranh5 6 caboara-perry 0.46 0.37 0.29 0.02 0.05 14 197 5 34 20
katsuranh5 7 caboara-perry 0.57 0.46 0.35 0.02 0.06 14 197 5 34 20
katsuranh5 8 caboara-perry 0.45 0.36 0.28 0.02 0.05 14 197 5 34 20
katsuranh5 9 caboara-perry 0.45 0.36 0.29 0.02 0.05 14 197 5 34 20
katsuranh5 10 caboara-perry 0.44 0.35 0.27 0.02 0.05 14 197 5 34 20
katsuranh5 11 caboara-perry 0.46 0.36 0.28 0.02 0.05 14 197 5 34 20
katsuranh5 12 caboara-perry 0.42 0.33 0.26 0.02 0.05 14 197 5 34 20
katsuranh5 13 caboara-perry 0.53 0.42 0.34 0.03 0.06 14 197 5 34 20
katsuranh5 14 caboara-perry 0.43 0.34 0.27 0.02 0.05 14 197 5 34 20
katsuranh5 15 caboara-perry 0.55 0.40 0.31 0.03 0.09 14 197 5 34 20
katsuranh5 16 caboara-perry 0.56 0.41 0.33 0.03 0.09 14 197 5 34 20
katsuranh5 17 caboara-perry 0.45 0.36 0.28 0.02 0.05 14 197 5 34 20
katsuranh5 18 caboara-perry 0.51 0.41 0.31 0.02 0.05 14 197 5 34 20
katsuranh5 19 caboara-perry 0.46 0.36 0.28 0.02 0.06 14 197 5 34 20
katsuranh5 20 caboara-perry 0.50 0.40 0.32 0.02 0.05 14 197 5 34 20
katsuranh5 21 caboara-perry 0.45 0.35 0.28 0.02 0.05 14 197 5 34 20
katsuranh5 22 caboara-perry 0.43 0.34 0.27 0.02 0.05 14 197 5 34 20
katsuranh5 23 caboara-perry 0.43 0.34 0.27 0.02 0.05 14 197 5 34 20
katsuranh5 24 caboara-perry 0.45 0.36 0.29 0.02 0.05 14 197 5 34 20
katsuranh5 25 caboara-perry 0.43 0.34 0.26 0.02 0.05 14 197 5 34 20
katsuranh5 26 caboara-perry 0.48 0.39 0.30 0.02 0.05 14 197 5 34 20
katsuranh5 27 caboara-perry 0.43 0.34 0.26 0.02 0.05 14 197 5 34 20
katsuranh5 28 caboara-perry 0.53 0.41 0.32 0.02 0.06 14 197 5 34 20
katsuranh5 29 caboara-perry 0.63 0.47 0.36 0.03 0.10 14 197 5 34 20
katsuran6 0 caboara-perry 1.05 0.53 0.38 0.07 0.39 23 593 6 72 49
katsuran6 1 caboara-perry 0.93 0.55 0.39 0.07 0.28 23 593 6 72 49
katsuran6 2 caboara-perry 1.05 0.59 0.43 0.07 0.35 23 593 6 72 49
katsuran6 3 caboara-perry 1.06 0.61 0.44 0.08 0.32 23 593 6 72 49
katsuran6 4 caboara-perry 0.94 0.56 0.39 0.07 0.28 23 593 6 72 49
katsuran6 5 caboara-perry 1.03 0.54 0.39 0.08 0.36 23 593 6 72 49
katsuran6 6 caboara-perry 1.36 0.64 0.45 0.10 0.56 23 593 6 72 49
katsuran6 7 caboara-perry 1.03 0.60 0.43 0.08 0.31 23 593 6 72 49
katsuran6 8 caboara-perry 0.81 0.47 0.33 0.06 0.25 23 593 6 72 49
katsuran6 9 caboara-perry 0.82 0.47 0.33 0.06 0.26 23 593 6 72 49
katsuran6 10 caboara-perry 0.84 0.48 0.34 0.06 0.27 23 593 6 72 49
katsuran6 11 caboara-perry 1.06 0.54 0.37 0.07 0.40 23 593 6 72 49
katsuran6 12 caboara-perry 1.00 0.59 0.42 0.08 0.29 23 593 6 72 49
katsuran6 13 caboara-perry 0.83 0.47 0.33 0.06 0.27 23 593 6 72 49
katsuran6 14 caboara-perry 0.80 0.46 0.33 0.06 0.25 23 593 6 72 49
katsuran6 15 caboara-perry 0.81 0.44 0.31 0.06 0.28 23 593 6 72 49
katsuran6 16 caboara-perry 0.78 0.44 0.31 0.06 0.25 23 593 6 72 49
katsuran6 17 caboara-perry 0.79 0.46 0.33 0.06 0.24 23 593 6 72 49
katsuran6 18 caboara-perry 0.84 0.49 0.35 0.06 0.25 23 593 6 72 49
katsuran6 19 caboara-perry 0.80 0.45 0.32 0.06 0.25 23 593 6 72 49
katsuran6 20 caboara-perry 0.97 0.56 0.39 0.08 0.29 23 593 6 72 49
katsuran6 21 caboara-perry 0.80 0.46 0.33 0.06 0.25 23 593 6 72 49
katsuran6 22 caboara-perry 0.98 0.56 0.38 0.07 0.30 23 593 6 72 49
katsuran6 23 caboara-perry 1.05 0.54 0.36 0.08 0.38 23 593 6 72 49
katsuran6 24 caboara-perry 1.06 0.60 0.43 0.08 0.33 23 593 6 72 49
katsuran6 25 caboara-perry 0.79 0.45 0.31 0.06 0.25 23 593 6 72 49
katsuran6 26 caboara-perry 0.90 0.48 0.34 0.06 0.32 23 593 6 72 49
katsuran6 27 caboara-perry 1.01 0.53 0.38 0.07 0.36 23 593 6 72 49
katsuran6 28 caboara-perry 0.88 0.50 0.35 0.07 0.28 23 593 6 72 49
katsuran6 29 caboara-perry 0.89 0.51 0.36 0.07 0.27 23 593 6 72 49
katsuranh6 0 caboara-perry 1.93 1.40 0.83 0.08 0.39 24 634 6 77 53
katsuranh6 1 caboara-perry 1.94 1.49 0.91 0.08 0.33 24 634 6 77 53
katsuranh6 2 caboara-perry 1.61 1.20 0.75 0.06 0.31 24 634 6 77 53
katsuranh6 3 caboara-perry 1.75 1.27 0.81 0.07 0.36 24 634 6 77 53
katsuranh6 4 caboara-perry 2.10 1.47 0.93 0.09 0.49 24 634 6 77 53
katsuranh6 5 caboara-perry 2.64 1.98 1.28 0.10 0.50 24 634 6 77 53
katsuranh6 6 caboara-perry 2.48 1.88 1.20 0.10 0.44 24 634 6 77 53
katsuranh6 7 caboara-perry 2.43 1.79 1.15 0.11 0.48 24 634 6 77 53
katsuranh6 8 caboara-perry 2.81 1.96 1.23 0.12 0.66 24 634 6 77 53
katsuranh6 9 caboara-perry 2.42 1.71 1.06 0.10 0.56 24 634 6 77 53
katsuranh6 10 caboara-perry 2.39 1.68 1.02 0.10 0.56 24 634 6 77 53
katsuranh6 11 caboara-perry 2.48 1.78 1.10 0.10 0.54 24 634 6 77 53
katsuranh6 12 caboara-perry 2.53 1.91 1.22 0.10 0.46 24 634 6 77 53
katsuranh6 13 caboara-perry 2.57 1.96 1.25 0.09 0.46 24 634 6 77 53
katsuranh6 14 caboara-perry 2.39 1.77 1.13 0.09 0.46 24 634 6 77 53
katsuranh6 15 caboara-perry 2.59 2.01 1.24 0.10 0.41 24 634 6 77 53
katsuranh6 16 caboara-perry 2.26 1.75 1.12 0.09 0.37 24 634 6 77 53
katsuranh6 17 caboara-perry 1.99 1.51 0.87 0.08 0.35 24 634 6 77 53
katsuranh6 18 caboara-perry 1.94 1.39 0.85 0.08 0.43 24 634 6 77 53
katsuranh6 19 caboara-perry 2.23 1.75 1.11 0.08 0.34 24 634 6 77 53
katsuranh6 20 caboara-perry 1.75 1.28 0.78 0.07 0.36 24 634 6 77 53
katsuranh6 21 caboara-perry 2.19 1.60 1.00 0.07 0.46 24 634 6 77 53
katsuranh6 22 caboara-perry 2.20 1.70 1.05 0.08 0.36 24 634 6 77 53
katsuranh6 23 caboara-perry 2.44 1.80 1.10 0.10 0.49 24 634 6 77 53
katsuranh6 24 caboara-perry 2.58 1.98 1.23 0.10 0.43 24 634 6 77 53
katsuranh6 25 caboara-perry 1.90 1.38 0.84 0.07 0.41 24 634 6 77 53
katsuranh6 26 caboara-perry 2.12 1.60 1.02 0.10 0.37 24 634 6 77 53
katsuranh6 27 caboara-perry 2.01 1.54 0.96 0.08 0.35 24 634 6 77 53
katsuranh6 28 caboara-perry 1.67 1.26 0.79 0.07 0.30 24 634 6 77 53
katsuranh6 29 caboara-perry 2.06 1.44 0.86 0.09 0.48 24 634 6 77 53
cyclicn4 0 perturbation 0.09 0.07 0.06 0.00 0.00 7 30 6 12 5
cyclicn4 1 perturbation 0.10 0.07 0.06 0.00 0.00 7 30 6 12 5
cyclicn4 2 perturbation 0.10 0.07 0.06 0.01 0.00 7 30 6 12 5
cyclicn4 3 perturbation 0.09 0.07 0.06 0.00 0.00 7 30 6 12 5
cyclicn4 4 perturbation 0.08 0.06 0.06 0.00 0.00 7 30 6 12 5
cyclicn4 5 perturbation 0.08 0.06 0.05 0.00 0.00 7 30 6 12 5
cyclicn4 6 perturbation 0.09 0.07 0.06 0.00 0.00 7 30 6 12 5
cyclicn4 7 perturbation 0.13 0.08 0.07 0.01 0.00 7 30 6 12 5
cyclicn4 8 perturbation 0.10 0.07 0.07 0.01 0.00 7 30 6 12 5
cyclicn4 9 perturbation 0.09 0.06 0.06 0.01 0.00 7 30 6 12 5
cyclicn4 10 perturbation 0.12 0.08 0.08 0.01 0.00 7 30 6 12 5
cyclicn4 11 perturbation 0.11 0.08 0.07 0.01 0.00 7 30 6 12 5
cyclicn4 12 perturbation 0.11 0.08 0.07 0.01 0.00 7 30 6 12 5
cyclicn4 13 perturbation 0.08 0.06 0.05 0.00 0.00 7 30 6 12 5
cyclicn4 14 perturbation 0.08 0.06 0.06 0.00 0.00 7 30 6 12 5
cyclicn4 15 perturbation 0.08 0.06 0.05 0.00 0.00 7 30 6 12 5
cyclicn4 16 perturbation 0.08 0.06 0.06 0.00 0.00 7 30 6 12 5
cyclicn4 17 perturbation 0.10 0.07 0.07 0.01 0.00 7 30 6 12 5
cyclicn4 18 perturbation 0.08 0.06 0.06 0.00 0.00 7 30 6 12 5
cyclicn4 19 perturbation 0.08 0.06 0.05 0.00 0.00 7 30 6 12 5
cyclicn4 20 perturbation 0.08 0.05 0.05 0.00 0.00 7 30 6 12 5
cyclicn4 21 perturbation 0.09 0.06 0.06 0.00 0.00 7 30 6 12 5
cyclicn4 22 perturbation 0.08 0.06 0.05 0.00 0.00 7 30 6 12 5
cyclicn4 23 perturbation 0.08 0.06 0.06 0.00 0.00 7 30 6 12 5
cyclicn4 24 perturbation 0.08 0.06 0.05 0.00 0.00 7 30 6 12 5
cyclicn4 25 perturbation 0.08 0.06 0.05 0.00 0.00 7 30 6 12 5
cyclicn4 26 perturbation 0.09 0.06 0.06 0.01 0.00 7 30 6 12 5
cyclicn4 27 perturbation 0.09 0.07 0.06 0.00 0.00 7 30 6 12 5
cyclicn4 28 perturbation 0.10 0.06 0.06 0.01 0.00 7 30 6 12 5
cyclicn4 29 perturbation 0.11 0.08 0.07 0.01 0.00 7 30 6 12 5
cyclicnh4 0 perturbation 0.13 0.10 0.08 0.00 0.00 7 30 6 12 5
cyclicnh4 1 perturbation 0.14 0.10 0.10 0.01 0.00 7 30 6 12 5
cyclicnh4 2 perturbation 0.12 0.08 0.07 0.01 0.00 7 30 6 12 5
cyclicnh4 3 perturbation 0.10 0.08 0.08 0.00 0.00 7 30 6 12 5
cyclicnh4 4 perturbation 0.12 0.09 0.08 0.00 0.00 7 30 6 12 5
cyclicnh4 5 perturbation 0.10 0.08 0.07 0.00 0.00 7 30 6 12 5
cyclicnh4 6 perturbation 0.09 0.07 0.07 0.00 0.00 7 30 6 12 5
cyclicnh4 7 perturbation 0.12 0.09 0.09 0.01 0.00 7 30 6 12 5
cyclicnh4 8 perturbation 0.12 0.09 0.08 0.01 0.00 7 30 6 12 5
cyclicnh4 9 perturbation 0.13 0.10 0.09 0.01 0.00 7 30 6 12 5
cyclicnh4 10 perturbation 0.12 0.09 0.08 0.01 0.00 7 30 6 12 5
cyclicnh4 11 perturbation 0.11 0.08 0.08 0.01 0.00 7 30 6 12 5
cyclicnh4 12 perturbation 0.11 0.08 0.08 0.00 0.00 7 30 6 12 5
cyclicnh4 13 perturbation 0.11 0.08 0.07 0.01 0.00 7 30 6 12 5
cyclicnh4 14 perturbation 0.12 0.09 0.08 0.01 0.00 7 30 6 12 5
cyclicnh4 15 perturbation 0.11 0.09 0.08 0.00 0.00 7 30 6 12 5
cyclicnh4 16 perturbation 0.15 0.11 0.11 0.01 0.00 7 30 6 12 5
cyclicnh4 17 perturbation 0.15 0.11 0.10 0.01 0.00 7 30 6 12 5
cyclicnh4 18 perturbation 0.14 0.10 0.09 0.01 0.00 7 30 6 12 5
cyclicnh4 19 perturbation 0.12 0.08 0.08 0.01 0.00 7 30 6 12 5
cyclicnh4 20 perturbation 0.10 0.08 0.07 0.00 0.00 7 30 6 12 5
cyclicnh4 21 perturbation 0.11 0.08 0.07 0.01 0.00 7 30 6 12 5
cyclicnh4 22 perturbation 0.12 0.09 0.08 0.00 0.00 7 30 6 12 5
cyclicnh4 23 perturbation 0.13 0.09 0.09 0.01 0.00 7 30 6 12 5
cyclicnh4 24 perturbation 0.16 0.12 0.11 0.01 0.00 7 30 6 12 5
cyclicnh4 25 perturbation 0.13 0.11 0.09 0.00 0.00 7 30 6 12 5
cyclicnh4 26 perturbation 0.13 0.10 0.09 0.01 0.00 7 30 6 12 5
cyclicnh4 27 perturbation 0.12 0.09 0.09 0.01 0.00 7 30 6 12 5
cyclicnh4 28 perturbation 0.12 0.09 0.08 0.01 0.00 7 30 6 12 5
cyclicnh4 29 perturbation 0.12 0.08 0.08 0.01 0.00 7 30 6 12 5
cyclicn5 0 perturbation 1.15 0.44 0.39 0.26 0.37 20 232 8 113 75
cyclicn5 1 perturbation 1.25 0.44 0.38 0.30 0.42 20 232 8 113 75
cyclicn5 2 perturbation 0.91 0.35 0.31 0.20 0.29 20 232 8 113 75
cyclicn5 3 perturbation 0.85 0.33 0.29 0.19 0.27 20 232 8 113 75
cyclicn5 4 perturbation 0.98 0.40 0.35 0.22 0.30 20 232 8 113 75
cyclicn5 5 perturbation 1.07 0.40 0.36 0.26 0.33 20 232 8 113 75
cyclicn5 6 perturbation 1.03 0.43 0.38 0.22 0.32 20 232 8 113 75
cyclicn5 7 perturbation 0.91 0.38 0.34 0.20 0.27 20 232 8 113 75
cyclicn5 8 perturbation 0.83 0.33 0.29 0.19 0.26 20 232 8 113 75
cyclicn5 9 perturbation 0.75 0.30 0.27 0.16 0.25 20 232 8 113 75
cyclicn5 10 perturbation 0.72 0.28 0.25 0.16 0.23 20 232 8 113 75
cyclicn5 11 perturbation 0.82 0.31 0.27 0.19 0.28 20 232 8 113 75
cyclicn5 12 perturbation 0.90 0.36 0.33 0.20 0.28 20 232 8 113 75
cyclicn5 13 perturbation 0.96 0.40 0.36 0.20 0.30 20 232 8 113 75
cyclicn5 14 perturbation 1.07 0.37 0.33 0.27 0.36 20 232 8 113 75
cyclicn5 15 perturbation 0.98 0.40 0.35 0.22 0.29 20 232 8 113 75
cyclicn5 16 perturbation 1.23 0.41 0.36 0.31 0.43 20 232 8 113 75
cyclicn5 17 perturbation 1.07 0.40 0.36 0.23 0.36 20 232 8 113 75
cyclicn5 18 perturbation 1.09 0.38 0.34 0.26 0.39 20 232 8 113 75
cyclicn5 19 perturbation 0.93 0.33 0.29 0.23 0.31 20 232 8 113 75
cyclicn5 20 perturbation 0.87 0.32 0.29 0.20 0.30 20 232 8 113 75
cyclicn5 21 perturbation 0.84 0.32 0.28 0.19 0.27 20 232 8 113 75
cyclicn5 22 perturbation 0.71 0.29 0.26 0.16 0.22 20 232 8 113 75
cyclicn5 23 perturbation 0.73 0.27 0.25 0.17 0.23 20 232 8 113 75
cyclicn5 24 perturbation 0.87 0.34 0.30 0.20 0.27 20 232 8 113 75
cyclicn5 25 perturbation 0.86 0.33 0.30 0.19 0.28 20 232 8 113 75
cyclicn5 26 perturbation 0.86 0.33 0.29 0.21 0.26 20 232 8 113 75
cyclicn5 27 perturbation 0.83 0.32 0.29 0.18 0.27 20 232 8 113 75
cyclicn5 28 perturbation 0.73 0.30 0.28 0.17 0.21 20 232 8 113 75
cyclicn5 29 perturbation 0.75 0.29 0.26 0.16 0.24 20 232 8 113 75
cyclicnh5 0 perturbation 0.30 0.20 0.17 0.03 0.05 12 171 7 32 16
cyclicnh5 1 perturbation 0.36 0.22 0.19 0.04 0.07 12 171 7 32 16
cyclicnh5 2 perturbation 0.30 0.20 0.18 0.03 0.05 12 171 7 32 16
cyclicnh5 3 perturbation 0.28 0.17 0.15 0.03 0.05 12 171 7 32 16
cyclicnh5 4 perturbation 0.31 0.21 0.19 0.03 0.04 12 171 7 32 16
cyclicnh5 5 perturbation 0.39 0.22 0.20 0.05 0.09 12 171 7 32 16
cyclicnh5 6 perturbation 0.29 0.19 0.18 0.03 0.04 12 171 7 32 16
cyclicnh5 7 perturbation 0.33 0.21 0.19 0.05 0.05 12 171 7 32 16
cyclicnh5 8 perturbation 0.34 0.22 0.20 0.04 0.05 12 171 7 32 16
cyclicnh5 9 perturbation 0.31 0.22 0.20 0.04 0.03 12 171 7 32 16
cyclicnh5 10 perturbation 0.25 0.16 0.15 0.03 0.03 12 171 7 32 16
cyclicnh5 11 perturbation 0.29 0.18 0.16 0.04 0.05 12 171 7 32 16
cyclicnh5 12 perturbation 0.27 0.19 0.17 0.03 0.03 12 171 7 32 16
cyclicnh5 13 perturbation 0.24 0.16 0.15 0.03 0.03 12 171 7 32 16
cyclicnh5 14 perturbation 0.24 0.16 0.14 0.03 0.03 12 171 7 32 16
cyclicnh5 15 perturbation 0.25 0.17 0.15 0.03 0.03 12 171 7 32 16
cyclicnh5 16 perturbation 0.25 0.16 0.15 0.03 0.04 12 171 7 32 16
cyclicnh5 17 perturbation 0.26 0.17 0.15 0.03 0.05 12 171 7 32 16
cyclicnh5 18 perturbation 0.25 0.17 0.16 0.03 0.03 12 171 7 32 16
cyclicnh5 19 perturbation 0.30 0.21 0.19 0.03 0.04 12 171 7 32 16
cyclicnh5 20 perturbation 0.30 0.19 0.18 0.03 0.04 12 171 7 32 16
cyclicnh5 21 perturbation 0.32 0.20 0.18 0.04 0.05 12 171 7 32 16
cyclicnh5 22 perturbation 0.32 0.19 0.18 0.05 0.05 12 171 7 32 16
cyclicnh5 23 perturbation 0.29 0.18 0.16 0.04 0.04 12 171 7 32 16
cyclicnh5 24 perturbation 0.31 0.21 0.19 0.03 0.04 12 171 7 32 16
cyclicnh5 25 perturbation 0.25 0.16 0.15 0.03 0.03 12 171 7 32 16
cyclicnh5 26 perturbation 0.32 0.23 0.21 0.03 0.04 12 171 7 32 16
cyclicnh5 27 perturbation 0.24 0.16 0.15 0.03 0.03 12 171 7 32 16
cyclicnh5 28 perturbation 0.25 0.16 0.15 0.03 0.04 12 171 7 32 16
cyclicnh5 29 perturbation 0.25 0.16 0.15 0.03 0.04 12 171 7 32 16
cyclicn6 0 perturbation 8.96 1.37 1.14 1.92 5.48 45 1135 9 354 255
cyclicn6 1 perturbation 7.60 1.16 0.96 1.62 4.66 45 1135 9 354 255
cyclicn6 2 perturbation 8.34 1.22 1.01 1.76 5.18 45 1135 9 354 255
cyclicn6 3 perturbation 9.01 1.29 1.07 1.88 5.66 45 1135 9 354 255
cyclicn6 4 perturbation 8.45 1.24 1.03 1.79 5.24 45 1135 9 354 255
cyclicn6 5 perturbation 8.61 1.29 1.06 1.70 5.45 45 1135 9 354 255
cyclicn6 6 perturbation 10.62 1.62 1.33 2.32 6.47 45 1135 9 354 255
cyclicn6 7 perturbation 9.39 1.34 1.11 1.97 5.89 45 1135 9 354 255
cyclicn6 8 perturbation 11.19 1.42 1.17 2.36 7.20 45 1135 9 354 255
cyclicn6 9 perturbation 9.51 1.34 1.11 2.07 5.92 45 1135 9 354 255
cyclicn6 10 perturbation 9.84 1.30 1.06 1.89 6.45 45 1135 9 354 255
cyclicn6 11 perturbation 8.96 1.35 1.13 1.89 5.52 45 1135 9 354 255
cyclicn6 12 perturbation 9.99 1.38 1.14 2.26 6.14 45 1135 9 354 255
cyclicn6 13 perturbation 9.69 1.38 1.15 2.21 5.91 45 1135 9 354 255
cyclicn6 14 perturbation 7.45 1.11 0.92 1.66 4.53 45 1135 9 354 255
cyclicn6 15 perturbation 6.82 1.00 0.82 1.48 4.20 45 1135 9 354 255
cyclicn6 16 perturbation 7.27 1.05 0.87 1.55 4.52 45 1135 9 354 255
cyclicn6 17 perturbation 10.63 1.36 1.12 2.35 6.71 45 1135 9 354 255
cyclicn6 18 perturbation 10.34 1.64 1.38 2.06 6.42 45 1135 9 354 255
cyclicn6 19 perturbation 9.41 1.37 1.14 1.96 5.87 45 1135 9 354 255
cyclicn6 20 perturbation 9.85 1.50 1.25 2.06 6.07 45 1135 9 354 255
cyclicn6 21 perturbation 9.71 1.51 1.24 2.07 5.92 45 1135 9 354 255
cyclicn6 22 perturbation 9.44 1.47 1.21 1.90 5.86 45 1135 9 354 255
cyclicn6 23 perturbation 9.38 1.42 1.17 1.94 5.82 45 1135 9 354 255
cyclicn6 24 perturbation 9.33 1.50 1.25 1.92 5.70 45 1135 9 354 255
cyclicn6 25 perturbation 9.53 1.48 1.23 2.03 5.81 45 1135 9 354 255
cyclicn6 26 perturbation 9.48 1.46 1.21 1.97 5.85 45 1135 9 354 255
cyclicn6 27 perturbation 9.63 1.35 1.12 1.97 6.09 45 1135 9 354 255
cyclicn6 28 perturbation 9.90 1.42 1.17 1.90 6.37 45 1135 9 354 255
cyclicn6 29 perturbation 9.30 1.48 1.23 1.86 5.76 45 1135 9 354 255
cyclicnh6 0 perturbation 2.09 0.95 0.80 0.19 0.87 34 1540 9 101 66
cyclicnh6 1 perturbation 1.74 0.87 0.73 0.16 0.65 34 1540 9 101 66
cyclicnh6 2 perturbation 1.76 0.81 0.68 0.19 0.69 34 1540 9 101 66
cyclicnh6 3 perturbation 1.66 0.81 0.70 0.16 0.62 34 1540 9 101 66
cyclicnh6 4 perturbation 1.68 0.83 0.71 0.16 0.62 34 1540 9 101 66
cyclicnh6 5 perturbation 1.70 0.78 0.68 0.17 0.68 34 1540 9 101 66
cyclicnh6 6 perturbation 1.84 0.83 0.73 0.18 0.75 34 1540 9 101 66
cyclicnh6 7 perturbation 1.67 0.83 0.72 0.17 0.60 34 1540 9 101 66
cyclicnh6 8 perturbation 1.78 0.82 0.71 0.18 0.70 34 1540 9 101 66
cyclicnh6 9 perturbation 1.62 0.75 0.65 0.17 0.63 34 1540 9 101 66
cyclicnh6 10 perturbation 1.54 0.71 0.62 0.16 0.60 34 1540 9 101 66
cyclicnh6 11 perturbation 1.58 0.80 0.70 0.16 0.55 34 1540 9 101 66
cyclicnh6 12 perturbation 1.48 0.70 0.61 0.16 0.56 34 1540 9 101 66
cyclicnh6 13 perturbation 1.67 0.79 0.68 0.16 0.65 34 1540 9 101 66
cyclicnh6 14 perturbation 1.83 0.90 0.78 0.18 0.67 34 1540 9 101 66
cyclicnh6 15 perturbation 1.61 0.76 0.66 0.16 0.62 34 1540 9 101 66
cyclicnh6 16 perturbation 1.67 0.82 0.71 0.16 0.61 34 1540 9 101 66
cyclicnh6 17 perturbation 1.59 0.73 0.64 0.17 0.62 34 1540 9 101 66
cyclicnh6 18 perturbation 1.51 0.67 0.59 0.16 0.61 34 1540 9 101 66
cyclicnh6 19 perturbation 1.53 0.71 0.63 0.16 0.59 34 1540 9 101 66
cyclicnh6 20 perturbation 1.51 0.71 0.63 0.16 0.58 34 1540 9 101 66
cyclicnh6 21 perturbation 1.79 0.82 0.71 0.18 0.72 34 1540 9 101 66
cyclicnh6 22 perturbation 1.54 0.74 0.66 0.15 0.58 34 1540 9 101 66
cyclicnh6 23 perturbation 1.52 0.70 0.62 0.15 0.60 34 1540 9 101 66
cyclicnh6 24 perturbation 1.68 0.76 0.66 0.16 0.68 34 1540 9 101 66
cyclicnh6 25 perturbation 1.54 0.75 0.67 0.16 0.57 34 1540 9 101 66
cyclicnh6 26 perturbation 1.56 0.72 0.64 0.16 0.61 34 1540 9 101 66
cyclicnh6 27 perturbation 1.53 0.75 0.66 0.16 0.55 34 1540 9 101 66
cyclicnh6 28 perturbation 1.66 0.82 0.73 0.15 0.62 34 1540 9 101 66
cyclicnh6 29 perturbation 1.70 0.84 0.74 0.17 0.62 34 1540 9 101 66
katsuran4 0 perturbation 0.09 0.07 0.06 0.00 0.01 7 49 4 12 5
katsuran4 1 perturbation 0.10 0.07 0.07 0.00 0.01 7 49 4 12 5
katsuran4 2 perturbation 0.09 0.07 0.06 0.00 0.01 7 49 4 12 5
katsuran4 3 perturbation 0.09 0.07 0.07 0.00 0.00 7 49 4 12 5
katsuran4 4 perturbation 0.10 0.07 0.07 0.00 0.00 7 49 4 12 5
katsuran4 5 perturbation 0.09 0.07 0.07 0.00 0.00 7 49 4 12 5
katsuran4 6 perturbation 0.11 0.08 0.08 0.01 0.01 7 49 4 12 5
katsuran4 7 perturbation 0.11 0.08 0.08 0.00 0.01 7 49 4 12 5
katsuran4 8 perturbation 0.11 0.09 0.08 0.00 0.01 7 49 4 12 5
katsuran4 9 perturbation 0.10 0.07 0.07 0.00 0.01 7 49 4 12 5
katsuran4 10 perturbation 0.09 0.07 0.06 0.00 0.01 7 49 4 12 5
katsuran4 11 perturbation 0.09 0.07 0.06 0.00 0.01 7 49 4 12 5
katsuran4 12 perturbation 0.09 0.07 0.06 0.00 0.01 7 49 4 12 5
katsuran4 13 perturbation 0.09 0.07 0.06 0.00 0.01 7 49 4 12 5
katsuran4 14 perturbation 0.10 0.08 0.07 0.00 0.01 7 49 4 12 5
katsuran4 15 perturbation 0.09 0.07 0.06 0.00 0.01 7 49 4 12 5
katsuran4 16 perturbation 0.11 0.08 0.08 0.01 0.01 7 49 4 12 5
katsuran4 17 perturbation 0.12 0.08 0.08 0.01 0.01 7 49 4 12 5
katsuran4 18 perturbation 0.15 0.11 0.10 0.01 0.01 7 49 4 12 5
katsuran4 19 perturbation 0.12 0.09 0.08 0.00 0.00 7 49 4 12 5
katsuran4 20 perturbation 0.10 0.08 0.07 0.00 0.01 7 49 4 12 5
katsuran4 21 perturbation 0.10 0.07 0.07 0.00 0.00 7 49 4 12 5
katsuran4 22 perturbation 0.10 0.07 0.07 0.00 0.01 7 49 4 12 5
katsuran4 23 perturbation 0.10 0.07 0.07 0.00 0.01 7 49 4 12 5
katsuran4 24 perturbation 0.09 0.07 0.07 0.00 0.01 7 49 4 12 5
katsuran4 25 perturbation 0.11 0.08 0.07 0.00 0.01 7 49 4 12 5
katsuran4 26 perturbation 0.12 0.09 0.08 0.00 0.01 7 49 4 12 5
katsuran4 27 perturbation 0.10 0.08 0.07 0.00 0.01 7 49 4 12 5
katsuran4 28 perturbation 0.09 0.07 0.06 0.00 0.01 7 49 4 12 5
katsuran4 29 perturbation 0.09 0.07 0.06 0.00 0.00 7 49 4 12 5
katsuranh4 0 perturbation 0.11 0.09 0.08 0.00 0.01 7 49 4 12 5
katsuranh4 1 perturbation 0.11 0.09 0.08 0.01 0.01 7 49 4 12 5
katsuranh4 2 perturbation 0.11 0.09 0.08 0.00 0.01 7 49 4 12 5
katsuranh4 3 perturbation 0.12 0.09 0.08 0.00 0.01 7 49 4 12 5
katsuranh4 4 perturbation 0.13 0.11 0.10 0.00 0.01 7 49 4 12 5
katsuranh4 5 perturbation 0.13 0.10 0.09 0.00 0.01 7 49 4 12 5
katsuranh4 6 perturbation 0.12 0.09 0.08 0.00 0.01 7 49 4 12 5
katsuranh4 7 perturbation 0.11 0.08 0.08 0.00 0.01 7 49 4 12 5
katsuranh4 8 perturbation 0.12 0.09 0.08 0.00 0.01 7 49 4 12 5
katsuranh4 9 perturbation 0.11 0.08 0.08 0.00 0.01 7 49 4 12 5
katsuranh4 10 perturbation 0.11 0.09 0.08 0.00 0.01 7 49 4 12 5
katsuranh4 11 perturbation 0.11 0.09 0.08 0.00 0.01 7 49 4 12 5
katsuranh4 12 perturbation 0.11 0.08 0.08 0.00 0.01 7 49 4 12 5
katsuranh4 13 perturbation 0.15 0.11 0.11 0.00 0.01 7 49 4 12 5
katsuranh4 14 perturbation 0.13 0.10 0.09 0.00 0.01 7 49 4 12 5
katsuranh4 15 perturbation 0.12 0.09 0.08 0.01 0.01 7 49 4 12 5
katsuranh4 16 perturbation 0.12 0.09 0.08 0.00 0.01 7 49 4 12 5
katsuranh4 17 perturbation 0.12 0.10 0.09 0.00 0.01 7 49 4 12 5
katsuranh4 18 perturbation 0.11 0.09 0.08 0.00 0.01 7 49 4 12 5
katsuranh4 19 perturbation 0.11 0.09 0.08 0.00 0.01 7 49 4 12 5
katsuranh4 20 perturbation 0.11 0.08 0.08 0.00 0.01 7 49 4 12 5
katsuranh4 21 perturbation 0.13 0.10 0.09 0.01 0.01 7 49 4 12 5
katsuranh4 22 perturbation 0.13 0.10 0.09 0.00 0.01 7 49 4 12 5
katsuranh4 23 perturbation 0.13 0.10 0.09 0.00 0.01 7 49 4 12 5
katsuranh4 24 perturbation 0.11 0.09 0.08 0.00 0.01 7 49 4 12 5
katsuranh4 25 perturbation 0.12 0.09 0.08 0.00 0.01 7 49 4 12 5
katsuranh4 26 perturbation 0.12 0.09 0.08 0.00 0.01 7 49 4 12 5
katsuranh4 27 perturbation 0.11 0.09 0.08 0.00 0.01 7 49 4 12 5
katsuranh4 28 perturbation 0.12 0.09 0.08 0.00 0.01 7 49 4 12 5
katsuranh4 29 perturbation 0.14 0.10 0.09 0.00 0.01 7 49 4 12 5
katsuran5 0 perturbation 0.31 0.22 0.19 0.02 0.05 13 168 5 31 18
katsuran5 1 perturbation 0.28 0.19 0.17 0.02 0.04 13 168 5 31 18
katsuran5 2 perturbation 0.27 0.19 0.17 0.02 0.04 13 168 5 31 18
katsuran5 3 perturbation 0.30 0.21 0.19 0.02 0.04 13 168 5 31 18
katsuran5 4 perturbation 0.27 0.19 0.17 0.02 0.05 13 168 5 31 18
katsuran5 5 perturbation 0.28 0.19 0.17 0.02 0.05 13 168 5 31 18
katsuran5 6 perturbation 0.32 0.19 0.17 0.02 0.08 13 168 5 31 18
katsuran5 7 perturbation 0.31 0.22 0.20 0.02 0.04 13 168 5 31 18
katsuran5 8 perturbation 0.28 0.19 0.17 0.02 0.05 13 168 5 31 18
katsuran5 9 perturbation 0.27 0.19 0.17 0.02 0.04 13 168 5 31 18
katsuran5 10 perturbation 0.33 0.23 0.21 0.02 0.05 13 168 5 31 18
katsuran5 11 perturbation 0.30 0.20 0.19 0.02 0.05 13 168 5 31 18
katsuran5 12 perturbation 0.30 0.20 0.19 0.02 0.05 13 168 5 31 18
katsuran5 13 perturbation 0.37 0.24 0.22 0.03 0.07 13 168 5 31 18
katsuran5 14 perturbation 0.36 0.25 0.22 0.02 0.06 13 168 5 31 18
katsuran5 15 perturbation 0.34 0.22 0.20 0.02 0.06 13 168 5 31 18
katsuran5 16 perturbation 0.38 0.25 0.23 0.03 0.06 13 168 5 31 18
katsuran5 17 perturbation 0.30 0.21 0.20 0.02 0.04 13 168 5 31 18
katsuran5 18 perturbation 0.28 0.19 0.17 0.02 0.05 13 168 5 31 18
katsuran5 19 perturbation 0.31 0.21 0.19 0.02 0.05 13 168 5 31 18
katsuran5 20 perturbation 0.29 0.20 0.19 0.02 0.05 13 168 5 31 18
katsuran5 21 perturbation 0.28 0.19 0.17 0.02 0.05 13 168 5 31 18
katsuran5 22 perturbation 0.35 0.21 0.20 0.03 0.07 13 168 5 31 18
katsuran5 23 perturbation 0.41 0.25 0.23 0.03 0.09 13 168 5 31 18
katsuran5 24 perturbation 0.35 0.24 0.22 0.02 0.05 13 168 5 31 18
katsuran5 25 perturbation 0.48 0.22 0.20 0.03 0.06 13 168 5 31 18
katsuran5 26 perturbation 0.32 0.20 0.18 0.02 0.07 13 168 5 31 18
katsuran5 27 perturbation 0.29 0.20 0.18 0.02 0.04 13 168 5 31 18
katsuran5 28 perturbation 0.31 0.21 0.19 0.02 0.05 13 168 5 31 18
katsuran5 29 perturbation 0.27 0.19 0.17 0.02 0.04 13 168 5 31 18
katsuranh5 0 perturbation 0.30 0.21 0.19 0.02 0.05 13 168 5 31 18
katsuranh5 1 perturbation 0.37 0.27 0.24 0.02 0.05 13 168 5 31 18
katsuranh5 2 perturbation 0.30 0.22 0.20 0.02 0.04 13 168 5 31 18
katsuranh5 3 perturbation 0.31 0.21 0.19 0.02 0.06 13 168 5 31 18
katsuranh5 4 perturbation 0.35 0.25 0.22 0.02 0.05 13 168 5 31 18
katsuranh5 5 perturbation 0.33 0.23 0.21 0.02 0.05 13 168 5 31 18
katsuranh5 6 perturbation 0.32 0.23 0.21 0.02 0.04 13 168 5 31 18
katsuranh5 7 perturbation 0.41 0.28 0.25 0.03 0.07 13 168 5 31 18
katsuranh5 8 perturbation 0.36 0.26 0.24 0.02 0.05 13 168 5 31 18
katsuranh5 9 perturbation 0.31 0.22 0.20 0.02 0.05 13 168 5 31 18
katsuranh5 10 perturbation 0.36 0.26 0.24 0.02 0.05 13 168 5 31 18
katsuranh5 11 perturbation 0.34 0.24 0.21 0.02 0.04 13 168 5 31 18
katsuranh5 12 perturbation 0.32 0.23 0.21 0.02 0.05 13 168 5 31 18
katsuranh5 13 perturbation 0.35 0.26 0.23 0.02 0.05 13 168 5 31 18
katsuranh5 14 perturbation 0.31 0.22 0.20 0.02 0.05 13 168 5 31 18
katsuranh5 15 perturbation 0.31 0.22 0.20 0.02 0.04 13 168 5 31 18
katsuranh5 16 perturbation 0.42 0.28 0.26 0.03 0.06 13 168 5 31 18
katsuranh5 17 perturbation 0.40 0.29 0.26 0.02 0.05 13 168 5 31 18
katsuranh5 18 perturbation 0.46 0.30 0.27 0.03 0.08 13 168 5 31 18
katsuranh5 19 perturbation 0.43 0.31 0.28 0.02 0.06 13 168 5 31 18
katsuranh5 20 perturbation 0.32 0.24 0.21 0.02 0.04 13 168 5 31 18
katsuranh5 21 perturbation 0.43 0.28 0.26 0.03 0.08 13 168 5 31 18
katsuranh5 22 perturbation 0.34 0.25 0.22 0.02 0.05 13 168 5 31 18
katsuranh5 23 perturbation 0.33 0.23 0.20 0.02 0.05 13 168 5 31 18
katsuranh5 24 perturbation 0.33 0.24 0.22 0.02 0.04 13 168 5 31 18
katsuranh5 25 perturbation 0.31 0.22 0.20 0.02 0.05 13 168 5 31 18
katsuranh5 26 perturbation 0.32 0.23 0.21 0.02 0.05 13 168 5 31 18
katsuranh5 27 perturbation 0.33 0.24 0.21 0.02 0.05 13 168 5 31 18
katsuranh5 28 perturbation 0.33 0.24 0.21 0.02 0.05 13 168 5 31 18
katsuranh5 29 perturbation 0.35 0.24 0.22 0.02 0.05 13 168 5 31 18
katsuran6 0 perturbation 0.89 0.42 0.38 0.08 0.34 22 528 6 70 48
katsuran6 1 perturbation 0.81 0.38 0.34 0.07 0.32 22 528 6 70 48
katsuran6 2 perturbation 0.80 0.37 0.33 0.07 0.30 22 528 6 70 48
katsuran6 3 perturbation 0.79 0.39 0.35 0.06 0.29 22 528 6 70 48
katsuran6 4 perturbation 0.75 0.33 0.30 0.06 0.31 22 528 6 70 48
katsuran6 5 perturbation 0.79 0.38 0.34 0.07 0.29 22 528 6 70 48
katsuran6 6 perturbation 0.79 0.38 0.34 0.07 0.30 22 528 6 70 48
katsuran6 7 perturbation 0.77 0.36 0.31 0.07 0.30 22 528 6 70 48
katsuran6 8 perturbation 0.78 0.34 0.30 0.07 0.33 22 528 6 70 48
katsuran6 9 perturbation 0.76 0.38 0.34 0.06 0.28 22 528 6 70 48
katsuran6 10 perturbation 0.90 0.44 0.39 0.07 0.34 22 528 6 70 48
katsuran6 11 perturbation 0.90 0.43 0.38 0.08 0.35 22 528 6 70 48
katsuran6 12 perturbation 0.79 0.37 0.33 0.07 0.32 22 528 6 70 48
katsuran6 13 perturbation 0.85 0.39 0.35 0.06 0.35 22 528 6 70 48
katsuran6 14 perturbation 0.82 0.35 0.31 0.07 0.34 22 528 6 70 48
katsuran6 15 perturbation 0.81 0.40 0.36 0.07 0.30 22 528 6 70 48
katsuran6 16 perturbation 0.75 0.36 0.32 0.06 0.29 22 528 6 70 48
katsuran6 17 perturbation 0.79 0.39 0.34 0.06 0.30 22 528 6 70 48
katsuran6 18 perturbation 0.82 0.38 0.35 0.06 0.34 22 528 6 70 48
katsuran6 19 perturbation 0.80 0.39 0.36 0.07 0.29 22 528 6 70 48
katsuran6 20 perturbation 0.76 0.37 0.33 0.06 0.29 22 528 6 70 48
katsuran6 21 perturbation 0.78 0.39 0.34 0.06 0.28 22 528 6 70 48
katsuran6 22 perturbation 0.79 0.35 0.31 0.08 0.32 22 528 6 70 48
katsuran6 23 perturbation 0.79 0.37 0.34 0.06 0.32 22 528 6 70 48
katsuran6 24 perturbation 0.94 0.45 0.40 0.07 0.37 22 528 6 70 48
katsuran6 25 perturbation 0.92 0.43 0.38 0.08 0.36 22 528 6 70 48
katsuran6 26 perturbation 0.80 0.39 0.35 0.06 0.30 22 528 6 70 48
katsuran6 27 perturbation 0.92 0.43 0.38 0.07 0.37 22 528 6 70 48
katsuran6 28 perturbation 0.80 0.39 0.35 0.07 0.29 22 528 6 70 48
katsuran6 29 perturbation 0.79 0.36 0.32 0.08 0.31 22 528 6 70 48
katsuranh6 0 perturbation 0.93 0.49 0.41 0.07 0.32 22 528 6 70 48
katsuranh6 1 perturbation 0.87 0.47 0.41 0.06 0.29 22 528 6 70 48
katsuranh6 2 perturbation 0.88 0.47 0.41 0.07 0.30 22 528 6 70 48
katsuranh6 3 perturbation 0.85 0.45 0.39 0.06 0.29 22 528 6 70 48
katsuranh6 4 perturbation 0.84 0.44 0.39 0.07 0.28 22 528 6 70 48
katsuranh6 5 perturbation 0.86 0.45 0.39 0.08 0.29 22 528 6 70 48
katsuranh6 6 perturbation 0.89 0.46 0.41 0.08 0.30 22 528 6 70 48
katsuranh6 7 perturbation 0.99 0.48 0.42 0.09 0.37 22 528 6 70 48
katsuranh6 8 perturbation 1.04 0.52 0.46 0.10 0.37 22 528 6 70 48
katsuranh6 9 perturbation 0.89 0.44 0.39 0.08 0.32 22 528 6 70 48
katsuranh6 10 perturbation 0.96 0.49 0.43 0.09 0.34 22 528 6 70 48
katsuranh6 11 perturbation 0.93 0.49 0.44 0.07 0.32 22 528 6 70 48
katsuranh6 12 perturbation 0.87 0.46 0.41 0.06 0.30 22 528 6 70 48
katsuranh6 13 perturbation 0.83 0.41 0.37 0.06 0.31 22 528 6 70 48
katsuranh6 14 perturbation 0.82 0.44 0.39 0.07 0.27 22 528 6 70 48
katsuranh6 15 perturbation 0.82 0.43 0.38 0.07 0.28 22 528 6 70 48
katsuranh6 16 perturbation 0.82 0.42 0.38 0.07 0.27 22 528 6 70 48
katsuranh6 17 perturbation 0.85 0.42 0.37 0.07 0.31 22 528 6 70 48
katsuranh6 18 perturbation 0.88 0.46 0.41 0.06 0.31 22 528 6 70 48
katsuranh6 19 perturbation 0.85 0.44 0.40 0.07 0.30 22 528 6 70 48
katsuranh6 20 perturbation 0.89 0.45 0.40 0.06 0.33 22 528 6 70 48
katsuranh6 21 perturbation 0.96 0.48 0.43 0.07 0.35 22 528 6 70 48
katsuranh6 22 perturbation 1.08 0.54 0.48 0.09 0.39 22 528 6 70 48
katsuranh6 23 perturbation 0.90 0.45 0.40 0.06 0.34 22 528 6 70 48
katsuranh6 24 perturbation 0.87 0.48 0.43 0.06 0.29 22 528 6 70 48
katsuranh6 25 perturbation 0.91 0.46 0.41 0.08 0.31 22 528 6 70 48
katsuranh6 26 perturbation 0.85 0.45 0.40 0.06 0.29 22 528 6 70 48
katsuranh6 27 perturbation 1.00 0.43 0.39 0.10 0.41 22 528 6 70 48
katsuranh6 28 perturbation 0.86 0.45 0.40 0.07 0.30 22 528 6 70 48
katsuranh6 29 perturbation 0.86 0.43 0.38 0.07 0.32 22 528 6 70 48
cyclicn4 0 random 0.09 0.07 0.05 0.00 0.00 7 30 6 12 5
cyclicn4 1 random 0.09 0.07 0.05 0.00 0.00 7 30 6 12 5
cyclicn4 2 random 0.09 0.07 0.06 0.00 0.00 7 30 6 12 5
cyclicn4 3 random 0.10 0.07 0.06 0.00 0.00 7 30 6 12 5
cyclicn4 4 random 0.09 0.07 0.05 0.00 0.00 7 30 6 12 5
cyclicn4 5 random 0.09 0.07 0.05 0.00 0.00 7 30 6 12 5
cyclicn4 6 random 0.10 0.09 0.07 0.00 0.00 7 30 6 12 5
cyclicn4 7 random 0.11 0.08 0.06 0.00 0.00 7 30 6 12 5
cyclicn4 8 random 0.10 0.08 0.06 0.00 0.00 7 30 6 12 5
cyclicn4 9 random 0.10 0.08 0.06 0.00 0.00 7 30 6 12 5
cyclicn4 10 random 0.08 0.06 0.05 0.00 0.00 7 30 6 12 5
cyclicn4 11 random 0.09 0.07 0.05 0.00 0.00 7 30 6 12 5
cyclicn4 12 random 0.08 0.06 0.05 0.00 0.00 7 30 6 12 5
cyclicn4 13 random 0.08 0.06 0.05 0.00 0.00 7 30 6 12 5
cyclicn4 14 random 0.09 0.07 0.05 0.00 0.00 7 30 6 12 5
cyclicn4 15 random 0.08 0.06 0.05 0.00 0.00 7 30 6 12 5
cyclicn4 16 random 0.08 0.06 0.04 0.00 0.00 7 30 6 12 5
cyclicn4 17 random 0.09 0.06 0.05 0.00 0.00 7 30 6 12 5
cyclicn4 18 random 0.10 0.08 0.06 0.00 0.00 7 30 6 12 5
cyclicn4 19 random 0.08 0.06 0.05 0.00 0.00 7 30 6 12 5
cyclicn4 20 random 0.09 0.07 0.06 0.00 0.00 7 30 6 12 5
cyclicn4 21 random 0.09 0.07 0.05 0.00 0.00 7 30 6 12 5
cyclicn4 22 random 0.08 0.06 0.05 0.00 0.00 7 30 6 12 5
cyclicn4 23 random 0.09 0.07 0.05 0.00 0.00 7 30 6 12 5
cyclicn4 24 random 0.09 0.07 0.05 0.00 0.00 7 30 6 12 5
cyclicn4 25 random 0.08 0.06 0.05 0.00 0.00 7 30 6 12 5
cyclicn4 26 random 0.09 0.07 0.05 0.00 0.00 7 30 6 12 5
cyclicn4 27 random 0.09 0.07 0.06 0.00 0.00 7 30 6 12 5
cyclicn4 28 random 0.11 0.07 0.05 0.01 0.00 7 30 6 12 5
cyclicn4 29 random 0.11 0.08 0.06 0.00 0.00 7 30 6 12 5
cyclicnh4 0 random 0.10 0.08 0.05 0.00 0.00 7 30 6 12 5
cyclicnh4 1 random 0.10 0.08 0.06 0.00 0.00 7 30 6 12 5
cyclicnh4 2 random 0.09 0.07 0.05 0.00 0.00 7 30 6 12 5
cyclicnh4 3 random 0.09 0.06 0.05 0.00 0.00 7 30 6 12 5
cyclicnh4 4 random 0.09 0.07 0.05 0.00 0.00 7 30 6 12 5
cyclicnh4 5 random 0.09 0.07 0.06 0.00 0.00 7 30 6 12 5
cyclicnh4 6 random 0.11 0.08 0.06 0.01 0.00 7 30 6 12 5
cyclicnh4 7 random 0.13 0.10 0.07 0.01 0.00 7 30 6 12 5
cyclicnh4 8 random 0.14 0.12 0.09 0.01 0.00 7 30 6 12 5
cyclicnh4 9 random 0.14 0.11 0.07 0.01 0.00 7 30 6 12 5
cyclicnh4 10 random 0.13 0.11 0.08 0.00 0.00 7 30 6 12 5
cyclicnh4 11 random 0.12 0.09 0.07 0.01 0.00 7 30 6 12 5
cyclicnh4 12 random 0.13 0.10 0.08 0.00 0.00 7 30 6 12 5
cyclicnh4 13 random 0.14 0.10 0.08 0.01 0.00 7 30 6 12 5
cyclicnh4 14 random 0.12 0.10 0.07 0.01 0.00 7 30 6 12 5
cyclicnh4 15 random 0.13 0.10 0.07 0.00 0.00 7 30 6 12 5
cyclicnh4 16 random 0.13 0.10 0.08 0.01 0.00 7 30 6 12 5
cyclicnh4 17 random 0.12 0.09 0.07 0.00 0.00 7 30 6 12 5
cyclicnh4 18 random 0.12 0.09 0.07 0.00 0.00 7 30 6 12 5
cyclicnh4 19 random 0.09 0.07 0.05 0.00 0.00 7 30 6 12 5
cyclicnh4 20 random 0.10 0.07 0.06 0.00 0.00 7 30 6 12 5
cyclicnh4 21 random 0.08 0.07 0.05 0.00 0.00 7 30 6 12 5
cyclicnh4 22 random 0.09 0.07 0.05 0.00 0.00 7 30 6 12 5
cyclicnh4 23 random 0.09 0.07 0.05 0.00 0.00 7 30 6 12 5
cyclicnh4 24 random 0.09 0.07 0.05 0.00 0.00 7 30 6 12 5
cyclicnh4 25 random 0.08 0.06 0.05 0.00 0.00 7 30 6 12 5
cyclicnh4 26 random 0.12 0.08 0.07 0.01 0.00 7 30 6 12 5
cyclicnh4 27 random 0.12 0.09 0.06 0.01 0.00 7 30 6 12 5
cyclicnh4 28 random 0.11 0.09 0.07 0.00 0.00 7 30 6 12 5
cyclicnh4 29 random 0.09 0.07 0.05 0.00 0.00 7 30 6 12 5
cyclicn5 0 random 0.81 0.32 0.24 0.18 0.25 20 232 8 113 75
cyclicn5 1 random 0.98 0.48 0.41 0.19 0.25 20 232 8 113 75
cyclicn5 2 random 0.79 0.33 0.25 0.17 0.23 20 232 8 113 75
cyclicn5 3 random 1.48 0.62 0.47 0.36 0.42 19 226 8 155 109
cyclicn5 4 random 0.83 0.32 0.25 0.17 0.27 20 232 8 113 75
cyclicn5 5 random 0.79 0.32 0.25 0.17 0.24 20 232 8 113 75
cyclicn5 6 random 0.81 0.34 0.26 0.18 0.23 20 232 8 113 75
cyclicn5 7 random 0.79 0.32 0.25 0.18 0.24 20 232 8 113 75
cyclicn5 8 random 0.84 0.32 0.24 0.19 0.27 20 232 8 113 75
cyclicn5 9 random 0.81 0.33 0.25 0.18 0.25 20 232 8 113 75
cyclicn5 10 random 1.11 0.45 0.35 0.24 0.36 21 250 8 119 78
cyclicn5 11 random 1.09 0.42 0.32 0.25 0.34 20 232 8 113 75
cyclicn5 12 random 1.63 0.68 0.53 0.42 0.45 15 152 11 173 125
cyclicn5 13 random 0.78 0.31 0.24 0.17 0.25 20 232 8 113 75
cyclicn5 14 random 0.83 0.34 0.26 0.17 0.25 20 232 8 113 75
cyclicn5 15 random 0.84 0.32 0.25 0.18 0.27 20 232 8 113 75
cyclicn5 16 random 0.89 0.33 0.25 0.19 0.30 20 232 8 113 75
cyclicn5 17 random 0.84 0.33 0.26 0.18 0.27 20 232 8 113 75
cyclicn5 18 random 0.81 0.31 0.24 0.19 0.26 20 232 8 113 75
cyclicn5 19 random 1.18 0.52 0.38 0.26 0.33 19 212 11 140 97
cyclicn5 20 random 0.82 0.32 0.25 0.18 0.26 20 232 8 113 75
cyclicn5 21 random 0.83 0.34 0.25 0.17 0.26 20 232 8 113 75
cyclicn5 22 random 1.06 0.56 0.47 0.17 0.27 20 232 8 113 75
cyclicn5 23 random 0.97 0.39 0.30 0.21 0.29 20 232 8 113 75
cyclicn5 24 random 1.05 0.44 0.32 0.23 0.31 20 232 8 113 75
cyclicn5 25 random 0.81 0.34 0.25 0.18 0.25 20 232 8 113 75
cyclicn5 26 random 0.83 0.34 0.26 0.17 0.25 20 232 8 113 75
cyclicn5 27 random 0.90 0.36 0.26 0.20 0.27 20 232 8 113 75
cyclicn5 28 random 0.85 0.33 0.25 0.19 0.28 20 232 8 113 75
cyclicn5 29 random 0.81 0.32 0.25 0.19 0.25 20 232 8 113 75
cyclicnh5 0 random 0.44 0.23 0.18 0.08 0.09 12 171 7 50 26
cyclicnh5 1 random 0.49 0.24 0.19 0.09 0.11 12 158 7 50 26
cyclicnh5 2 random 0.86 0.37 0.28 0.19 0.24 38 538 13 113 75
cyclicnh5 3 random 0.86 0.36 0.27 0.18 0.26 38 538 13 113 75
cyclicnh5 4 random 0.84 0.35 0.27 0.17 0.25 38 538 13 113 75
cyclicnh5 5 random 0.94 0.37 0.28 0.20 0.30 38 538 13 113 75
cyclicnh5 6 random 1.08 0.44 0.32 0.23 0.32 38 538 13 113 75
cyclicnh5 7 random 1.00 0.43 0.32 0.19 0.31 38 538 13 113 75
cyclicnh5 8 random 0.38 0.25 0.20 0.03 0.07 12 158 7 33 16
cyclicnh5 9 random 0.86 0.37 0.27 0.17 0.25 38 538 13 113 75
cyclicnh5 10 random 0.84 0.36 0.27 0.18 0.24 38 538 13 113 75
cyclicnh5 11 random 0.58 0.27 0.20 0.11 0.15 16 221 10 62 34
cyclicnh5 12 random 0.85 0.34 0.26 0.20 0.25 38 538 13 113 75
cyclicnh5 13 random 0.86 0.34 0.25 0.19 0.26 38 538 13 113 75
cyclicnh5 14 random 0.82 0.35 0.26 0.16 0.25 38 538 13 113 75
cyclicnh5 15 random 0.60 0.31 0.23 0.11 0.14 14 191 9 56 30
cyclicnh5 16 random 0.87 0.36 0.28 0.20 0.26 38 538 13 113 75
cyclicnh5 17 random 0.90 0.39 0.29 0.19 0.27 38 538 13 113 75
cyclicnh5 18 random 0.86 0.34 0.25 0.19 0.27 38 538 13 113 75
cyclicnh5 19 random 0.86 0.35 0.26 0.19 0.26 38 538 13 113 75
cyclicnh5 20 random 0.94 0.38 0.29 0.21 0.28 38 538 13 113 75
cyclicnh5 21 random 0.91 0.38 0.29 0.19 0.27 38 538 13 113 75
cyclicnh5 22 random 1.41 0.75 0.62 0.25 0.33 38 538 13 113 75
cyclicnh5 23 random 0.90 0.36 0.27 0.19 0.28 38 538 13 113 75
cyclicnh5 24 random 0.80 0.32 0.24 0.18 0.24 38 538 13 113 75
cyclicnh5 25 random 0.57 0.29 0.21 0.09 0.15 20 287 13 56 32
cyclicnh5 26 random 0.87 0.36 0.27 0.19 0.26 38 538 13 113 75
cyclicnh5 27 random 0.90 0.36 0.26 0.20 0.27 38 538 13 113 75
cyclicnh5 28 random 0.86 0.34 0.25 0.19 0.26 38 538 13 113 75
cyclicnh5 29 random 0.82 0.32 0.24 0.17 0.26 38 538 13 113 75
cyclicn6 0 random 13.91 1.53 1.07 2.86 9.26 56 1357 10 443 320
cyclicn6 1 random 22.79 1.97 1.36 3.70 16.84 38 897 13 479 331
cyclicn6 2 random 8.62 1.05 0.73 1.81 5.58 45 1135 9 354 255
cyclicn6 3 random 15.41 1.61 1.13 3.40 10.14 43 1110 15 483 352
cyclicn6 4 random 8.71 1.00 0.70 1.78 5.75 45 1135 9 354 255
cyclicn6 5 random 8.83 0.99 0.69 1.97 5.68 45 1135 9 354 255
cyclicn6 6 random 8.98 1.34 0.77 1.86 5.58 45 1135 9 354 255
cyclicn6 7 random 8.88 1.04 0.74 1.97 5.68 45 1135 9 354 255
cyclicn6 8 random 37.77 2.96 1.97 10.55 23.87 21 408 48 571 357
cyclicn6 9 random 9.46 1.06 0.75 2.08 6.13 45 1135 9 354 255
cyclicn6 10 random 17.17 1.72 1.21 3.51 11.69 59 1470 10 501 366
cyclicn6 11 random 6.08 0.72 0.51 1.36 3.87 45 1135 9 354 255
cyclicn6 12 random 5.92 0.69 0.49 1.31 3.80 45 1135 9 354 255
cyclicn6 13 random 5.82 0.67 0.48 1.30 3.73 45 1135 9 354 255
cyclicn6 14 random 5.82 0.67 0.47 1.30 3.74 45 1135 9 354 255
cyclicn6 15 random 6.04 0.87 0.68 1.30 3.74 45 1135 9 354 255
cyclicn6 16 random 5.93 0.68 0.48 1.30 3.82 45 1135 9 354 255
cyclicn6 17 random 5.89 0.68 0.48 1.31 3.79 45 1135 9 354 255
cyclicn6 18 random 5.88 0.67 0.47 1.32 3.78 45 1135 9 354 255
cyclicn6 19 random 5.86 0.65 0.46 1.31 3.78 45 1135 9 354 255
cyclicn6 20 random 5.86 0.68 0.49 1.30 3.76 45 1135 9 354 255
cyclicn6 21 random 12.98 1.26 0.86 3.12 8.42 19 363 48 494 339
cyclicn6 22 random 5.86 0.69 0.49 1.31 3.75 45 1135 9 354 255
cyclicn6 23 random 8.09 0.98 0.68 2.04 4.93 37 859 19 427 307
cyclicn6 24 random 5.86 0.66 0.47 1.31 3.78 45 1135 9 354 255
cyclicn6 25 random 5.88 0.67 0.48 1.32 3.76 45 1135 9 354 255
cyclicn6 26 random 5.88 0.68 0.48 1.31 3.77 45 1135 9 354 255
cyclicn6 27 random 8.73 0.66 0.47 2.35 5.57 36 817 20 451 323
cyclicn6 28 random 6.09 0.90 0.48 1.30 3.76 45 1135 9 354 255
cyclicn6 29 random 5.93 0.69 0.49 1.32 3.80 45 1135 9 354 255
cyclicnh6 0 random 0.89 0.22 0.17 0.13 0.49 35 1299 9 108 69
cyclicnh6 1 random 1.35 0.26 0.20 0.23 0.81 31 1266 10 116 70
cyclicnh6 2 random 0.93 0.23 0.17 0.12 0.54 31 1457 11 99 62
cyclicnh6 3 random 1.90 0.44 0.33 0.33 1.07 41 1533 10 150 96
cyclicnh6 4 random 1.93 0.31 0.23 0.30 1.26 50 1619 14 172 114
cyclicnh6 5 random 2.68 0.38 0.28 0.43 1.80 60 1777 12 208 141
cyclicnh6 6 random 4.37 0.56 0.40 1.31 2.40 34 1419 10 244 158
cyclicnh6 7 random 0.98 0.16 0.12 0.12 0.67 28 1219 9 88 52
cyclicnh6 8 random 0.90 0.22 0.17 0.13 0.50 28 1292 9 98 60
cyclicnh6 9 random 3.00 0.50 0.37 0.58 1.84 51 2140 13 195 129
cyclicnh6 10 random 4.33 0.55 0.40 0.60 3.09 74 3152 19 267 186
cyclicnh6 11 random 1.89 0.24 0.18 0.29 1.30 45 2338 16 154 102
cyclicnh6 12 random 1.45 0.30 0.22 0.22 0.88 30 1250 9 110 64
cyclicnh6 13 random 2.21 0.30 0.23 0.46 1.38 37 1682 11 179 117
cyclicnh6 14 random 2.10 0.45 0.33 0.27 1.31 47 2276 11 157 103
cyclicnh6 15 random 1.45 0.30 0.23 0.25 0.85 32 1289 9 120 72
cyclicnh6 16 random 6.13 0.58 0.42 1.31 4.11 99 3502 15 389 290
cyclicnh6 17 random 1.19 0.31 0.23 0.16 0.68 33 1424 10 106 66
cyclicnh6 18 random 1.05 0.22 0.17 0.13 0.65 33 1682 13 106 68
cyclicnh6 19 random 2.23 0.31 0.22 0.35 1.50 54 2240 16 188 127
cyclicnh6 20 random 1.52 0.37 0.27 0.21 0.88 40 1825 10 131 84
cyclicnh6 21 random 6.12 0.56 0.40 1.30 4.14 99 3502 15 389 290
cyclicnh6 22 random 1.52 0.17 0.13 0.22 1.08 44 2142 12 143 94
cyclicnh6 23 random 1.21 0.30 0.23 0.16 0.71 33 1465 10 104 64
cyclicnh6 24 random 1.95 0.44 0.32 0.31 1.14 43 1883 12 159 104
cyclicnh6 25 random 2.44 0.45 0.33 0.53 1.39 30 1379 9 220 159
cyclicnh6 26 random 6.14 0.56 0.40 1.31 4.14 99 3502 15 389 290
cyclicnh6 27 random 2.23 0.31 0.23 0.38 1.48 44 2016 12 168 108
cyclicnh6 28 random 1.21 0.24 0.18 0.18 0.74 31 1425 10 113 70
cyclicnh6 29 random 0.88 0.17 0.13 0.13 0.54 32 1308 9 100 61
katsuran4 0 random 0.06 0.04 0.03 0.00 0.00 7 49 4 12 5
katsuran4 1 random 0.06 0.05 0.04 0.00 0.00 7 49 4 12 5
katsuran4 2 random 0.06 0.05 0.04 0.00 0.00 7 49 4 12 5
katsuran4 3 random 0.06 0.05 0.04 0.00 0.00 7 49 4 12 5
katsuran4 4 random 0.06 0.05 0.04 0.00 0.00 7 49 4 12 5
katsuran4 5 random 0.07 0.05 0.04 0.00 0.00 7 49 4 12 5
katsuran4 6 random 0.06 0.04 0.03 0.00 0.00 7 49 4 12 5
katsuran4 7 random 0.06 0.04 0.03 0.00 0.00 7 49 4 12 5
katsuran4 8 random 0.33 0.31 0.03 0.00 0.00 7 49 4 12 5
katsuran4 9 random 0.06 0.04 0.03 0.00 0.00 7 49 4 12 5
katsuran4 10 random 0.06 0.05 0.03 0.00 0.00 7 49 4 12 5
katsuran4 11 random 0.06 0.05 0.04 0.00 0.00 7 49 4 12 5
katsuran4 12 random 0.06 0.04 0.03 0.00 0.00 7 49 4 12 5
katsuran4 13 random 0.07 0.05 0.04 0.00 0.00 7 49 4 12 5
katsuran4 14 random 0.07 0.05 0.04 0.00 0.00 7 49 4 12 5
katsuran4 15 random 0.06 0.05 0.03 0.00 0.00 7 49 4 12 5
katsuran4 16 random 0.06 0.05 0.04 0.00 0.00 7 49 4 12 5
katsuran4 17 random 0.06 0.05 0.04 0.00 0.00 7 49 4 12 5
katsuran4 18 random 0.06 0.04 0.03 0.00 0.00 7 49 4 12 5
katsuran4 19 random 0.07 0.05 0.04 0.00 0.00 7 49 4 12 5
katsuran4 20 random 0.06 0.05 0.04 0.00 0.00 7 49 4 12 5
katsuran4 21 random 0.06 0.05 0.04 0.00 0.00 7 49 4 12 5
katsuran4 22 random 0.06 0.05 0.04 0.00 0.00 7 49 4 12 5
katsuran4 23 random 0.06 0.05 0.04 0.00 0.00 7 49 4 12 5
katsuran4 24 random 0.06 0.04 0.03 0.00 0.00 7 49 4 12 5
katsuran4 25 random 0.07 0.05 0.04 0.00 0.00 7 49 4 12 5
katsuran4 26 random 0.06 0.05 0.03 0.00 0.00 7 49 4 12 5
katsuran4 27 random 0.06 0.04 0.03 0.00 0.00 7 49 4 12 5
katsuran4 28 random 0.06 0.04 0.03 0.00 0.01 7 49 4 12 5
katsuran4 29 random 0.06 0.05 0.03 0.00 0.00 7 49 4 12 5
katsuranh4 0 random 0.07 0.05 0.04 0.00 0.00 7 49 4 12 5
katsuranh4 1 random 0.06 0.05 0.04 0.00 0.00 7 49 4 12 5
katsuranh4 2 random 0.07 0.05 0.04 0.00 0.00 7 49 4 12 5
katsuranh4 3 random 0.07 0.05 0.04 0.00 0.00 7 49 4 12 5
katsuranh4 4 random 0.06 0.05 0.03 0.00 0.00 7 49 4 12 5
katsuranh4 5 random 0.07 0.05 0.04 0.00 0.00 7 49 4 12 5
katsuranh4 6 random 0.07 0.05 0.04 0.00 0.00 7 49 4 12 5
katsuranh4 7 random 0.06 0.05 0.03 0.00 0.00 7 49 4 12 5
katsuranh4 8 random 0.07 0.05 0.04 0.00 0.00 7 49 4 12 5
katsuranh4 9 random 0.07 0.05 0.04 0.00 0.00 7 49 4 12 5
katsuranh4 10 random 0.06 0.05 0.03 0.00 0.00 7 49 4 12 5
katsuranh4 11 random 0.07 0.05 0.04 0.00 0.00 7 49 4 12 5
katsuranh4 12 random 0.07 0.05 0.04 0.00 0.00 7 49 4 12 5
katsuranh4 13 random 0.06 0.05 0.03 0.00 0.00 7 49 4 12 5
katsuranh4 14 random 0.07 0.05 0.04 0.00 0.00 7 49 4 12 5
katsuranh4 15 random 0.07 0.05 0.04 0.00 0.00 7 49 4 12 5
katsuranh4 16 random 0.06 0.05 0.04 0.00 0.00 7 49 4 12 5
katsuranh4 17 random 0.07 0.05 0.04 0.00 0.00 7 49 4 12 5
katsuranh4 18 random 0.07 0.05 0.04 0.00 0.00 7 49 4 12 5
katsuranh4 19 random 0.06 0.05 0.03 0.00 0.00 7 49 4 12 5
katsuranh4 20 random 0.07 0.05 0.04 0.00 0.00 7 49 4 12 5
katsuranh4 21 random 0.07 0.05 0.04 0.00 0.00 7 49 4 12 5
katsuranh4 22 random 0.06 0.05 0.03 0.00 0.00 7 49 4 12 5
katsuranh4 23 random 0.07 0.05 0.04 0.00 0.00 7 49 4 12 5
katsuranh4 24 random 0.07 0.05 0.04 0.00 0.00 7 49 4 12 5
katsuranh4 25 random 0.06 0.05 0.03 0.00 0.00 7 49 4 12 5
katsuranh4 26 random 0.06 0.05 0.04 0.00 0.00 7 49 4 12 5
katsuranh4 27 random 0.06 0.05 0.04 0.00 0.00 7 49 4 12 5
katsuranh4 28 random 0.06 0.05 0.03 0.00 0.00 7 49 4 12 5
katsuranh4 29 random 0.07 0.05 0.04 0.00 0.00 7 49 4 12 5
katsuran5 0 random 0.16 0.10 0.08 0.01 0.03 13 168 5 31 18
katsuran5 1 random 0.16 0.10 0.08 0.01 0.03 13 168 5 31 18
katsuran5 2 random 0.16 0.10 0.08 0.01 0.03 13 168 5 31 18
katsuran5 3 random 0.17 0.11 0.08 0.01 0.04 13 168 5 31 18
katsuran5 4 random 0.19 0.12 0.09 0.01 0.04 13 168 5 31 18
katsuran5 5 random 0.16 0.10 0.08 0.01 0.03 13 168 5 31 18
katsuran5 6 random 0.16 0.10 0.08 0.01 0.03 13 168 5 31 18
katsuran5 7 random 0.59 0.28 0.21 0.12 0.16 8 116 13 74 38
katsuran5 8 random 0.16 0.10 0.08 0.01 0.03 13 168 5 31 18
katsuran5 9 random 0.16 0.10 0.07 0.01 0.04 13 168 5 31 18
katsuran5 10 random 0.16 0.10 0.08 0.01 0.03 13 168 5 31 18
katsuran5 11 random 0.16 0.10 0.08 0.01 0.03 13 168 5 31 18
katsuran5 12 random 0.16 0.10 0.08 0.01 0.03 13 168 5 31 18
katsuran5 13 random 0.16 0.10 0.08 0.01 0.03 13 168 5 31 18
katsuran5 14 random 0.16 0.10 0.08 0.01 0.03 13 168 5 31 18
katsuran5 15 random 0.16 0.10 0.08 0.01 0.03 13 168 5 31 18
katsuran5 16 random 0.16 0.10 0.08 0.01 0.04 13 168 5 31 18
katsuran5 17 random 0.16 0.10 0.08 0.01 0.03 13 168 5 31 18
katsuran5 18 random 0.16 0.10 0.08 0.01 0.03 13 168 5 31 18
katsuran5 19 random 0.16 0.10 0.08 0.01 0.03 13 168 5 31 18
katsuran5 20 random 0.16 0.10 0.08 0.01 0.04 13 168 5 31 18
katsuran5 21 random 0.16 0.10 0.07 0.01 0.03 13 168 5 31 18
katsuran5 22 random 0.16 0.10 0.08 0.01 0.03 13 168 5 31 18
katsuran5 23 random 0.16 0.10 0.08 0.01 0.03 13 168 5 31 18
katsuran5 24 random 0.16 0.10 0.08 0.01 0.03 13 168 5 31 18
katsuran5 25 random 0.16 0.10 0.08 0.01 0.03 13 168 5 31 18
katsuran5 26 random 0.16 0.10 0.08 0.01 0.03 13 168 5 31 18
katsuran5 27 random 0.16 0.10 0.08 0.01 0.03 13 168 5 31 18
katsuran5 28 random 0.16 0.10 0.08 0.01 0.03 13 168 5 31 18
katsuran5 29 random 0.16 0.10 0.08 0.01 0.03 13 168 5 31 18
katsuranh5 0 random 0.17 0.11 0.08 0.01 0.03 13 168 5 31 18
katsuranh5 1 random 0.16 0.10 0.08 0.01 0.03 13 168 5 31 18
katsuranh5 2 random 0.16 0.10 0.08 0.01 0.03 13 168 5 31 18
katsuranh5 3 random 0.16 0.10 0.08 0.01 0.03 13 168 5 31 18
katsuranh5 4 random 0.17 0.11 0.08 0.01 0.03 13 168 5 31 18
katsuranh5 5 random 0.16 0.10 0.08 0.01 0.03 13 168 5 31 18
katsuranh5 6 random 0.16 0.10 0.08 0.01 0.03 13 168 5 31 18
katsuranh5 7 random 0.17 0.11 0.08 0.01 0.03 13 168 5 31 18
katsuranh5 8 random 0.18 0.12 0.09 0.01 0.04 13 168 5 31 18
katsuranh5 9 random 0.17 0.11 0.08 0.01 0.03 13 168 5 31 18
katsuranh5 10 random 0.17 0.11 0.08 0.01 0.03 13 168 5 31 18
katsuranh5 11 random 0.16 0.10 0.08 0.01 0.03 13 168 5 31 18
katsuranh5 12 random 0.16 0.10 0.08 0.01 0.03 13 168 5 31 18
katsuranh5 13 random 0.17 0.10 0.08 0.01 0.03 13 168 5 31 18
katsuranh5 14 random 0.16 0.10 0.08 0.01 0.03 13 168 5 31 18
katsuranh5 15 random 0.16 0.10 0.08 0.01 0.03 13 168 5 31 18
katsuranh5 16 random 0.17 0.11 0.08 0.01 0.03 13 168 5 31 18
katsuranh5 17 random 0.16 0.10 0.08 0.01 0.03 13 168 5 31 18
katsuranh5 18 random 0.16 0.10 0.08 0.01 0.03 13 168 5 31 18
katsuranh5 19 random 0.16 0.10 0.08 0.01 0.04 13 168 5 31 18
katsuranh5 20 random 0.16 0.10 0.08 0.01 0.03 13 168 5 31 18
katsuranh5 21 random 0.17 0.11 0.08 0.01 0.03 13 168 5 31 18
katsuranh5 22 random 0.17 0.11 0.08 0.01 0.03 13 168 5 31 18
katsuranh5 23 random 0.16 0.10 0.08 0.01 0.03 13 168 5 31 18
katsuranh5 24 random 0.16 0.10 0.08 0.01 0.03 13 168 5 31 18
katsuranh5 25 random 0.17 0.10 0.08 0.01 0.04 13 168 5 31 18
katsuranh5 26 random 0.16 0.10 0.08 0.01 0.03 13 168 5 31 18
katsuranh5 27 random 0.17 0.11 0.08 0.01 0.03 13 168 5 31 18
katsuranh5 28 random 0.17 0.10 0.08 0.01 0.03 13 168 5 31 18
katsuranh5 29 random 0.16 0.10 0.08 0.01 0.03 13 168 5 31 18
katsuran6 0 random 0.57 0.18 0.13 0.05 0.31 22 528 6 70 48
katsuran6 1 random 0.63 0.26 0.19 0.07 0.27 22 528 6 70 48
katsuran6 2 random 0.49 0.19 0.14 0.05 0.23 22 528 6 70 48
katsuran6 3 random 0.77 0.27 0.20 0.08 0.37 22 528 6 70 48
katsuran6 4 random 0.77 0.29 0.21 0.07 0.37 22 528 6 70 48
katsuran6 5 random 0.77 0.31 0.24 0.07 0.34 22 528 6 70 48
katsuran6 6 random 0.74 0.28 0.22 0.07 0.33 22 528 6 70 48
katsuran6 7 random 0.69 0.25 0.18 0.08 0.32 22 528 6 70 48
katsuran6 8 random 0.66 0.23 0.17 0.06 0.33 22 528 6 70 48
katsuran6 9 random 0.66 0.28 0.20 0.06 0.28 22 528 6 70 48
katsuran6 10 random 0.77 0.26 0.20 0.07 0.39 22 528 6 70 48
katsuran6 11 random 1.28 0.39 0.30 0.16 0.66 21 647 8 96 65
katsuran6 12 random 0.73 0.28 0.20 0.08 0.33 22 528 6 70 48
katsuran6 13 random 0.74 0.29 0.22 0.07 0.34 22 528 6 70 48
katsuran6 14 random 0.75 0.31 0.23 0.08 0.32 22 528 6 70 48
katsuran6 15 random 0.76 0.28 0.21 0.07 0.37 22 528 6 70 48
katsuran6 16 random 0.76 0.24 0.18 0.07 0.40 22 528 6 70 48
katsuran6 17 random 0.89 0.30 0.22 0.09 0.45 22 528 6 70 48
katsuran6 18 random 0.79 0.29 0.22 0.09 0.37 22 528 6 70 48
katsuran6 19 random 0.60 0.21 0.16 0.06 0.28 22 528 6 70 48
katsuran6 20 random 0.64 0.27 0.20 0.07 0.26 22 528 6 70 48
katsuran6 21 random 0.65 0.22 0.16 0.06 0.33 22 528 6 70 48
katsuran6 22 random 0.56 0.23 0.16 0.06 0.24 22 528 6 70 48
katsuran6 23 random 0.50 0.19 0.15 0.05 0.23 22 528 6 70 48
katsuran6 24 random 0.56 0.21 0.16 0.06 0.26 22 528 6 70 48
katsuran6 25 random 0.72 0.25 0.18 0.09 0.33 22 528 6 70 48
katsuran6 26 random 0.72 0.23 0.17 0.08 0.37 22 528 6 70 48
katsuran6 27 random 0.67 0.25 0.19 0.05 0.33 22 528 6 70 48
katsuran6 28 random 0.66 0.23 0.18 0.07 0.32 22 528 6 70 48
katsuran6 29 random 0.50 0.18 0.13 0.05 0.23 22 528 6 70 48
katsuranh6 0 random 0.83 0.52 0.14 0.05 0.23 22 528 6 70 48
katsuranh6 1 random 0.69 0.24 0.17 0.07 0.34 22 528 6 70 48
katsuranh6 2 random 0.73 0.31 0.23 0.08 0.30 22 528 6 70 48
katsuranh6 3 random 0.71 0.22 0.18 0.07 0.37 22 528 6 70 48
katsuranh6 4 random 0.48 0.19 0.14 0.05 0.21 22 528 6 70 48
katsuranh6 5 random 0.56 0.21 0.16 0.06 0.25 22 528 6 70 48
katsuranh6 6 random 0.55 0.19 0.14 0.07 0.26 22 528 6 70 48
katsuranh6 7 random 0.60 0.18 0.14 0.06 0.33 22 528 6 70 48
katsuranh6 8 random 0.82 0.22 0.17 0.09 0.45 22 528 6 70 48
katsuranh6 9 random 0.93 0.35 0.24 0.10 0.43 22 528 6 70 48
katsuranh6 10 random 0.70 0.27 0.20 0.08 0.31 22 528 6 70 48
katsuranh6 11 random 0.73 0.27 0.20 0.07 0.35 22 528 6 70 48
katsuranh6 12 random 0.77 0.25 0.18 0.09 0.38 22 528 6 70 48
katsuranh6 13 random 0.66 0.26 0.19 0.06 0.30 22 528 6 70 48
katsuranh6 14 random 0.71 0.27 0.20 0.07 0.31 22 528 6 70 48
katsuranh6 15 random 0.76 0.29 0.21 0.07 0.35 22 528 6 70 48
katsuranh6 16 random 0.76 0.31 0.21 0.08 0.32 22 528 6 70 48
katsuranh6 17 random 0.74 0.29 0.22 0.08 0.32 22 528 6 70 48
katsuranh6 18 random 0.75 0.27 0.20 0.08 0.34 22 528 6 70 48
katsuranh6 19 random 0.74 0.28 0.22 0.07 0.34 22 528 6 70 48
katsuranh6 20 random 0.69 0.27 0.20 0.06 0.31 22 528 6 70 48
katsuranh6 21 random 0.79 0.31 0.23 0.10 0.33 22 528 6 70 48
katsuranh6 22 random 0.77 0.28 0.20 0.07 0.37 22 528 6 70 48
katsuranh6 23 random 0.76 0.30 0.22 0.07 0.34 22 528 6 70 48
katsuranh6 24 random 0.71 0.31 0.22 0.06 0.30 22 528 6 70 48
katsuranh6 25 random 0.84 0.33 0.25 0.08 0.37 22 528 6 70 48
katsuranh6 26 random 0.78 0.29 0.22 0.10 0.34 22 528 6 70 48
katsuranh6 27 random 0.69 0.27 0.20 0.06 0.30 22 528 6 70 48
katsuranh6 28 random 0.67 0.28 0.20 0.06 0.28 22 528 6 70 48
katsuranh6 29 random 0.70 0.28 0.21 0.07 0.31 22 528 6 70 48
