instance reducer rep algorithm time dynamic heuristic queue reduction polynomials monomials degree sreductions zeroreductions
cyclicn4 classical 4 random 0.52 0.26 0.25 0.00 0.00 7 30 6 12 5
cyclicnh4 classical 4 random 0.53 0.26 0.25 0.00 0.00 7 30 6 12 5
katsuranh4 F4 18 random 0.09 0.06 0.05 0.00 0.01 7 49 4 44 6
katsuran6 F4 14 random 0.32 0.06 0.05 0.03 0.19 22 528 6 537 123
cyclicn5 F4 14 random 0.33 0.12 0.10 0.08 0.10 20 232 8 600 176
fateman F4 4 random 0.49 0.28 0.08 0.01 0.17 27 1009 14 471 51
katsuran6 classical 4 random 0.42 0.15 0.12 0.02 0.23 22 528 6 70 48
cyclicn6 F4 8 random 1.99 0.31 0.28 0.44 0.94 45 1135 9 1710 497
econ6 F4 24 random 0.16 0.06 0.04 0.02 0.06 18 232 4 417 46
cyclicnh4 F4 6 random 0.02 0.00 0.00 0.00 0.00 7 30 6 43 10
f633 classical 1 random 1.58 0.31 0.23 0.09 1.13 34 1180 10 178 131
cyclicn5 F4 18 random 0.30 0.10 0.08 0.07 0.09 20 232 8 600 176
katsuran7 F4 4 random 1.25 0.07 0.05 0.08 0.99 41 1923 7 1346 293
f633h classical 1 random 1.00 0.19 0.13 0.08 0.67 47 977 6 214 167
butcher8 F4 9 random 3.15 0.14 0.10 0.95 1.87 54 1796 4 2481 612
econh4 classical 5 random 0.06 0.04 0.03 0.00 0.00 8 34 5 14 6
cyclicnh6 F4 29 random 2.17 0.13 0.10 0.14 1.77 52 2418 14 2365 282
cyclicn6 F4 1 random 1.45 0.20 0.17 0.41 0.71 45 1135 9 1710 497
f633 classical 27 random 2.11 0.55 0.41 0.36 1.13 20 434 7 184 116
econh7 F4 17 random 24.16 0.15 0.10 0.86 22.91 58 1399 8 24813 610
katsuranh5 F4 8 random 0.11 0.05 0.04 0.01 0.04 13 168 5 219 49
fatemanh F4 11 random 0.31 0.10 0.08 0.01 0.17 27 1009 14 471 51
econh4 F4 8 random 0.06 0.05 0.04 0.00 0.00 8 34 5 31 6
butcher8 F4 8 random 3.00 0.14 0.10 0.95 1.72 54 1796 4 2481 612
econ7 classical 4 random 0.93 0.15 0.12 0.07 0.67 32 747 4 153 113
econh6 classical 2 random 3.17 0.41 0.31 0.56 2.13 35 469 9 240 152
cyclicn7 F4 8 random 62.77 1.11 0.42 16.15 41.02 209 27185 12 13791 4197
fatemanh F4 29 random 0.32 0.11 0.08 0.01 0.18 27 1009 14 471 51
econh4 classical 24 random 0.06 0.04 0.03 0.00 0.00 8 34 5 14 6
f633 classical 4 random 0.95 0.17 0.13 0.09 0.64 47 1022 4 214 167
econ6 F4 8 random 0.13 0.04 0.04 0.02 0.06 18 232 4 417 46
cyclicnh7 classical 18 random 73.03 2.53 1.20 0.86 69.21 119 29259 13 652 477
cyclicn6 classical 21 random 5.08 0.62 0.45 0.24 4.13 45 1135 9 354 255
f633 classical 2 random 0.93 0.17 0.13 0.08 0.62 47 1022 4 214 167
katsuran5 classical 18 random 0.14 0.09 0.07 0.01 0.04 13 168 5 31 18
katsuran6 F4 23 random 0.35 0.05 0.04 0.02 0.25 22 528 6 537 123
noon7 classical 3 random NA NA NA NA NA NA NA NA NA NA
fateman classical 23 random 0.43 0.22 0.18 0.01 0.18 27 1009 14 63 36
econh6 classical 10 random NA NA NA NA NA NA NA NA NA NA
econh7 classical 22 random NA NA NA NA NA NA NA NA NA NA
cyclicn4 classical 17 random 0.06 0.04 0.04 0.00 0.00 7 30 6 12 5
katsuran7 F4 10 random 1.35 0.06 0.04 0.08 1.11 41 1923 7 1346 293
katsuran5 F4 5 random 0.12 0.05 0.04 0.01 0.04 13 168 5 219 49
cyclicn5 F4 15 random 0.33 0.11 0.09 0.08 0.10 20 232 8 600 176
econh7 F4 26 random 3.58 0.16 0.12 0.91 2.29 49 1369 8 3918 705
econ6 classical 24 random 0.28 0.15 0.12 0.01 0.09 18 232 4 61 41
noon7 F4 22 random 390.01 0.49 0.25 18.74 365.47 495 71153 13 116239 7864
katsuranh4 classical 6 random 0.06 0.04 0.03 0.00 0.00 7 49 4 12 5
fateman classical 12 random 0.54 0.15 0.12 0.04 0.32 26 960 15 77 39
cyclicn5 classical 10 random 0.45 0.19 0.15 0.03 0.20 20 232 8 113 75
katsuran4 F4 25 random 0.06 0.04 0.04 0.00 0.01 7 49 4 44 6
cyclicnh4 classical 14 random 0.06 0.04 0.03 0.00 0.00 7 30 6 12 5
cyclicnh4 classical 15 random 0.06 0.04 0.03 0.00 0.00 7 30 6 12 5
econ5 classical 29 random 0.10 0.07 0.06 0.01 0.01 11 82 3 28 15
cyclicn6 F4 13 random 1.50 0.12 0.09 0.41 0.85 45 1135 9 1710 497
katsuran5 classical 17 random 0.15 0.09 0.07 0.01 0.04 13 168 5 31 18
econ4 classical 6 random 0.05 0.04 0.03 0.00 0.00 7 29 2 13 6
katsuranh4 classical 8 random 0.05 0.03 0.03 0.00 0.01 7 49 4 12 5
cyclicnh6 F4 0 random 1.93 0.13 0.10 0.39 1.21 99 3502 15 2436 733
cyclicn5 classical 5 random 0.45 0.19 0.15 0.03 0.20 20 232 8 113 75
cyclicnh4 classical 20 random 0.06 0.04 0.03 0.00 0.00 7 30 6 12 5
noon7 F4 11 random 390.82 0.50 0.26 18.91 365.57 495 71153 13 116239 7864
noon7 classical 10 random NA NA NA NA NA NA NA NA NA NA
katsuranh5 F4 19 random 0.17 0.05 0.04 0.01 0.04 13 168 5 219 49
cyclicn7 F4 15 random 64.67 1.09 0.39 16.18 42.89 209 27185 12 13791 4197
cyclicn7 F4 12 random 65.29 1.14 0.41 16.28 43.36 209 27185 12 13791 4197
econh5 F4 16 random 0.11 0.06 0.04 0.01 0.03 15 104 7 214 50
fatemanh F4 24 random 0.33 0.10 0.08 0.01 0.18 27 1009 14 471 51
butcher8 F4 27 random 2.99 0.14 0.10 0.96 1.71 54 1796 4 2481 612
cyclicn5 classical 4 random 0.46 0.20 0.16 0.03 0.21 20 232 8 113 75
econ6 classical 5 random 0.28 0.15 0.12 0.01 0.10 18 232 4 61 41
katsuranh5 classical 19 random 0.14 0.09 0.07 0.01 0.04 13 168 5 31 18
cyclicn7 F4 29 random 64.62 1.11 0.41 16.12 42.86 209 27185 12 13791 4197
katsuran7 F4 3 random 1.21 0.05 0.04 0.08 0.99 41 1923 7 1346 293
f633h F4 4 random 0.59 0.06 0.04 0.07 0.40 47 977 6 2025 282
econh7 classical 3 random NA NA NA NA NA NA NA NA NA NA
butcher8 F4 21 random 2.98 0.14 0.10 0.95 1.70 54 1796 4 2481 612
katsuran4 classical 0 random 0.06 0.04 0.03 0.00 0.00 7 49 4 12 5
econh6 classical 17 random NA NA NA NA NA NA NA NA NA NA
f633h classical 22 random 0.98 0.18 0.13 0.08 0.66 47 977 6 214 167
econ5 classical 27 random 0.12 0.09 0.07 0.01 0.01 11 82 3 28 15
cyclicn5 classical 11 random 0.45 0.19 0.15 0.03 0.20 20 232 8 113 75
cyclicn7 classical 12 random NA NA NA NA NA NA NA NA NA NA
f633h classical 18 random 0.99 0.18 0.14 0.08 0.67 47 977 6 214 167
katsuran7 F4 25 random 1.13 0.06 0.04 0.08 0.90 41 1923 7 1346 293
econ7 classical 2 random 0.95 0.15 0.12 0.07 0.69 32 747 4 153 113
econ5 F4 12 random 0.09 0.05 0.04 0.01 0.02 6 47 7 160 18
katsuran6 classical 14 random 0.42 0.15 0.11 0.02 0.23 22 528 6 70 48
cyclicn5 F4 1 random 0.31 0.10 0.08 0.08 0.10 20 232 8 600 176
econh6 classical 13 random NA NA NA NA NA NA NA NA NA NA
katsuranh5 F4 13 random 0.11 0.04 0.04 0.01 0.04 13 168 5 219 49
f633 F4 8 random 0.73 0.07 0.05 0.11 0.49 47 1022 4 2278 291
katsuranh5 F4 24 random 0.12 0.05 0.04 0.01 0.04 13 168 5 219 49
econ5 classical 24 random 0.13 0.10 0.08 0.01 0.01 11 82 3 28 15
katsuranh6 classical 11 random 0.46 0.17 0.13 0.02 0.24 22 528 6 70 48
butcher8 classical 18 random 14.45 1.03 0.75 0.66 12.59 54 1796 4 420 290
katsuran7 classical 9 random 2.65 0.72 0.64 0.07 1.81 41 1923 7 169 128
cyclicn5 classical 6 random 0.45 0.19 0.15 0.03 0.20 20 232 8 113 75
cyclicnh5 classical 7 random 0.46 0.20 0.16 0.03 0.20 38 538 13 113 75
f633h classical 23 random 1.04 0.24 0.18 0.07 0.67 45 995 8 201 156
econ4 classical 4 random 0.05 0.03 0.03 0.00 0.00 7 29 2 13 6
cyclicnh4 classical 6 random 0.05 0.03 0.03 0.00 0.00 7 30 6 12 5
katsuranh7 F4 4 random 0.99 0.05 0.04 0.08 0.75 41 1923 7 1346 293
econh5 classical 17 random 88.98 4.30 2.70 16.31 67.85 21 158 11 720 348
katsuranh4 classical 23 random 0.06 0.05 0.03 0.00 0.00 7 49 4 12 5
cyclicnh6 classical 15 random 26.82 1.36 0.87 0.59 24.65 33 1321 9 489 336
katsuranh6 classical 4 random 0.45 0.16 0.12 0.02 0.25 22 528 6 70 48
f633 classical 19 random 4.95 0.55 0.40 0.52 3.78 33 608 6 253 167
katsuran7 classical 26 random 2.27 0.35 0.27 0.07 1.80 41 1923 7 169 128
cyclicn4 F4 3 random 0.01 0.00 0.00 0.00 0.00 7 30 6 43 10
katsuran5 F4 20 random 0.11 0.05 0.04 0.01 0.04 13 168 5 219 49
econ7 F4 22 random 0.45 0.06 0.04 0.07 0.28 32 747 4 1133 129
econ7 F4 19 random 0.90 0.05 0.04 0.07 0.73 32 747 4 1133 129
cyclicn6 classical 8 random 5.38 0.68 0.50 0.25 4.36 45 1135 9 354 255
katsuranh7 F4 23 random 1.04 0.06 0.04 0.09 0.79 41 1923 7 1346 293
econh4 F4 13 random 0.06 0.05 0.04 0.00 0.00 8 34 5 31 6
econh5 F4 24 random 0.10 0.04 0.04 0.02 0.03 18 131 6 252 46
katsuranh7 classical 16 random 2.48 0.38 0.28 0.07 1.98 41 1923 7 169 128
katsuran5 classical 16 random 0.16 0.10 0.08 0.01 0.04 13 168 5 31 18
cyclicnh5 classical 9 random 0.48 0.22 0.17 0.03 0.20 38 538 13 113 75
katsuranh7 classical 15 random 2.43 0.38 0.29 0.07 1.93 41 1923 7 169 128
katsuranh7 F4 17 random 1.53 0.06 0.04 0.09 1.28 41 1923 7 1346 293
katsuran5 classical 6 random 0.16 0.10 0.08 0.00 0.03 13 168 5 31 18
katsuran6 classical 11 random 0.43 0.14 0.12 0.02 0.24 22 528 6 70 48
econ4 F4 17 random 0.05 0.04 0.04 0.00 0.00 7 29 2 37 7
katsuran4 classical 9 random 0.06 0.05 0.04 0.00 0.00 7 49 4 12 5
katsuranh6 F4 0 random 0.28 0.06 0.04 0.02 0.17 22 528 6 537 123
katsuranh7 classical 17 random 2.43 0.37 0.28 0.07 1.94 41 1923 7 169 128
cyclicnh5 classical 23 random 0.48 0.22 0.17 0.03 0.20 38 538 13 113 75
cyclicn5 classical 21 random 1.35 0.45 0.35 0.15 0.70 22 264 9 175 112
katsuran5 classical 15 random 0.16 0.10 0.08 0.01 0.04 13 168 5 31 18
katsuranh6 F4 1 random 0.28 0.06 0.04 0.02 0.16 22 528 6 537 123
cyclicn6 F4 0 random 1.32 0.13 0.10 0.41 0.64 45 1135 9 1710 497
noon7 F4 9 random 343.05 0.45 0.23 18.52 318.09 495 71153 13 116239 7864
econ6 classical 9 random 0.27 0.14 0.11 0.01 0.09 18 232 4 61 41
cyclicn7 classical 15 random 493.05 11.35 4.32 6.16 474.20 209 27185 12 2099 1625
cyclicn6 classical 25 random 5.13 0.64 0.46 0.24 4.17 45 1135 9 354 255
cyclicnh7 classical 20 random 379.75 10.29 2.82 3.65 364.48 182 37841 20 1300 951
f633h F4 0 random 0.60 0.07 0.05 0.08 0.40 47 977 6 2025 282
econ5 F4 1 random 0.08 0.05 0.04 0.01 0.02 11 84 4 143 17
cyclicn6 F4 15 random 1.74 0.12 0.09 0.41 1.08 45 1135 9 1710 497
katsuranh6 classical 14 random 0.43 0.16 0.12 0.02 0.23 22 528 6 70 48
cyclicn4 classical 9 random 0.05 0.04 0.03 0.00 0.00 7 30 6 12 5
f633 F4 4 random 0.81 0.05 0.04 0.08 0.63 36 837 6 2683 166
cyclicnh4 classical 29 random 0.05 0.03 0.03 0.00 0.00 7 30 6 12 5
econh4 F4 3 random 0.07 0.05 0.04 0.00 0.01 8 34 5 31 6
econh5 F4 20 random 0.12 0.06 0.05 0.01 0.03 15 104 7 214 50
f633h F4 28 random 0.60 0.07 0.05 0.07 0.40 47 977 6 2025 282
katsuranh7 classical 5 random 2.22 0.35 0.26 0.07 1.76 41 1923 7 169 128
f633h F4 14 random 1.06 0.06 0.04 0.08 0.87 47 977 6 2025 282
katsuranh5 classical 6 random 0.15 0.10 0.07 0.00 0.04 13 168 5 31 18
econ4 classical 14 random 0.05 0.04 0.03 0.00 0.00 7 29 2 13 6
econh5 F4 26 random 0.09 0.05 0.04 0.01 0.02 15 104 7 214 50
econ5 classical 18 random 0.12 0.09 0.07 0.01 0.01 11 82 3 28 15
cyclicn6 F4 20 random 1.24 0.11 0.08 0.41 0.60 45 1135 9 1710 497
katsuran6 classical 9 random 0.41 0.13 0.11 0.02 0.24 22 528 6 70 48
cyclicn5 F4 19 random 0.30 0.10 0.08 0.07 0.10 20 232 8 600 176
cyclicnh5 classical 4 random 0.47 0.21 0.16 0.03 0.20 38 538 13 113 75
econh4 F4 28 random 0.06 0.05 0.04 0.00 0.00 8 34 5 31 6
cyclicnh7 classical 14 random 70.85 2.23 1.08 0.79 67.41 115 28685 14 628 458
katsuranh6 F4 5 random 0.27 0.05 0.04 0.02 0.16 22 528 6 537 123
katsuranh6 F4 3 random 0.26 0.05 0.04 0.02 0.15 22 528 6 537 123
katsuran4 F4 7 random 0.07 0.04 0.04 0.00 0.01 8 58 4 98 8
econ6 classical 20 random 0.26 0.12 0.11 0.02 0.10 18 232 4 61 41
katsuranh4 classical 21 random 0.06 0.04 0.03 0.00 0.00 7 49 4 12 5
fateman F4 21 random 0.32 0.10 0.08 0.01 0.18 27 1009 14 471 51
fatemanh classical 3 random 1.90 0.40 0.31 0.12 1.33 24 857 14 167 96
cyclicn6 classical 15 random 12.45 1.07 0.75 0.49 10.76 55 1394 9 502 360
butcher8 classical 2 random 13.80 1.00 0.68 0.63 12.03 54 1796 4 420 290
cyclicn7 F4 13 random 67.43 1.14 0.40 16.07 45.63 209 27185 12 13791 4197
cyclicn5 classical 16 random 0.45 0.19 0.15 0.03 0.19 20 232 8 113 75
fatemanh classical 6 random 174.76 7.24 3.82 15.26 151.54 16 801 11 863 378
cyclicnh7 F4 5 random 58.80 0.33 0.15 7.81 46.02 443 79897 19 14430 4434
econh7 classical 18 random NA NA NA NA NA NA NA NA NA NA
cyclicnh7 F4 2 random 60.53 0.36 0.16 7.89 47.63 443 79897 19 14430 4434
econh7 classical 15 random NA NA NA NA NA NA NA NA NA NA
katsuran7 classical 15 random 2.25 0.30 0.25 0.07 1.83 41 1923 7 169 128
cyclicnh6 classical 27 random NA NA NA NA NA NA NA NA NA NA
katsuranh7 F4 2 random 1.00 0.06 0.04 0.08 0.76 41 1923 7 1346 293
cyclicnh6 F4 4 random 1.34 0.11 0.09 0.05 1.12 45 1862 13 1296 100
cyclicn7 F4 21 random 67.64 1.17 0.42 16.26 45.61 209 27185 12 13791 4197
katsuranh6 classical 28 random 0.45 0.17 0.12 0.02 0.24 22 528 6 70 48
katsuran6 classical 24 random 0.42 0.14 0.11 0.02 0.24 22 528 6 70 48
econ6 F4 7 random 0.14 0.04 0.04 0.02 0.06 18 232 4 417 46
butcher8 F4 0 random 3.11 0.14 0.10 0.95 1.83 54 1796 4 2481 612
noon7 F4 29 random 340.79 0.45 0.23 18.49 316.50 495 71153 13 116239 7864
katsuranh4 classical 25 random 0.06 0.04 0.04 0.00 0.00 7 49 4 12 5
katsuranh4 F4 22 random 0.06 0.05 0.04 0.00 0.01 7 49 4 44 6
cyclicn5 F4 13 random 0.31 0.10 0.08 0.08 0.10 20 232 8 600 176
econh4 F4 7 random 0.07 0.05 0.04 0.00 0.01 7 29 6 53 6
cyclicnh5 F4 27 random 0.26 0.11 0.08 0.03 0.08 41 519 20 491 107
econ5 F4 29 random 0.08 0.05 0.04 0.01 0.01 7 55 4 107 8
econ7 classical 1 random 0.97 0.15 0.12 0.07 0.71 32 747 4 153 113
cyclicn7 classical 24 random 494.57 11.20 4.03 6.61 475.39 209 27185 12 2099 1625
cyclicn6 classical 17 random 5.22 0.63 0.45 0.24 4.27 45 1135 9 354 255
econh6 F4 25 random 0.19 0.05 0.04 0.03 0.09 28 346 9 617 132
cyclicn6 classical 27 random 5.12 0.63 0.45 0.24 4.17 45 1135 9 354 255
econ7 F4 18 random 0.44 0.05 0.04 0.07 0.27 32 747 4 1133 129
katsuranh7 classical 10 random 2.39 0.35 0.26 0.07 1.92 41 1923 7 169 128
fatemanh F4 25 random 0.32 0.10 0.08 0.01 0.18 27 1009 14 471 51
econh6 classical 12 random NA NA NA NA NA NA NA NA NA NA
fateman F4 18 random 0.32 0.10 0.08 0.01 0.18 27 1009 14 471 51
cyclicnh4 classical 16 random 0.05 0.03 0.03 0.00 0.00 7 30 6 12 5
econ6 classical 15 random 0.24 0.12 0.10 0.01 0.09 18 232 4 61 41
katsuranh5 F4 28 random 0.11 0.05 0.04 0.01 0.04 13 168 5 219 49
econ6 F4 14 random 0.14 0.05 0.04 0.02 0.06 18 232 4 417 46
noon7 classical 13 random NA NA NA NA NA NA NA NA NA NA
katsuranh5 classical 0 random 0.15 0.09 0.07 0.00 0.03 13 168 5 31 18
cyclicnh5 classical 3 random 0.29 0.15 0.12 0.02 0.10 16 238 10 54 28
butcher8 classical 17 random 14.05 0.99 0.68 0.64 12.27 54 1796 4 420 290
fateman F4 9 random 0.31 0.10 0.08 0.01 0.17 27 1009 14 471 51
econ6 classical 21 random 0.27 0.14 0.11 0.01 0.10 18 232 4 61 41
cyclicn4 classical 12 random 0.05 0.04 0.03 0.00 0.00 7 30 6 12 5
katsuran4 F4 26 random 0.07 0.04 0.04 0.00 0.01 8 58 4 68 5
katsuran7 F4 29 random 1.32 0.05 0.04 0.08 1.09 41 1923 7 1346 293
katsuran6 classical 18 random 0.42 0.15 0.12 0.02 0.23 22 528 6 70 48
econ6 F4 25 random 0.14 0.05 0.04 0.02 0.06 18 232 4 417 46
katsuranh5 F4 23 random 0.11 0.05 0.04 0.01 0.04 13 168 5 219 49
f633h F4 2 random 0.59 0.06 0.04 0.07 0.40 47 977 6 2025 282
katsuran6 F4 19 random 0.26 0.05 0.04 0.02 0.15 22 528 6 537 123
noon7 F4 16 random 353.36 0.45 0.24 18.34 329.41 495 71153 13 116239 7864
katsuran7 classical 13 random 2.23 0.35 0.26 0.07 1.76 41 1923 7 169 128
econh7 F4 13 random 3.54 0.13 0.10 0.62 2.60 81 2254 15 4844 797
fatemanh classical 9 random 12.81 1.38 0.94 0.70 10.59 25 1257 12 325 166
f633h F4 6 random 0.59 0.06 0.04 0.07 0.40 47 977 6 2025 282
katsuranh6 F4 21 random 0.25 0.04 0.04 0.02 0.16 22 528 6 537 123
econh5 F4 25 random 0.11 0.04 0.04 0.01 0.04 19 142 10 335 64
noon7 F4 20 random 351.22 0.46 0.24 18.36 327.17 495 71153 13 116239 7864
katsuranh6 F4 24 random 0.27 0.05 0.04 0.02 0.16 22 528 6 537 123
katsuranh6 F4 26 random 0.27 0.05 0.04 0.02 0.16 22 528 6 537 123
katsuran7 classical 23 random 2.31 0.36 0.27 0.07 1.83 41 1923 7 169 128
econ6 F4 6 random 0.15 0.05 0.04 0.02 0.06 18 232 4 417 46
fatemanh F4 21 random 0.33 0.11 0.09 0.01 0.18 27 1009 14 471 51
f633 F4 14 random 1.07 0.06 0.05 0.11 0.84 47 1022 4 2278 291
katsuran7 F4 5 random 1.00 0.05 0.04 0.08 0.77 41 1923 7 1346 293
cyclicnh5 classical 17 random 0.47 0.21 0.16 0.03 0.20 38 538 13 113 75
katsuran6 classical 0 random 0.41 0.13 0.11 0.02 0.24 22 528 6 70 48
econh7 classical 19 random NA NA NA NA NA NA NA NA NA NA
butcher8 classical 4 random 14.19 1.07 0.73 0.64 12.29 54 1796 4 420 290
cyclicn5 F4 0 random 0.32 0.11 0.09 0.08 0.10 20 232 8 600 176
butcher8 classical 12 random NA NA NA NA NA NA NA NA NA NA
cyclicnh6 classical 18 random 9.01 0.91 0.64 0.27 7.71 52 2835 18 320 217
katsuranh6 F4 27 random 0.26 0.05 0.04 0.02 0.16 22 528 6 537 123
econh4 classical 4 random 0.06 0.04 0.03 0.00 0.00 8 34 5 14 6
econ4 F4 23 random 0.06 0.04 0.03 0.00 0.00 7 29 2 35 7
cyclicn7 classical 6 random 491.18 11.41 3.84 6.09 472.35 209 27185 12 2099 1625
f633 F4 25 random 0.68 0.06 0.04 0.11 0.45 47 1022 4 2278 291
katsuran4 F4 19 random 0.08 0.04 0.04 0.00 0.02 7 48 5 129 11
f633h classical 3 random 0.97 0.18 0.13 0.08 0.65 47 977 6 214 167
fatemanh F4 3 random 0.32 0.10 0.08 0.01 0.18 27 1009 14 471 51
econ7 F4 21 random 0.42 0.04 0.04 0.07 0.27 32 747 4 1133 129
cyclicn6 F4 25 random 1.79 0.12 0.09 0.41 1.13 45 1135 9 1710 497
econh6 F4 19 random 0.28 0.04 0.04 0.05 0.16 30 468 8 812 109
econ5 classical 20 random 0.12 0.09 0.07 0.01 0.01 11 82 3 28 15
katsuranh5 classical 12 random 0.15 0.10 0.07 0.01 0.04 13 168 5 31 18
fatemanh classical 19 random 0.99 0.27 0.21 0.06 0.63 26 964 15 110 61
f633 classical 14 random 45.21 1.99 1.27 2.29 40.59 38 2449 10 471 290
econ5 F4 10 random 0.10 0.05 0.04 0.02 0.02 5 45 8 170 22
katsuran6 F4 28 random 0.25 0.05 0.04 0.02 0.15 22 528 6 537 123
cyclicn6 classical 23 random 11.61 1.08 0.76 0.56 9.84 45 1154 15 533 390
cyclicn5 classical 17 random 0.44 0.19 0.15 0.03 0.20 20 232 8 113 75
katsuran7 F4 8 random 0.97 0.05 0.04 0.08 0.74 41 1923 7 1346 293
butcher8 F4 17 random 3.10 0.14 0.10 0.97 1.80 54 1796 4 2481 612
katsuran6 classical 19 random 0.41 0.14 0.11 0.02 0.23 22 528 6 70 48
f633h classical 28 random 0.99 0.17 0.13 0.08 0.67 47 977 6 214 167
econ7 F4 17 random 0.43 0.05 0.04 0.07 0.27 32 747 4 1133 129
cyclicn5 F4 17 random 0.28 0.08 0.07 0.07 0.09 20 232 8 600 176
econ6 F4 15 random 0.13 0.04 0.04 0.02 0.06 18 232 4 417 46
econh7 F4 25 random 0.81 0.07 0.05 0.19 0.47 50 1209 10 1233 234
f633h classical 8 random 0.96 0.17 0.13 0.08 0.65 47 977 6 214 167
econh7 classical 10 random NA NA NA NA NA NA NA NA NA NA
cyclicnh5 F4 21 random 0.33 0.10 0.08 0.07 0.13 38 538 13 746 221
katsuran6 classical 3 random 0.43 0.16 0.12 0.02 0.23 22 528 6 70 48
econh4 classical 19 random 0.05 0.03 0.03 0.00 0.00 8 34 5 14 6
cyclicn4 F4 21 random 0.01 0.00 0.00 0.00 0.00 7 30 6 43 10
econ7 classical 20 random 0.96 0.16 0.12 0.07 0.70 32 747 4 153 113
katsuran5 classical 4 random 0.13 0.07 0.07 0.01 0.04 13 168 5 31 18
econ7 classical 15 random 0.94 0.13 0.11 0.07 0.70 32 747 4 153 113
cyclicnh7 classical 1 random 526.88 17.22 4.74 4.72 503.04 160 42780 17 1385 1008
cyclicn5 classical 28 random 0.43 0.18 0.15 0.03 0.19 20 232 8 113 75
cyclicn6 classical 16 random 5.09 0.62 0.45 0.24 4.14 45 1135 9 354 255
cyclicn6 F4 4 random 1.23 0.10 0.08 0.41 0.60 45 1135 9 1710 497
katsuran5 F4 2 random 0.11 0.05 0.04 0.01 0.04 13 168 5 219 49
fatemanh classical 5 random 1.47 0.25 0.21 0.08 1.09 38 1586 17 147 87
butcher8 classical 19 random 47.99 2.68 1.58 2.78 42.22 39 1037 4 521 290
cyclicn5 F4 4 random 0.31 0.11 0.08 0.08 0.09 20 232 8 600 176
cyclicnh7 classical 22 random 386.93 9.82 2.53 3.95 371.77 134 30703 13 1172 823
econ6 classical 18 random 0.28 0.15 0.11 0.01 0.10 18 232 4 61 41
econ5 F4 21 random 0.09 0.05 0.04 0.01 0.02 8 65 5 157 11
katsuran6 classical 12 random 0.39 0.12 0.11 0.02 0.23 22 528 6 70 48
katsuranh4 classical 19 random 0.06 0.04 0.03 0.00 0.00 7 49 4 12 5
cyclicnh4 classical 8 random 0.06 0.04 0.03 0.00 0.00 7 30 6 12 5
cyclicn4 F4 2 random 0.01 0.00 0.00 0.00 0.00 7 30 6 43 10
cyclicn6 classical 11 random 5.09 0.62 0.45 0.24 4.15 45 1135 9 354 255
cyclicnh4 classical 25 random 0.05 0.03 0.03 0.00 0.00 7 30 6 12 5
econ5 classical 2 random 0.12 0.09 0.07 0.00 0.01 11 82 3 28 15
econh4 F4 27 random 0.05 0.04 0.03 0.00 0.00 8 34 5 31 6
econ7 classical 12 random 0.92 0.12 0.11 0.07 0.69 32 747 4 153 113
cyclicnh5 classical 19 random 0.42 0.19 0.15 0.04 0.17 14 191 8 71 38
cyclicnh4 classical 3 random 0.05 0.03 0.03 0.00 0.00 7 30 6 12 5
cyclicnh7 classical 0 random 258.51 4.38 1.66 1.89 251.42 255 73446 17 1161 886
katsuranh7 classical 21 random 2.25 0.35 0.26 0.07 1.79 41 1923 7 169 128
katsuranh7 classical 28 random 2.24 0.35 0.26 0.07 1.76 41 1923 7 169 128
cyclicnh6 classical 2 random 13.55 0.90 0.60 0.42 12.10 39 1925 12 352 232
noon7 classical 12 random NA NA NA NA NA NA NA NA NA NA
f633h classical 17 random 1.39 0.58 0.54 0.08 0.67 47 977 6 214 167
f633h F4 23 random 0.59 0.06 0.04 0.07 0.40 47 977 6 2025 282
econh5 F4 12 random 0.11 0.05 0.04 0.01 0.03 17 127 9 343 49
katsuranh6 F4 9 random 0.26 0.05 0.04 0.02 0.15 22 528 6 537 123
cyclicnh5 classical 20 random 0.48 0.20 0.16 0.03 0.21 38 538 13 113 75
katsuran4 classical 23 random 0.06 0.04 0.03 0.00 0.00 7 49 4 12 5
noon7 classical 11 random NA NA NA NA NA NA NA NA NA NA
cyclicn6 classical 1 random 5.29 0.63 0.46 0.24 4.33 45 1135 9 354 255
cyclicnh7 classical 2 random 2830.45 58.27 11.53 19.37 2746.77 204 54355 19 2873 2098
cyclicn7 classical 18 random 489.45 11.04 3.91 6.69 470.36 209 27185 12 2099 1625
katsuran4 classical 18 random 0.05 0.03 0.03 0.00 0.00 7 49 4 12 5
cyclicnh7 classical 27 random 2801.16 56.42 10.32 45.13 2694.51 139 29119 13 2714 1935
noon7 F4 8 random 342.89 0.44 0.23 18.54 317.83 495 71153 13 116239 7864
katsuran4 F4 10 random 0.05 0.04 0.03 0.00 0.01 7 49 4 44 6
econ7 F4 9 random 0.42 0.04 0.04 0.07 0.27 32 747 4 1133 129
fatemanh F4 5 random 0.31 0.09 0.08 0.01 0.18 27 1009 14 471 51
katsuranh4 classical 1 random 0.06 0.04 0.03 0.00 0.00 7 49 4 12 5
fatemanh F4 1 random 0.32 0.10 0.08 0.01 0.18 27 1009 14 471 51
econ5 F4 27 random 0.08 0.04 0.03 0.01 0.02 11 84 5 151 16
katsuranh6 classical 22 random 0.40 0.12 0.11 0.02 0.24 22 528 6 70 48
econh6 classical 4 random NA NA NA NA NA NA NA NA NA NA
katsuran7 classical 4 random 2.22 0.34 0.25 0.07 1.76 41 1923 7 169 128
cyclicn6 F4 17 random 1.28 0.10 0.08 0.42 0.63 45 1135 9 1710 497
cyclicnh7 F4 1 random 61.13 0.35 0.16 7.80 48.41 443 79897 19 14430 4434
cyclicnh5 classical 26 random 0.38 0.20 0.16 0.03 0.13 12 171 7 64 34
noon7 classical 9 random NA NA NA NA NA NA NA NA NA NA
cyclicnh5 classical 14 random 0.47 0.20 0.16 0.03 0.20 38 538 13 113 75
katsuran5 classical 9 random 0.15 0.09 0.07 0.01 0.04 13 168 5 31 18
cyclicn5 classical 20 random 0.61 0.24 0.19 0.05 0.28 23 276 9 129 84
katsuran7 classical 16 random 2.24 0.34 0.26 0.07 1.78 41 1923 7 169 128
econh5 F4 9 random 0.09 0.04 0.04 0.01 0.02 17 121 7 241 66
econh5 classical 6 random 0.13 0.09 0.07 0.01 0.02 15 104 7 37 22
econh7 classical 0 random NA NA NA NA NA NA NA NA NA NA
cyclicnh4 F4 9 random 0.02 0.00 0.00 0.00 0.00 7 30 6 43 10
butcher8 classical 22 random 490.10 13.64 4.19 12.78 462.32 39 1023 4 949 450
katsuranh5 classical 27 random 0.14 0.08 0.07 0.01 0.04 13 168 5 31 18
katsuran4 F4 2 random 0.07 0.05 0.04 0.00 0.01 7 44 4 98 9
cyclicn4 F4 1 random 0.01 0.00 0.00 0.00 0.00 7 30 6 43 10
katsuranh5 classical 29 random 0.14 0.08 0.07 0.01 0.04 13 168 5 31 18
cyclicn4 F4 5 random 0.01 0.00 0.00 0.00 0.00 7 30 6 43 10
f633 classical 22 random 0.94 0.17 0.13 0.09 0.63 47 1022 4 214 167
cyclicnh5 F4 8 random 0.32 0.09 0.08 0.07 0.12 38 538 13 746 221
econh6 classical 11 random NA NA NA NA NA NA NA NA NA NA
econ5 classical 21 random 0.11 0.08 0.07 0.00 0.01 11 82 3 28 15
econ7 F4 7 random 0.45 0.05 0.04 0.07 0.28 32 747 4 1133 129
katsuran7 classical 24 random 2.26 0.34 0.26 0.07 1.79 41 1923 7 169 128
butcher8 classical 29 random 14.01 1.02 0.69 0.64 12.21 54 1796 4 420 290
katsuran7 F4 17 random 2.13 0.05 0.04 0.08 1.90 41 1923 7 1346 293
cyclicnh6 classical 13 random 29.15 1.51 0.99 0.70 26.72 68 1909 15 549 386
econ6 F4 3 random 0.15 0.05 0.04 0.02 0.06 15 205 4 387 34
cyclicnh4 F4 25 random 0.01 0.00 0.00 0.00 0.00 7 30 6 43 10
econh7 F4 9 random 67.97 0.14 0.11 0.94 66.53 54 1761 8 35814 668
econh4 classical 2 random 0.05 0.03 0.03 0.00 0.00 8 34 5 14 6
katsuran6 classical 17 random 0.41 0.13 0.11 0.02 0.24 22 528 6 70 48
katsuran6 classical 15 random 0.41 0.12 0.11 0.02 0.24 22 528 6 70 48
econ6 classical 8 random 0.26 0.13 0.11 0.01 0.09 18 232 4 61 41
econh4 classical 26 random 0.06 0.04 0.03 0.00 0.00 8 34 5 14 6
cyclicn5 F4 8 random 0.29 0.09 0.08 0.07 0.10 20 232 8 600 176
econ4 classical 16 random 0.05 0.04 0.03 0.00 0.00 7 29 2 13 6
cyclicnh5 classical 18 random 0.44 0.18 0.15 0.03 0.20 38 538 13 113 75
econ7 classical 25 random 0.96 0.15 0.12 0.07 0.70 32 747 4 153 113
katsuran5 classical 7 random 0.15 0.09 0.07 0.00 0.04 13 168 5 31 18
noon7 F4 15 random 345.24 0.44 0.24 18.53 321.09 495 71153 13 116239 7864
econ7 classical 19 random 0.97 0.16 0.12 0.07 0.70 32 747 4 153 113
katsuran7 classical 22 random 2.23 0.30 0.25 0.07 1.80 41 1923 7 169 128
fateman F4 29 random 0.59 0.10 0.08 0.04 0.39 27 1009 14 915 115
katsuran6 F4 11 random 0.25 0.04 0.04 0.02 0.16 22 528 6 537 123
econh7 classical 5 random NA NA NA NA NA NA NA NA NA NA
katsuran7 classical 0 random 2.24 0.35 0.26 0.07 1.77 41 1923 7 169 128
cyclicnh4 F4 4 random 0.02 0.00 0.00 0.00 0.00 7 30 6 43 10
econ6 F4 23 random 0.15 0.05 0.04 0.02 0.06 18 232 4 417 46
katsuran6 F4 2 random 0.25 0.04 0.04 0.02 0.15 22 528 6 537 123
econh5 classical 16 random NA NA NA NA NA NA NA NA NA NA
econh4 F4 4 random 0.05 0.04 0.03 0.00 0.00 8 34 5 31 6
econh4 F4 1 random 0.06 0.04 0.03 0.00 0.01 8 34 6 58 8
cyclicnh7 classical 6 random 139.67 3.91 1.66 1.32 133.81 211 43056 22 952 719
econ7 classical 28 random 0.95 0.15 0.11 0.07 0.69 32 747 4 153 113
katsuranh7 F4 29 random 1.49 0.06 0.04 0.08 1.25 41 1923 7 1346 293
cyclicnh7 classical 12 random 370.26 9.67 2.53 4.76 354.58 157 38786 15 1194 831
cyclicnh5 classical 27 random 0.49 0.21 0.16 0.03 0.21 38 538 13 113 75
f633h classical 25 random 0.97 0.17 0.13 0.08 0.66 47 977 6 214 167
f633 classical 9 random 1.00 0.17 0.13 0.09 0.68 47 1022 4 214 167
cyclicn4 classical 5 random 0.05 0.04 0.03 0.00 0.00 7 30 6 12 5
katsuranh4 classical 29 random 0.06 0.04 0.03 0.00 0.00 7 49 4 12 5
cyclicn7 classical 26 random 488.10 10.89 3.82 6.08 469.78 209 27185 12 2099 1625
katsuran6 F4 4 random 0.27 0.05 0.04 0.02 0.16 22 528 6 537 123
econh5 classical 5 random 85.41 4.24 2.14 11.07 69.58 16 113 8 682 359
econh5 F4 14 random 0.08 0.04 0.04 0.01 0.02 15 104 7 214 50
katsuranh5 F4 6 random 0.11 0.05 0.04 0.01 0.04 13 168 5 219 49
katsuran6 classical 28 random 0.40 0.12 0.11 0.02 0.24 22 528 6 70 48
katsuranh4 F4 0 random 0.06 0.05 0.04 0.00 0.01 7 49 4 44 6
katsuranh7 F4 7 random 0.99 0.07 0.04 0.08 0.73 41 1923 7 1346 293
cyclicn5 classical 22 random 0.45 0.19 0.15 0.03 0.20 20 232 8 113 75
katsuranh7 F4 16 random 0.96 0.05 0.04 0.08 0.73 41 1923 7 1346 293
katsuran4 F4 0 random 0.05 0.04 0.03 0.00 0.01 7 49 4 44 6
f633 classical 8 random 0.98 0.17 0.13 0.09 0.67 47 1022 4 214 167
f633h classical 2 random 0.97 0.18 0.13 0.08 0.66 47 977 6 214 167
noon7 classical 17 random NA NA NA NA NA NA NA NA NA NA
f633h classical 0 random 457.67 11.44 5.20 61.00 384.12 46 1801 9 1819 1311
katsuranh7 F4 22 random 1.00 0.05 0.04 0.09 0.76 41 1923 7 1346 293
cyclicnh5 classical 5 random 0.43 0.19 0.16 0.05 0.16 13 174 8 70 36
katsuran4 F4 20 random 0.08 0.04 0.03 0.01 0.02 5 38 5 150 10
fatemanh classical 11 random 163.08 6.49 2.73 4.84 151.14 17 875 11 809 443
econh4 classical 1 random 0.07 0.05 0.03 0.00 0.00 8 34 5 14 6
fateman F4 28 random 0.31 0.10 0.08 0.01 0.18 27 1009 14 471 51
butcher8 F4 25 random 2.56 0.13 0.10 0.95 1.29 54 1796 4 2481 612
econh7 F4 15 random 0.75 0.06 0.04 0.13 0.50 48 1190 10 1454 213
econh5 F4 15 random 0.08 0.04 0.04 0.01 0.02 14 94 6 184 48
econ5 F4 2 random 0.09 0.04 0.04 0.01 0.02 11 81 4 198 29
katsuran4 F4 9 random 0.05 0.04 0.03 0.00 0.01 7 49 4 44 6
katsuranh4 classical 12 random 0.07 0.04 0.03 0.00 0.00 7 49 4 12 5
econ5 classical 10 random 0.11 0.08 0.07 0.00 0.01 11 82 3 28 15
f633 classical 11 random 1.65 0.86 0.13 0.09 0.64 47 1022 4 214 167
econ6 F4 29 random 0.14 0.05 0.04 0.02 0.06 18 232 4 417 46
cyclicn6 classical 10 random 16.22 1.50 1.06 0.71 13.82 28 666 27 577 413
cyclicnh5 classical 13 random 0.46 0.20 0.15 0.03 0.20 38 538 13 113 75
fateman classical 16 random 0.40 0.20 0.16 0.01 0.16 27 1009 14 63 36
katsuranh7 classical 14 random 2.42 0.35 0.26 0.07 1.95 41 1923 7 169 128
cyclicn7 F4 19 random 67.17 1.12 0.40 15.95 45.58 209 27185 12 13791 4197
katsuranh7 classical 13 random 2.41 0.36 0.26 0.07 1.93 41 1923 7 169 128
econh6 classical 8 random 0.36 0.15 0.12 0.02 0.16 28 346 9 94 66
cyclicnh4 classical 24 random 0.05 0.03 0.03 0.00 0.00 7 30 6 12 5
cyclicnh4 F4 8 random 0.02 0.00 0.00 0.00 0.00 7 30 6 43 10
katsuranh6 classical 21 random 0.43 0.16 0.12 0.02 0.23 22 528 6 70 48
cyclicnh5 classical 11 random 0.46 0.20 0.16 0.04 0.19 16 221 10 78 42
katsuran7 F4 23 random 0.98 0.05 0.04 0.08 0.75 41 1923 7 1346 293
f633 F4 28 random 0.68 0.06 0.04 0.11 0.45 47 1022 4 2278 291
katsuranh6 F4 28 random 0.25 0.04 0.04 0.02 0.16 22 528 6 537 123
econ6 F4 10 random 0.13 0.04 0.04 0.02 0.06 18 232 4 417 46
econh7 F4 24 random 1.27 0.06 0.04 0.11 1.04 51 1127 10 1485 327
cyclicn4 F4 8 random 0.01 0.00 0.00 0.00 0.00 7 30 6 43 10
cyclicn4 classical 8 random 0.05 0.04 0.03 0.00 0.00 7 30 6 12 5
cyclicnh4 classical 17 random 0.05 0.03 0.03 0.00 0.00 7 30 6 12 5
cyclicnh4 classical 21 random 0.05 0.03 0.03 0.00 0.00 7 30 6 12 5
katsuranh5 F4 11 random 0.10 0.04 0.03 0.01 0.04 13 168 5 219 49
katsuran5 classical 5 random 0.33 0.12 0.11 0.03 0.16 13 172 5 59 30
katsuranh7 classical 18 random 2.44 0.36 0.26 0.07 1.97 41 1923 7 169 128
f633 classical 20 random 0.94 0.17 0.13 0.09 0.63 47 1022 4 214 167
cyclicn4 F4 6 random 0.01 0.00 0.00 0.00 0.00 7 30 6 43 10
econh5 F4 23 random 0.07 0.04 0.04 0.00 0.02 14 90 7 162 23
katsuran4 F4 24 random 0.06 0.04 0.03 0.00 0.01 7 45 4 100 9
cyclicnh7 classical 25 random 645.59 13.88 3.90 6.51 623.70 196 49559 18 1575 1127
econ7 classical 0 random 0.96 0.17 0.12 0.07 0.69 32 747 4 153 113
fateman F4 15 random 0.31 0.10 0.08 0.01 0.17 27 1009 14 471 51
katsuranh4 F4 2 random 0.06 0.05 0.04 0.00 0.01 7 49 4 44 6
katsuran5 F4 18 random 0.10 0.04 0.03 0.01 0.04 13 168 5 219 49
econh4 classical 7 random 0.06 0.04 0.03 0.00 0.00 8 34 5 14 6
cyclicn5 F4 21 random 0.33 0.08 0.07 0.10 0.11 25 301 8 654 189
econ5 F4 19 random 0.08 0.04 0.03 0.01 0.02 9 64 4 127 13
econ7 classical 11 random 0.93 0.12 0.11 0.07 0.70 32 747 4 153 113
econh6 F4 21 random 0.33 0.04 0.04 0.05 0.20 32 536 10 958 130
katsuranh4 classical 7 random 0.05 0.03 0.03 0.00 0.00 7 49 4 12 5
cyclicn7 F4 1 random 68.04 1.16 0.42 16.10 46.15 209 27185 12 13791 4197
f633h F4 12 random 0.86 0.06 0.04 0.08 0.66 52 1115 8 2537 191
fatemanh F4 17 random 0.31 0.09 0.08 0.01 0.18 27 1009 14 471 51
econ6 classical 10 random 0.25 0.12 0.10 0.01 0.09 18 232 4 61 41
econh7 classical 11 random NA NA NA NA NA NA NA NA NA NA
econh6 classical 19 random NA NA NA NA NA NA NA NA NA NA
econh4 classical 17 random 0.06 0.05 0.04 0.00 0.00 8 34 5 14 6
katsuran4 classical 5 random 0.06 0.04 0.03 0.00 0.00 7 49 4 12 5
fateman F4 16 random 0.32 0.10 0.08 0.01 0.18 27 1009 14 471 51
cyclicn6 F4 28 random 1.32 0.12 0.09 0.42 0.65 45 1135 9 1710 497
cyclicn7 F4 24 random 68.42 1.17 0.42 16.04 46.62 209 27185 12 13791 4197
katsuran7 classical 28 random 2.26 0.35 0.26 0.07 1.79 41 1923 7 169 128
cyclicnh4 F4 17 random 0.02 0.00 0.00 0.00 0.00 7 30 6 43 10
econh6 F4 8 random 0.26 0.05 0.04 0.05 0.13 26 405 8 618 100
econh7 F4 16 random 0.88 0.05 0.04 0.16 0.60 53 1532 10 1698 245
cyclicn6 F4 5 random 1.92 0.10 0.08 0.41 1.27 45 1135 9 1710 497
fateman F4 25 random 0.33 0.10 0.08 0.01 0.19 26 960 14 507 53
cyclicnh7 classical 7 random 997.62 20.38 6.00 6.02 969.43 302 86303 27 2106 1602
fateman classical 25 random 0.35 0.10 0.08 0.02 0.20 27 1012 14 68 39
cyclicnh5 classical 28 random 0.46 0.20 0.16 0.03 0.20 38 538 13 113 75
katsuran6 classical 1 random 0.42 0.15 0.12 0.02 0.23 22 528 6 70 48
econh5 classical 2 random 0.31 0.15 0.12 0.02 0.12 15 97 7 82 53
econh6 F4 24 random 0.19 0.05 0.04 0.03 0.08 28 346 9 617 132
katsuranh5 F4 14 random 0.10 0.04 0.03 0.01 0.04 13 168 5 219 49
econ5 F4 24 random 0.09 0.05 0.04 0.01 0.02 9 66 4 144 14
fatemanh classical 13 random 566.51 20.30 7.72 30.60 513.96 21 1200 11 1424 700
econ7 F4 2 random 0.43 0.05 0.05 0.07 0.27 32 747 4 1133 129
katsuran5 F4 4 random 0.11 0.05 0.04 0.01 0.04 13 168 5 219 49
katsuran7 classical 27 random 2.25 0.32 0.25 0.07 1.81 41 1923 7 169 128
katsuranh4 classical 16 random 0.05 0.03 0.03 0.00 0.00 7 49 4 12 5
econh5 classical 26 random 353.01 11.99 6.57 88.94 250.71 21 158 11 1245 589
cyclicn7 classical 10 random 495.45 11.49 4.61 6.13 476.46 209 27185 12 2099 1625
katsuranh4 F4 8 random 0.07 0.05 0.04 0.00 0.01 7 49 4 44 6
cyclicnh5 classical 16 random 0.45 0.17 0.15 0.03 0.21 38 538 13 113 75
noon7 classical 1 random NA NA NA NA NA NA NA NA NA NA
econh7 classical 4 random NA NA NA NA NA NA NA NA NA NA
econ7 classical 24 random 0.96 0.15 0.12 0.07 0.70 32 747 4 153 113
econh7 F4 19 random 1.03 0.06 0.04 0.24 0.64 63 1807 9 1806 288
katsuranh5 F4 10 random 0.11 0.05 0.04 0.01 0.04 13 168 5 219 49
noon7 classical 19 random NA NA NA NA NA NA NA NA NA NA
katsuran6 classical 20 random 0.43 0.15 0.11 0.02 0.24 22 528 6 70 48
econh7 classical 1 random NA NA NA NA NA NA NA NA NA NA
f633h F4 1 random 0.64 0.05 0.04 0.08 0.44 47 977 6 2025 282
katsuranh7 F4 26 random 1.09 0.06 0.05 0.09 0.83 41 1923 7 1346 293
econh5 F4 7 random 0.09 0.04 0.04 0.01 0.02 15 104 7 214 50
butcher8 F4 6 random 2.74 0.15 0.11 0.97 1.42 54 1796 4 2481 612
cyclicn7 F4 11 random 69.74 1.12 0.39 16.06 47.91 209 27185 12 13791 4197
cyclicn7 F4 5 random 71.19 1.21 0.42 16.16 49.14 209 27185 12 13791 4197
cyclicnh5 F4 23 random 0.34 0.10 0.09 0.07 0.13 38 538 13 746 221
katsuran5 F4 3 random 0.12 0.05 0.04 0.01 0.04 13 168 5 219 49
katsuranh6 F4 19 random 0.28 0.06 0.04 0.02 0.17 22 528 6 537 123
cyclicn4 F4 10 random 0.02 0.00 0.00 0.00 0.00 7 30 6 43 10
econh5 classical 3 random NA NA NA NA NA NA NA NA NA NA
econh6 F4 29 random 0.21 0.05 0.04 0.04 0.09 31 385 8 575 114
katsuran7 classical 29 random 2.14 0.32 0.25 0.06 1.71 41 1923 7 169 128
butcher8 F4 29 random 2.45 0.12 0.09 0.91 1.24 54 1796 4 2481 612
katsuran5 F4 9 random 0.10 0.05 0.04 0.01 0.04 13 168 5 219 49
cyclicnh6 classical 6 random 53.45 3.05 1.51 3.06 46.99 54 2864 16 581 344
katsuranh7 F4 9 random 0.93 0.05 0.04 0.08 0.70 41 1923 7 1346 293
fatemanh classical 24 random 0.68 0.26 0.21 0.03 0.36 24 857 14 87 48
econh5 F4 6 random 0.09 0.04 0.03 0.01 0.02 18 130 7 252 47
katsuranh4 F4 15 random 0.06 0.04 0.03 0.00 0.01 7 49 4 44 6
econh7 classical 20 random NA NA NA NA NA NA NA NA NA NA
katsuran4 classical 8 random 0.06 0.04 0.03 0.00 0.00 7 49 4 12 5
fateman F4 26 random 0.29 0.09 0.07 0.01 0.16 27 1009 14 471 51
cyclicn6 classical 28 random 4.76 0.57 0.41 0.22 3.88 45 1135 9 354 255
cyclicn7 F4 9 random 63.49 1.08 0.38 14.94 43.20 209 27185 12 13791 4197
f633 F4 21 random 0.74 0.06 0.04 0.11 0.51 49 1044 6 2451 207
katsuran4 classical 26 random 0.06 0.04 0.03 0.00 0.00 7 49 4 12 5
econh4 F4 0 random 0.05 0.04 0.03 0.00 0.00 8 34 5 31 6
cyclicnh7 F4 25 random 59.45 0.32 0.15 7.24 47.56 443 79897 19 14430 4434
f633h F4 3 random 0.54 0.04 0.04 0.07 0.37 47 977 6 2025 282
butcher8 F4 10 random 2.39 0.12 0.09 0.88 1.22 54 1796 4 2481 612
econ4 classical 25 random 0.05 0.04 0.03 0.00 0.00 7 29 2 13 6
katsuran5 F4 12 random 0.10 0.04 0.03 0.01 0.03 13 168 5 219 49
cyclicnh6 classical 7 random 34.10 2.15 1.63 0.78 30.93 35 1536 12 530 363
econh6 F4 28 random 0.17 0.04 0.04 0.04 0.07 29 363 8 475 110
econh5 classical 10 random 5.29 0.40 0.32 0.31 4.51 16 113 8 173 97
butcher8 F4 20 random 2.38 0.11 0.09 0.89 1.21 54 1796 4 2481 612
katsuran4 F4 1 random 0.07 0.03 0.03 0.01 0.02 5 38 7 132 8
katsuranh7 classical 2 random 2.26 0.33 0.25 0.07 1.82 41 1923 7 169 128
f633 F4 18 random 0.64 0.05 0.04 0.10 0.42 47 1022 4 2278 291
katsuranh6 F4 7 random 0.25 0.05 0.04 0.02 0.15 22 528 6 537 123
cyclicnh7 classical 23 random NA NA NA NA NA NA NA NA NA NA
econh6 F4 14 random 0.19 0.05 0.04 0.03 0.08 28 388 7 510 126
cyclicn7 F4 7 random 63.71 1.05 0.38 14.79 43.52 209 27185 12 13791 4197
f633h classical 24 random 0.89 0.17 0.12 0.07 0.60 47 977 6 214 167
katsuran4 classical 12 random 0.06 0.04 0.03 0.00 0.00 7 49 4 12 5
econh7 classical 12 random NA NA NA NA NA NA NA NA NA NA
katsuran6 F4 15 random 0.23 0.04 0.03 0.02 0.14 22 528 6 537 123
katsuran7 classical 17 random 2.08 0.31 0.24 0.06 1.66 41 1923 7 169 128
econh5 F4 21 random 0.10 0.04 0.04 0.02 0.03 19 141 7 284 49
katsuran6 F4 26 random 0.24 0.05 0.04 0.02 0.14 22 528 6 537 123
cyclicnh7 F4 23 random 59.96 0.32 0.15 7.23 48.12 443 79897 19 14430 4434
fateman F4 17 random 0.28 0.08 0.07 0.01 0.16 27 1009 14 471 51
katsuranh7 classical 24 random 2.09 0.32 0.24 0.06 1.66 41 1923 7 169 128
katsuran6 classical 23 random 0.39 0.13 0.11 0.01 0.21 22 528 6 70 48
cyclicn5 F4 16 random 0.28 0.09 0.07 0.07 0.09 20 232 8 600 176
econh5 F4 13 random 0.10 0.04 0.03 0.01 0.03 19 144 10 307 57
fateman classical 26 random 44.77 2.87 1.87 2.52 39.12 20 1096 12 634 339
econh4 classical 14 random 0.05 0.03 0.03 0.00 0.00 8 34 5 14 6
noon7 F4 5 random 319.44 0.40 0.21 16.83 297.41 495 71153 13 116239 7864
