instance reducer rep algorithm time dynamic heuristic queue reduction polynomials monomials degree sreductions zeroreductions
cyclicnh8 F4 20 random 2717.24 2.37 0.50 64.74 2597.48 1182 676462 29 97018 14472
cyclicnh8 F4 21 random 4956.94 1.70 0.29 25.16 4884.36 865 649789 20 91812 7448
cyclicnh8 classical 7 random 6103.56 82.99 10.48 33.22 5976.32 507 494742 17 3341 2584
cyclicnh8 classical 6 random 6468.27 90.66 14.06 15.32 6355.65 729 644973 24 3895 3134
cyclicnh8 F4 7 random 2667.79 2.36 0.47 65.49 2547.92 1182 676462 29 97018 14472
cyclicnh8 F4 4 random 1322.48 1.22 0.24 18.19 1275.34 670 431787 18 53616 5816
cyclicnh8 classical 12 random 2814.64 44.29 6.97 7.23 2759.10 503 470721 18 2516 1994
cyclicnh8 F4 3 random 5423.25 1.10 0.17 7.22 5389.96 422 441557 18 86664 3560
cyclicnh8 classical 21 random 11659.37 188.10 34.60 38.06 11423.61 1182 676462 29 7026 5844
cyclicnh8 classical 28 random 5655.23 84.66 10.01 14.25 5547.43 461 456931 17 3089 2379
cyclicnh8 classical 4 random 6855.08 97.75 11.51 39.81 6707.91 510 457842 19 3446 2647
cyclicnh8 F4 14 random 9228.52 1.19 0.18 7.83 9192.79 420 452181 16 96061 3632
cyclicnh8 classical 3 random 11839.82 191.44 35.09 38.16 11600.88 1182 676462 29 7026 5844
cyclicnh8 classical 13 random 4720.90 60.76 7.85 27.13 4625.36 488 386720 18 3144 2429
cyclicnh8 classical 1 random 3445.32 57.91 7.99 14.37 3368.21 456 463434 17 2606 2031
cyclicnh8 F4 6 random 2774.68 2.32 0.46 65.63 2652.73 1182 676462 29 97018 14472
cyclicnh8 classical 10 random NA NA NA NA NA NA NA NA NA NA
cyclicnh8 classical 19 random NA NA NA NA NA NA NA NA NA NA
cyclicnh8 F4 19 random 5252.19 1.96 0.30 27.71 5172.50 773 715828 21 89382 7822
cyclicnh8 classical 17 random 4298.34 75.44 10.81 11.49 4205.56 637 622140 22 3331 2689
cyclicnh8 F4 24 random 10496.45 4.63 0.58 38.90 10373.03 731 826807 23 186860 9667
cyclicnh8 F4 28 random 3014.63 2.67 0.52 67.51 2888.46 1182 676462 29 97018 14472
cyclicnh8 F4 16 random 7444.58 1.27 0.20 9.03 7404.39 449 461094 16 82854 3878
cyclicnh8 classical 0 random 10007.88 162.72 19.78 17.99 9816.91 831 869066 22 4385 3548
cyclicnh8 F4 9 random 13740.66 1.71 0.23 17.02 13670.73 668 780206 20 159940 5541
cyclicnh8 F4 0 random 7890.62 1.38 0.21 9.85 7846.63 481 506132 17 117453 4137
cyclicnh8 F4 8 random 3735.73 1.42 0.23 15.71 3679.96 627 530262 20 75488 5352
cyclicnh8 F4 11 random 2897.20 2.75 0.52 66.57 2771.46 1182 676462 29 97018 14472
cyclicnh8 F4 2 random 16000.12 1.46 0.21 9.46 15956.25 471 525284 18 122409 3980
cyclicnh8 F4 27 random 18853.48 5.82 0.67 48.41 18703.18 792 927822 24 207965 11455
cyclicnh8 classical 29 random 1982.30 32.11 4.98 6.33 1940.48 464 398220 17 2329 1851
cyclicnh8 classical 27 random 2429.57 40.83 5.83 6.36 2378.85 456 466038 18 2306 1827
cyclicnh8 classical 5 random 2269.32 40.80 6.55 7.44 2217.71 487 391094 19 2507 1989
cyclicnh8 classical 22 random 11962.56 199.67 36.10 39.68 11713.26 1182 676462 29 7026 5844
cyclicnh8 classical 14 random 11323.66 164.27 23.28 28.79 11121.13 915 901310 45 5259 4252
cyclicnh8 classical 8 random 8922.59 103.13 11.10 39.13 8766.69 535 612782 18 3464 2700
cyclicnh8 F4 15 random 2951.24 2.56 0.50 67.90 2826.74 1182 676462 29 97018 14472
cyclicnh8 classical 2 random 12065.66 193.04 34.62 38.29 11823.70 1182 676462 29 7026 5844
cyclicnh8 F4 17 random 3044.29 2.69 0.51 66.90 2918.52 1182 676462 29 97018 14472
cyclicnh8 F4 12 random 929.45 1.10 0.22 10.70 894.67 479 337264 16 36112 4337
cyclicnh8 F4 1 random 3065.96 2.57 0.51 68.05 2937.62 1182 676462 29 97018 14472
cyclicnh8 F4 25 random 8672.06 10.92 2.10 119.47 8420.84 1087 873771 41 255303 19407
cyclicnh8 classical 23 random 3582.57 60.26 8.22 8.98 3508.36 432 409238 17 2514 1936
cyclicnh8 F4 10 random 3211.18 2.71 0.51 68.54 3082.95 1182 676462 29 97018 14472
cyclicnh8 classical 20 random 11350.79 153.00 18.01 26.32 11158.28 664 672949 25 4334 3394
cyclicnh8 classical 24 random 2271.71 41.86 6.19 5.96 2219.78 453 438324 18 2245 1787
cyclicnh8 F4 29 random 8054.92 1.18 0.19 8.19 8018.08 431 427867 16 118814 3692
cyclicnh8 classical 11 random 4658.28 83.47 11.63 15.92 4552.69 517 515408 19 3004 2342
cyclicnh8 F4 5 random NA NA NA NA NA NA NA NA NA NA
cyclicnh8 F4 23 random 7909.01 1.72 0.24 19.17 7838.66 727 749359 21 124158 6202
cyclicnh8 F4 18 random 6925.68 1.40 0.24 12.58 6878.30 542 460953 18 89909 4803
cyclicnh8 F4 13 random 5111.43 1.34 0.20 8.33 5072.66 437 467727 16 77939 3728
cyclicnh8 classical 25 random 5538.54 87.23 11.78 12.07 5433.12 652 624417 25 3455 2769
cyclicnh8 F4 26 random NA NA NA NA NA NA NA NA NA NA
cyclicnh8 classical 9 random 3890.25 56.51 7.73 21.47 3806.47 467 371253 18 2742 2114
cyclicnh8 classical 26 random NA NA NA NA NA NA NA NA NA NA
cyclicnh8 F4 22 random NA NA NA NA NA NA NA NA NA NA
cyclicnh8 classical 16 random 2179.76 33.40 4.44 6.18 2136.82 415 429499 17 2152 1692
cyclicnh8 classical 15 random 3995.14 35.93 4.76 5.80 3950.01 425 467731 16 2184 1716
cyclicnh8 classical 18 random 19496.07 52.84 5.83 43.39 19390.06 418 506741 21 2859 2195
